<?xml version="1.0" encoding="UTF-8"?>
<!-- Generated by org.testng.reporters.JUnitXMLReporter -->
<testsuite ignored="5" hostname="LAPTOP-GF0QQ927" failures="0" tests="6" name="Default test" time="263.507" errors="0" timestamp="2022-11-18T17:45:34 IST">
  <testcase classname="com.emp.testcases.Dashboardtest3_Top_10_Productive_Employees_Checking_Test" name="Top_10_Productive_Employees_Test" time="19.137"/>
  <testcase classname="com.emp.testcases.Dashboardtest6_Top_10_Non_Active_Employees_Checking_Test" name="Top_10_Un_Active_Employees_Locations_Test" time="23.976"/>
  <testcase classname="com.emp.testcases.Dashboardtest5_Top_10_Active_Employees_Checking_Test" name="Top_10_Active_Employees_Test" time="23.8"/>
  <testcase classname="com.emp.testcases.Dashboardtest4_Top_10_Non_Productive_Employees_Checking_Test" name="Top_10_Non_Productive_Employees_Test" time="23.884"/>
  <testcase classname="com.emp.testcases.Dashboardtest7_Location_Performance_Checking_Test2" name="location_Performance_Checking_page_Test" time="59.709"/>
  <testcase classname="com.emp.testcases.Dashboardtest8_Department_Performance_Checking_Test" name="Department_Performance_Checking_page_Test" time="60.154"/>
  <testcase classname="com.emp.qa.base.TestBase" name="@BeforeSuite beforeSuite" time="0.0">
    <ignored/>
  </testcase> <!-- @BeforeSuite beforeSuite -->
  <testcase classname="com.emp.qa.base.TestBase" name="@BeforeSuite beforeSuite" time="0.0">
    <ignored/>
  </testcase> <!-- @BeforeSuite beforeSuite -->
  <testcase classname="com.emp.qa.base.TestBase" name="@BeforeSuite beforeSuite" time="0.0">
    <ignored/>
  </testcase> <!-- @BeforeSuite beforeSuite -->
  <testcase classname="com.emp.qa.base.TestBase" name="@BeforeSuite beforeSuite" time="0.0">
    <ignored/>
  </testcase> <!-- @BeforeSuite beforeSuite -->
  <testcase classname="com.emp.qa.base.TestBase" name="@BeforeSuite beforeSuite" time="0.0">
    <ignored/>
  </testcase> <!-- @BeforeSuite beforeSuite -->
</testsuite> <!-- Default test -->
