<?xml version="1.0" encoding="UTF-8"?>
<testng-results ignored="0" total="1" passed="1" failed="0" skipped="0">
  <reporter-output>
    <line>
      <![CDATA[<B><font color = 'orange'>Username .</font></B> Entered User ID]]>
    </line>
    <line>
      <![CDATA[<B><font color = 'orange'>Password .</font></B> Entered Password]]>
    </line>
    <line>
      <![CDATA[<B><font color = 'orange'>Sign In Button .</font></B> Clicked on Submit Button]]>
    </line>
    <line>
      <![CDATA[<B><font color = 'blue'>Step1 .</font></B> clickedonEmployeeDetails]]>
    </line>
    <line>
      <![CDATA[<B><font color = 'blue'>Step2 .</font></B> clickedonRegisterEmployee]]>
    </line>
    <line>
      <![CDATA[<B><font color = 'blue'>Step3 .</font></B> clickedonFirstname]]>
    </line>
    <line>
      <![CDATA[<B><font color = 'blue'>Step4 .</font></B> Lastname]]>
    </line>
    <line>
      <![CDATA[<B><font color = 'blue'>Step5 .</font></B> clickedonemail]]>
    </line>
    <line>
      <![CDATA[<B><font color = 'blue'>Step6 .</font></B> clicked on password]]>
    </line>
    <line>
      <![CDATA[<B><font color = 'blue'>Step7 .</font></B> clickedonconfirmpassword]]>
    </line>
    <line>
      <![CDATA[<B><font color = 'blue'>Step8 .</font></B> clicked on Mobilenumber]]>
    </line>
    <line>
      <![CDATA[<B><font color = 'blue'>Step9 .</font></B> clickedonEmployeecode]]>
    </line>
    <line>
      <![CDATA[<B><font color = 'blue'>Step10 .</font></B> clickedonLocation]]>
    </line>
    <line>
      <![CDATA[<B><font color = 'blue'>Step11.</font></B> clicked on Role]]>
    </line>
    <line>
      <![CDATA[<B><font color = 'blue'>Step12.</font></B> clickedonDepartment]]>
    </line>
    <line>
      <![CDATA[<B><font color = 'blue'>Step13.</font></B> clickedonDateofjoining]]>
    </line>
    <line>
      <![CDATA[<B><font color = 'blue'>Step14.</font></B> clickedonTimezone]]>
    </line>
    <line>
      <![CDATA[<B><font color = 'blue'>Step15.</font></B> clicke on AsiaKolkata]]>
    </line>
    <line>
      <![CDATA[<B><font color = 'blue'>Step16.</font></B> clickedonselectshift]]>
    </line>
    <line>
      <![CDATA[<B><font color = 'blue'>Step17.</font></B> clickedonAddress]]>
    </line>
    <line>
      <![CDATA[<B><font color = 'blue'>Step18.</font></B> clickedonRegister]]>
    </line>
  </reporter-output>
  <suite started-at="2022-09-08T11:39:36 IST" name="Default suite" finished-at="2022-09-08T11:40:57 IST" duration-ms="80711">
    <groups>
    </groups>
    <test started-at="2022-09-08T11:39:36 IST" name="Default test" finished-at="2022-09-08T11:40:57 IST" duration-ms="80711">
      <class name="com.emp.testcases.RegisterEmployeeTest">
        <test-method is-config="true" signature="beforeSuite()[pri:0, instance:com.emp.testcases.RegisterEmployeeTest@503d687a]" started-at="2022-09-08T11:39:36 IST" name="beforeSuite" finished-at="2022-09-08T11:39:36 IST" duration-ms="14" status="PASS">
          <reporter-output>
          </reporter-output>
        </test-method> <!-- beforeSuite -->
        <test-method is-config="true" signature="initialization()[pri:0, instance:com.emp.testcases.RegisterEmployeeTest@503d687a]" started-at="2022-09-08T11:39:36 IST" name="initialization" finished-at="2022-09-08T11:39:46 IST" duration-ms="9289" status="PASS">
          <reporter-output>
          </reporter-output>
        </test-method> <!-- initialization -->
        <test-method is-config="true" signature="setUp()[pri:0, instance:com.emp.testcases.RegisterEmployeeTest@503d687a]" started-at="2022-09-08T11:39:46 IST" name="setUp" finished-at="2022-09-08T11:39:51 IST" duration-ms="4914" status="PASS">
          <reporter-output>
            <line>
              <![CDATA[<B><font color = 'orange'>Username .</font></B> Entered User ID]]>
            </line>
            <line>
              <![CDATA[<B><font color = 'orange'>Password .</font></B> Entered Password]]>
            </line>
            <line>
              <![CDATA[<B><font color = 'orange'>Sign In Button .</font></B> Clicked on Submit Button]]>
            </line>
          </reporter-output>
        </test-method> <!-- setUp -->
        <test-method signature="RegisterEmployeeTest()[pri:0, instance:com.emp.testcases.RegisterEmployeeTest@503d687a]" started-at="2022-09-08T11:39:51 IST" name="RegisterEmployeeTest" finished-at="2022-09-08T11:40:57 IST" duration-ms="66465" status="PASS">
          <reporter-output>
            <line>
              <![CDATA[<B><font color = 'blue'>Step1 .</font></B> clickedonEmployeeDetails]]>
            </line>
            <line>
              <![CDATA[<B><font color = 'blue'>Step2 .</font></B> clickedonRegisterEmployee]]>
            </line>
            <line>
              <![CDATA[<B><font color = 'blue'>Step3 .</font></B> clickedonFirstname]]>
            </line>
            <line>
              <![CDATA[<B><font color = 'blue'>Step4 .</font></B> Lastname]]>
            </line>
            <line>
              <![CDATA[<B><font color = 'blue'>Step5 .</font></B> clickedonemail]]>
            </line>
            <line>
              <![CDATA[<B><font color = 'blue'>Step6 .</font></B> clicked on password]]>
            </line>
            <line>
              <![CDATA[<B><font color = 'blue'>Step7 .</font></B> clickedonconfirmpassword]]>
            </line>
            <line>
              <![CDATA[<B><font color = 'blue'>Step8 .</font></B> clicked on Mobilenumber]]>
            </line>
            <line>
              <![CDATA[<B><font color = 'blue'>Step9 .</font></B> clickedonEmployeecode]]>
            </line>
            <line>
              <![CDATA[<B><font color = 'blue'>Step10 .</font></B> clickedonLocation]]>
            </line>
            <line>
              <![CDATA[<B><font color = 'blue'>Step11.</font></B> clicked on Role]]>
            </line>
            <line>
              <![CDATA[<B><font color = 'blue'>Step12.</font></B> clickedonDepartment]]>
            </line>
            <line>
              <![CDATA[<B><font color = 'blue'>Step13.</font></B> clickedonDateofjoining]]>
            </line>
            <line>
              <![CDATA[<B><font color = 'blue'>Step14.</font></B> clickedonTimezone]]>
            </line>
            <line>
              <![CDATA[<B><font color = 'blue'>Step15.</font></B> clicke on AsiaKolkata]]>
            </line>
            <line>
              <![CDATA[<B><font color = 'blue'>Step16.</font></B> clickedonselectshift]]>
            </line>
            <line>
              <![CDATA[<B><font color = 'blue'>Step17.</font></B> clickedonAddress]]>
            </line>
            <line>
              <![CDATA[<B><font color = 'blue'>Step18.</font></B> clickedonRegister]]>
            </line>
          </reporter-output>
        </test-method> <!-- RegisterEmployeeTest -->
        <test-method is-config="true" signature="tearDown(org.testng.ITestResult)[pri:0, instance:com.emp.testcases.RegisterEmployeeTest@503d687a]" started-at="2022-09-08T11:40:57 IST" name="tearDown" finished-at="2022-09-08T11:40:57 IST" duration-ms="2" status="PASS">
          <params>
            <param index="0">
              <value>
                <![CDATA[[TestResult name=RegisterEmployeeTest status=SUCCESS method=RegisterEmployeeTest.RegisterEmployeeTest()[pri:0, instance:com.emp.testcases.RegisterEmployeeTest@503d687a] output=<B><font color = 'blue'>Step1 .</font></B> clickedonEmployeeDetails]]]>
              </value>
            </param>
          </params>
          <reporter-output>
          </reporter-output>
        </test-method> <!-- tearDown -->
      </class> <!-- com.emp.testcases.RegisterEmployeeTest -->
    </test> <!-- Default test -->
  </suite> <!-- Default suite -->
</testng-results>
