<?xml version="1.0" encoding="UTF-8"?>
<testng-results ignored="0" total="1" passed="0" failed="1" skipped="0">
  <reporter-output>
    <line>
      <![CDATA[<B><font color = 'orange'>Username .</font></B> Entered User ID]]>
    </line>
    <line>
      <![CDATA[<B><font color = 'orange'>Password .</font></B> Entered Password]]>
    </line>
    <line>
      <![CDATA[<B><font color = 'orange'>Sign In Button .</font></B> Clicked on Submit Button]]>
    </line>
    <line>
      <![CDATA[<B><font color = 'blue'>Step1 .</font></B> Clicked on TotalEnrollments ]]>
    </line>
    <line>
      <![CDATA[<B><font color = 'blue'>Step2 .</font></B> Clicked on TotalEnrollments_csvButton ]]>
    </line>
    <line>
      <![CDATA[<B><font color = 'blue'>Step3 .</font></B> Clicked on TotalEnrollments_CloseButtton ]]>
    </line>
    <line>
      <![CDATA[<B><font color = 'blue'>Step4 .</font></B> Clicked on CurrentlyACtive ]]>
    </line>
    <line>
      <![CDATA[<B><font color = 'blue'>Step5 .</font></B> Clicked on CurrentlyACtive_CsvButton ]]>
    </line>
    <line>
      <![CDATA[<B><font color = 'blue'>Step6 .</font></B> Clicked on CurrentlyACtive_Close_Button ]]>
    </line>
    <line>
      <![CDATA[<B><font color = 'blue'>Step7 .</font></B> Clicked on CurrentlyIdle ]]>
    </line>
    <line>
      <![CDATA[<B><font color = 'blue'>Step8 .</font></B> Clicked on CurrentlyIdle_csv_Button ]]>
    </line>
    <line>
      <![CDATA[<B><font color = 'blue'>Step9 .</font></B> Clicked on CurrentlyIdle_close_Button ]]>
    </line>
    <line>
      <![CDATA[<B><font color = 'blue'>Step10 .</font></B> Clicked on Currently_Offline ]]>
    </line>
    <line>
      <![CDATA[<B><font color = 'blue'>Step11 .</font></B> Clicked on Currently_offline_csv_Button ]]>
    </line>
    <line>
      <![CDATA[<B><font color = 'blue'>Step12 .</font></B> Clicked on Currentlyoffline_close_Button ]]>
    </line>
    <line>
      <![CDATA[<br><img src='C:\EMP Monitor\Emp_Monitor\screenshots\DashBoardTest2022-09-08_15-08-41.png  'height ='250' width='250' /><br>]]>
    </line>
    <line>
      <![CDATA[<a href=\C:\EMP Monitor\Emp_Monitor\screenshots\DashBoardTest2022-09-08_15-08-41.png><img src=C:\EMP Monitor\Emp_Monitor\screenshots\DashBoardTest2022-09-08_15-08-41.png  height ='250'  width='250'/> </a>]]>
    </line>
  </reporter-output>
  <suite started-at="2022-09-08T15:06:50 IST" name="Default suite" finished-at="2022-09-08T15:08:41 IST" duration-ms="110609">
    <groups>
    </groups>
    <test started-at="2022-09-08T15:06:50 IST" name="Default test" finished-at="2022-09-08T15:08:41 IST" duration-ms="110609">
      <class name="com.emp.testcases.DashBoardTest">
        <test-method is-config="true" signature="beforeSuite()[pri:0, instance:com.emp.testcases.DashBoardTest@503d687a]" started-at="2022-09-08T15:06:50 IST" name="beforeSuite" finished-at="2022-09-08T15:06:50 IST" duration-ms="14" status="PASS">
          <reporter-output>
          </reporter-output>
        </test-method> <!-- beforeSuite -->
        <test-method is-config="true" signature="initialization()[pri:0, instance:com.emp.testcases.DashBoardTest@503d687a]" started-at="2022-09-08T15:06:50 IST" name="initialization" finished-at="2022-09-08T15:06:59 IST" duration-ms="8174" status="PASS">
          <reporter-output>
          </reporter-output>
        </test-method> <!-- initialization -->
        <test-method is-config="true" signature="setUp()[pri:0, instance:com.emp.testcases.DashBoardTest@503d687a]" started-at="2022-09-08T15:06:59 IST" name="setUp" finished-at="2022-09-08T15:07:03 IST" duration-ms="4793" status="PASS">
          <reporter-output>
            <line>
              <![CDATA[<B><font color = 'orange'>Username .</font></B> Entered User ID]]>
            </line>
            <line>
              <![CDATA[<B><font color = 'orange'>Password .</font></B> Entered Password]]>
            </line>
            <line>
              <![CDATA[<B><font color = 'orange'>Sign In Button .</font></B> Clicked on Submit Button]]>
            </line>
          </reporter-output>
        </test-method> <!-- setUp -->
        <test-method signature="DashBoardTest()[pri:0, instance:com.emp.testcases.DashBoardTest@503d687a]" started-at="2022-09-08T15:07:03 IST" name="DashBoardTest" finished-at="2022-09-08T15:08:41 IST" duration-ms="97218" status="FAIL">
          <exception class="org.openqa.selenium.ElementClickInterceptedException">
            <message>
              <![CDATA[element click intercepted: Element <h3 class="ds-stat-number" id="idle-employees" style="border: solid 2px white">...</h3> is not clickable at point (1184, 202). Other element would receive the click: <div class="modal-backdrop fade"></div>
  (Session info: chrome=105.0.5195.102)
Build info: version: '4.0.0-alpha-7', revision: 'de8579b6d5'
System info: host: 'LAPTOP-GF0QQ927', ip: '192.168.207.137', os.name: 'Windows 11', os.arch: 'amd64', os.version: '10.0', java.version: '18.0.1.1'
Driver info: org.openqa.selenium.chrome.ChromeDriver
Capabilities {acceptInsecureCerts: false, browserName: chrome, browserVersion: 105.0.5195.102, chrome: {chromedriverVersion: 105.0.5195.52 (412c95e51883..., userDataDir: C:\Users\Official\AppData\L...}, goog:chromeOptions: {debuggerAddress: localhost:63881}, javascriptEnabled: true, networkConnectionEnabled: false, pageLoadStrategy: normal, platform: WINDOWS, platformName: WINDOWS, proxy: Proxy(), setWindowRect: true, strictFileInteractability: false, timeouts: {implicit: 0, pageLoad: 300000, script: 30000}, unhandledPromptBehavior: dismiss and notify, webauthn:extension:credBlob: true, webauthn:extension:largeBlob: true, webauthn:virtualAuthenticators: true}
Session ID: 65a8ad74b30bdd3eb7dc0aef83a18e8e]]>
            </message>
            <full-stacktrace>
              <![CDATA[org.openqa.selenium.ElementClickInterceptedException: element click intercepted: Element <h3 class="ds-stat-number" id="idle-employees" style="border: solid 2px white">...</h3> is not clickable at point (1184, 202). Other element would receive the click: <div class="modal-backdrop fade"></div>
  (Session info: chrome=105.0.5195.102)
Build info: version: '4.0.0-alpha-7', revision: 'de8579b6d5'
System info: host: 'LAPTOP-GF0QQ927', ip: '192.168.207.137', os.name: 'Windows 11', os.arch: 'amd64', os.version: '10.0', java.version: '18.0.1.1'
Driver info: org.openqa.selenium.chrome.ChromeDriver
Capabilities {acceptInsecureCerts: false, browserName: chrome, browserVersion: 105.0.5195.102, chrome: {chromedriverVersion: 105.0.5195.52 (412c95e51883..., userDataDir: C:\Users\Official\AppData\L...}, goog:chromeOptions: {debuggerAddress: localhost:63881}, javascriptEnabled: true, networkConnectionEnabled: false, pageLoadStrategy: normal, platform: WINDOWS, platformName: WINDOWS, proxy: Proxy(), setWindowRect: true, strictFileInteractability: false, timeouts: {implicit: 0, pageLoad: 300000, script: 30000}, unhandledPromptBehavior: dismiss and notify, webauthn:extension:credBlob: true, webauthn:extension:largeBlob: true, webauthn:virtualAuthenticators: true}
Session ID: 65a8ad74b30bdd3eb7dc0aef83a18e8e
at java.base/jdk.internal.reflect.DirectConstructorHandleAccessor.newInstance(DirectConstructorHandleAccessor.java:67)
at java.base/java.lang.reflect.Constructor.newInstanceWithCaller(Constructor.java:499)
at java.base/java.lang.reflect.Constructor.newInstance(Constructor.java:483)
at org.openqa.selenium.remote.codec.w3c.W3CHttpResponseCodec.createException(W3CHttpResponseCodec.java:196)
at org.openqa.selenium.remote.codec.w3c.W3CHttpResponseCodec.decode(W3CHttpResponseCodec.java:129)
at org.openqa.selenium.remote.codec.w3c.W3CHttpResponseCodec.decode(W3CHttpResponseCodec.java:53)
at org.openqa.selenium.remote.HttpCommandExecutor.execute(HttpCommandExecutor.java:167)
at org.openqa.selenium.remote.service.DriverCommandExecutor.execute(DriverCommandExecutor.java:123)
at org.openqa.selenium.remote.RemoteWebDriver.execute(RemoteWebDriver.java:501)
at org.openqa.selenium.remote.RemoteWebElement.execute(RemoteWebElement.java:238)
at org.openqa.selenium.remote.RemoteWebElement.click(RemoteWebElement.java:79)
at java.base/jdk.internal.reflect.DirectMethodHandleAccessor.invoke(DirectMethodHandleAccessor.java:104)
at java.base/java.lang.reflect.Method.invoke(Method.java:577)
at org.openqa.selenium.support.pagefactory.internal.LocatingElementHandler.invoke(LocatingElementHandler.java:52)
at jdk.proxy2/jdk.proxy2.$Proxy22.click(Unknown Source)
at com.emp.qa.pages.DashBoardPage.DashBoardPage(DashBoardPage.java:303)
at com.emp.testcases.DashBoardTest.DashBoardTest(DashBoardTest.java:23)
at java.base/jdk.internal.reflect.DirectMethodHandleAccessor.invoke(DirectMethodHandleAccessor.java:104)
at java.base/java.lang.reflect.Method.invoke(Method.java:577)
at org.testng.internal.MethodInvocationHelper.invokeMethod(MethodInvocationHelper.java:133)
at org.testng.internal.TestInvoker.invokeMethod(TestInvoker.java:598)
at org.testng.internal.TestInvoker.invokeTestMethod(TestInvoker.java:173)
at org.testng.internal.MethodRunner.runInSequence(MethodRunner.java:46)
at org.testng.internal.TestInvoker$MethodInvocationAgent.invoke(TestInvoker.java:824)
at org.testng.internal.TestInvoker.invokeTestMethods(TestInvoker.java:146)
at org.testng.internal.TestMethodWorker.invokeTestMethods(TestMethodWorker.java:146)
at org.testng.internal.TestMethodWorker.run(TestMethodWorker.java:128)
at java.base/java.util.ArrayList.forEach(ArrayList.java:1511)
at org.testng.TestRunner.privateRun(TestRunner.java:794)
at org.testng.TestRunner.run(TestRunner.java:596)
at org.testng.SuiteRunner.runTest(SuiteRunner.java:377)
at org.testng.SuiteRunner.runSequentially(SuiteRunner.java:371)
at org.testng.SuiteRunner.privateRun(SuiteRunner.java:332)
at org.testng.SuiteRunner.run(SuiteRunner.java:276)
at org.testng.SuiteRunnerWorker.runSuite(SuiteRunnerWorker.java:53)
at org.testng.SuiteRunnerWorker.run(SuiteRunnerWorker.java:96)
at org.testng.TestNG.runSuitesSequentially(TestNG.java:1212)
at org.testng.TestNG.runSuitesLocally(TestNG.java:1134)
at org.testng.TestNG.runSuites(TestNG.java:1063)
at org.testng.TestNG.run(TestNG.java:1031)
at org.testng.remote.AbstractRemoteTestNG.run(AbstractRemoteTestNG.java:115)
at org.testng.remote.RemoteTestNG.initAndRun(RemoteTestNG.java:251)
at org.testng.remote.RemoteTestNG.main(RemoteTestNG.java:77)
]]>
            </full-stacktrace>
          </exception> <!-- org.openqa.selenium.ElementClickInterceptedException -->
          <reporter-output>
            <line>
              <![CDATA[<B><font color = 'blue'>Step1 .</font></B> Clicked on TotalEnrollments ]]>
            </line>
            <line>
              <![CDATA[<B><font color = 'blue'>Step2 .</font></B> Clicked on TotalEnrollments_csvButton ]]>
            </line>
            <line>
              <![CDATA[<B><font color = 'blue'>Step3 .</font></B> Clicked on TotalEnrollments_CloseButtton ]]>
            </line>
            <line>
              <![CDATA[<B><font color = 'blue'>Step4 .</font></B> Clicked on CurrentlyACtive ]]>
            </line>
            <line>
              <![CDATA[<B><font color = 'blue'>Step5 .</font></B> Clicked on CurrentlyACtive_CsvButton ]]>
            </line>
            <line>
              <![CDATA[<B><font color = 'blue'>Step6 .</font></B> Clicked on CurrentlyACtive_Close_Button ]]>
            </line>
            <line>
              <![CDATA[<B><font color = 'blue'>Step7 .</font></B> Clicked on CurrentlyIdle ]]>
            </line>
            <line>
              <![CDATA[<B><font color = 'blue'>Step8 .</font></B> Clicked on CurrentlyIdle_csv_Button ]]>
            </line>
            <line>
              <![CDATA[<B><font color = 'blue'>Step9 .</font></B> Clicked on CurrentlyIdle_close_Button ]]>
            </line>
            <line>
              <![CDATA[<B><font color = 'blue'>Step10 .</font></B> Clicked on Currently_Offline ]]>
            </line>
            <line>
              <![CDATA[<B><font color = 'blue'>Step11 .</font></B> Clicked on Currently_offline_csv_Button ]]>
            </line>
            <line>
              <![CDATA[<B><font color = 'blue'>Step12 .</font></B> Clicked on Currentlyoffline_close_Button ]]>
            </line>
          </reporter-output>
        </test-method> <!-- DashBoardTest -->
        <test-method is-config="true" signature="tearDown(org.testng.ITestResult)[pri:0, instance:com.emp.testcases.DashBoardTest@503d687a]" started-at="2022-09-08T15:08:41 IST" name="tearDown" finished-at="2022-09-08T15:08:41 IST" duration-ms="396" status="PASS">
          <params>
            <param index="0">
              <value>
                <![CDATA[[TestResult name=DashBoardTest status=FAILURE method=DashBoardTest.DashBoardTest()[pri:0, instance:com.emp.testcases.DashBoardTest@503d687a] output=<B><font color = 'blue'>Step1 .</font></B> Clicked on TotalEnrollments ]]]>
              </value>
            </param>
          </params>
          <reporter-output>
            <line>
              <![CDATA[<br><img src='C:\EMP Monitor\Emp_Monitor\screenshots\DashBoardTest2022-09-08_15-08-41.png  'height ='250' width='250' /><br>]]>
            </line>
            <line>
              <![CDATA[<a href=\C:\EMP Monitor\Emp_Monitor\screenshots\DashBoardTest2022-09-08_15-08-41.png><img src=C:\EMP Monitor\Emp_Monitor\screenshots\DashBoardTest2022-09-08_15-08-41.png  height ='250'  width='250'/> </a>]]>
            </line>
          </reporter-output>
        </test-method> <!-- tearDown -->
      </class> <!-- com.emp.testcases.DashBoardTest -->
    </test> <!-- Default test -->
  </suite> <!-- Default suite -->
</testng-results>
