<?xml version="1.0" encoding="UTF-8"?>
<testng-results ignored="0" total="1" passed="1" failed="0" skipped="0">
  <reporter-output>
    <line>
      <![CDATA[<B><font color = 'orange'>Username .</font></B> Entered User ID]]>
    </line>
    <line>
      <![CDATA[<B><font color = 'orange'>Password .</font></B> Entered Password]]>
    </line>
    <line>
      <![CDATA[<B><font color = 'orange'>Sign In Button .</font></B> Clicked on Submit Button]]>
    </line>
    <line>
      <![CDATA[<B><font color = 'blue'>Step1 .</font></B> clicked on EmployeeDetails]]>
    </line>
    <line>
      <![CDATA[<B><font color = 'blue'>Step2 .</font></B> clicked on SuspendedEmployeesButton]]>
    </line>
    <line>
      <![CDATA[<B><font color = 'blue'>Step3 .</font></B> clicked on SelectallSuspendedCheckbox]]>
    </line>
    <line>
      <![CDATA[<B><font color = 'blue'>Step4 .</font></B> clicked on ActiveButton]]>
    </line>
    <line>
      <![CDATA[<B><font color = 'blue'>Step5 .</font></B> clicked on Button and Activated Employees ]]>
    </line>
  </reporter-output>
  <suite started-at="2022-09-16T15:22:52 IST" name="Default suite" finished-at="2022-09-16T15:23:28 IST" duration-ms="35898">
    <groups>
    </groups>
    <test started-at="2022-09-16T15:22:52 IST" name="Default test" finished-at="2022-09-16T15:23:28 IST" duration-ms="35898">
      <class name="com.emp.testcases.ActivatingSuspendedEmployeesTest">
        <test-method is-config="true" signature="beforeSuite()[pri:0, instance:com.emp.testcases.ActivatingSuspendedEmployeesTest@503d687a]" started-at="2022-09-16T15:22:52 IST" name="beforeSuite" finished-at="2022-09-16T15:22:52 IST" duration-ms="37" status="PASS">
          <reporter-output>
          </reporter-output>
        </test-method> <!-- beforeSuite -->
        <test-method is-config="true" signature="initialization()[pri:0, instance:com.emp.testcases.ActivatingSuspendedEmployeesTest@503d687a]" started-at="2022-09-16T15:22:52 IST" name="initialization" finished-at="2022-09-16T15:22:58 IST" duration-ms="6368" status="PASS">
          <reporter-output>
          </reporter-output>
        </test-method> <!-- initialization -->
        <test-method is-config="true" signature="setUp()[pri:0, instance:com.emp.testcases.ActivatingSuspendedEmployeesTest@503d687a]" started-at="2022-09-16T15:22:58 IST" name="setUp" finished-at="2022-09-16T15:23:03 IST" duration-ms="5017" status="PASS">
          <reporter-output>
            <line>
              <![CDATA[<B><font color = 'orange'>Username .</font></B> Entered User ID]]>
            </line>
            <line>
              <![CDATA[<B><font color = 'orange'>Password .</font></B> Entered Password]]>
            </line>
            <line>
              <![CDATA[<B><font color = 'orange'>Sign In Button .</font></B> Clicked on Submit Button]]>
            </line>
          </reporter-output>
        </test-method> <!-- setUp -->
        <test-method signature="EmployeeRoleUpdateTest()[pri:0, instance:com.emp.testcases.ActivatingSuspendedEmployeesTest@503d687a]" started-at="2022-09-16T15:23:03 IST" name="EmployeeRoleUpdateTest" finished-at="2022-09-16T15:23:27 IST" duration-ms="24051" status="PASS">
          <reporter-output>
            <line>
              <![CDATA[<B><font color = 'blue'>Step1 .</font></B> clicked on EmployeeDetails]]>
            </line>
            <line>
              <![CDATA[<B><font color = 'blue'>Step2 .</font></B> clicked on SuspendedEmployeesButton]]>
            </line>
            <line>
              <![CDATA[<B><font color = 'blue'>Step3 .</font></B> clicked on SelectallSuspendedCheckbox]]>
            </line>
            <line>
              <![CDATA[<B><font color = 'blue'>Step4 .</font></B> clicked on ActiveButton]]>
            </line>
            <line>
              <![CDATA[<B><font color = 'blue'>Step5 .</font></B> clicked on Button and Activated Employees ]]>
            </line>
          </reporter-output>
        </test-method> <!-- EmployeeRoleUpdateTest -->
        <test-method is-config="true" signature="tearDown(org.testng.ITestResult)[pri:0, instance:com.emp.testcases.ActivatingSuspendedEmployeesTest@503d687a]" started-at="2022-09-16T15:23:27 IST" name="tearDown" finished-at="2022-09-16T15:23:28 IST" duration-ms="412" status="PASS">
          <params>
            <param index="0">
              <value>
                <![CDATA[[TestResult name=EmployeeRoleUpdateTest status=SUCCESS method=ActivatingSuspendedEmployeesTest.EmployeeRoleUpdateTest()[pri:0, instance:com.emp.testcases.ActivatingSuspendedEmployeesTest@503d687a] output=<B><font color = 'blue'>Step1 .</font></B> clicked on EmployeeDetails]]]>
              </value>
            </param>
          </params>
          <reporter-output>
          </reporter-output>
        </test-method> <!-- tearDown -->
      </class> <!-- com.emp.testcases.ActivatingSuspendedEmployeesTest -->
    </test> <!-- Default test -->
  </suite> <!-- Default suite -->
</testng-results>
