<?xml version="1.0" encoding="UTF-8"?>
<testng-results ignored="0" total="1" passed="0" failed="1" skipped="0">
  <reporter-output>
    <line>
      <![CDATA[<B><font color = 'orange'>Username .</font></B> Entered User ID]]>
    </line>
    <line>
      <![CDATA[<B><font color = 'orange'>Password .</font></B> Entered Password]]>
    </line>
    <line>
      <![CDATA[<B><font color = 'orange'>Sign In Button .</font></B> Clicked on Submit Button]]>
    </line>
    <line>
      <![CDATA[<br><img src='C:\Users\Dell\git\Emp_Monitor\screenshots\EmployeeRoleUpdateTest2022-09-19_13-21-23.png  'height ='250' width='250' /><br>]]>
    </line>
    <line>
      <![CDATA[<a href=\C:\Users\Dell\git\Emp_Monitor\screenshots\EmployeeRoleUpdateTest2022-09-19_13-21-23.png><img src=C:\Users\Dell\git\Emp_Monitor\screenshots\EmployeeRoleUpdateTest2022-09-19_13-21-23.png  height ='250'  width='250'/> </a>]]>
    </line>
  </reporter-output>
  <suite started-at="2022-09-19T13:21:02 IST" name="Default suite" finished-at="2022-09-19T13:21:24 IST" duration-ms="21593">
    <groups>
    </groups>
    <test started-at="2022-09-19T13:21:02 IST" name="Default test" finished-at="2022-09-19T13:21:24 IST" duration-ms="21593">
      <class name="com.emp.testcases.TrelloIntegrationTest">
        <test-method is-config="true" signature="beforeSuite()[pri:0, instance:com.emp.testcases.TrelloIntegrationTest@503d687a]" started-at="2022-09-19T13:21:02 IST" name="beforeSuite" finished-at="2022-09-19T13:21:02 IST" duration-ms="23" status="PASS">
          <reporter-output>
          </reporter-output>
        </test-method> <!-- beforeSuite -->
        <test-method is-config="true" signature="initialization()[pri:0, instance:com.emp.testcases.TrelloIntegrationTest@503d687a]" started-at="2022-09-19T13:21:02 IST" name="initialization" finished-at="2022-09-19T13:21:09 IST" duration-ms="6619" status="PASS">
          <reporter-output>
          </reporter-output>
        </test-method> <!-- initialization -->
        <test-method is-config="true" signature="setUp()[pri:0, instance:com.emp.testcases.TrelloIntegrationTest@503d687a]" started-at="2022-09-19T13:21:09 IST" name="setUp" finished-at="2022-09-19T13:21:14 IST" duration-ms="5002" status="PASS">
          <reporter-output>
            <line>
              <![CDATA[<B><font color = 'orange'>Username .</font></B> Entered User ID]]>
            </line>
            <line>
              <![CDATA[<B><font color = 'orange'>Password .</font></B> Entered Password]]>
            </line>
            <line>
              <![CDATA[<B><font color = 'orange'>Sign In Button .</font></B> Clicked on Submit Button]]>
            </line>
          </reporter-output>
        </test-method> <!-- setUp -->
        <test-method signature="EmployeeRoleUpdateTest()[pri:0, instance:com.emp.testcases.TrelloIntegrationTest@503d687a]" started-at="2022-09-19T13:21:14 IST" name="EmployeeRoleUpdateTest" finished-at="2022-09-19T13:21:23 IST" duration-ms="9346" status="FAIL">
          <exception class="org.openqa.selenium.NoSuchElementException">
            <message>
              <![CDATA[no such element: Unable to locate element: {"method":"xpath","selector":"a[title='Integrations']"}
  (Session info: chrome=105.0.5195.102)
For documentation on this error, please visit: https://selenium.dev/exceptions/#no_such_element
Build info: version: '4.0.0-alpha-7', revision: 'de8579b6d5'
System info: host: 'DESKTOP-Q7KOQDL', ip: '192.168.100.232', os.name: 'Windows 10', os.arch: 'amd64', os.version: '10.0', java.version: '18.0.1.1'
Driver info: org.openqa.selenium.chrome.ChromeDriver
Capabilities {acceptInsecureCerts: false, browserName: chrome, browserVersion: 105.0.5195.102, chrome: {chromedriverVersion: 105.0.5195.52 (412c95e51883..., userDataDir: C:\Users\Dell\AppData\Local...}, goog:chromeOptions: {debuggerAddress: localhost:61985}, javascriptEnabled: true, networkConnectionEnabled: false, pageLoadStrategy: normal, platform: WINDOWS, platformName: WINDOWS, proxy: Proxy(), setWindowRect: true, strictFileInteractability: false, timeouts: {implicit: 0, pageLoad: 300000, script: 30000}, unhandledPromptBehavior: dismiss and notify, webauthn:extension:credBlob: true, webauthn:extension:largeBlob: true, webauthn:virtualAuthenticators: true}
Session ID: cd83324802ea41c2f5ea41f88ad91b21
*** Element info: {Using=xpath, value=a[title='Integrations']}]]>
            </message>
            <full-stacktrace>
              <![CDATA[org.openqa.selenium.NoSuchElementException: no such element: Unable to locate element: {"method":"xpath","selector":"a[title='Integrations']"}
  (Session info: chrome=105.0.5195.102)
For documentation on this error, please visit: https://selenium.dev/exceptions/#no_such_element
Build info: version: '4.0.0-alpha-7', revision: 'de8579b6d5'
System info: host: 'DESKTOP-Q7KOQDL', ip: '192.168.100.232', os.name: 'Windows 10', os.arch: 'amd64', os.version: '10.0', java.version: '18.0.1.1'
Driver info: org.openqa.selenium.chrome.ChromeDriver
Capabilities {acceptInsecureCerts: false, browserName: chrome, browserVersion: 105.0.5195.102, chrome: {chromedriverVersion: 105.0.5195.52 (412c95e51883..., userDataDir: C:\Users\Dell\AppData\Local...}, goog:chromeOptions: {debuggerAddress: localhost:61985}, javascriptEnabled: true, networkConnectionEnabled: false, pageLoadStrategy: normal, platform: WINDOWS, platformName: WINDOWS, proxy: Proxy(), setWindowRect: true, strictFileInteractability: false, timeouts: {implicit: 0, pageLoad: 300000, script: 30000}, unhandledPromptBehavior: dismiss and notify, webauthn:extension:credBlob: true, webauthn:extension:largeBlob: true, webauthn:virtualAuthenticators: true}
Session ID: cd83324802ea41c2f5ea41f88ad91b21
*** Element info: {Using=xpath, value=a[title='Integrations']}
at java.base/jdk.internal.reflect.DirectConstructorHandleAccessor.newInstance(DirectConstructorHandleAccessor.java:67)
at java.base/java.lang.reflect.Constructor.newInstanceWithCaller(Constructor.java:499)
at java.base/java.lang.reflect.Constructor.newInstance(Constructor.java:483)
at org.openqa.selenium.remote.codec.w3c.W3CHttpResponseCodec.createException(W3CHttpResponseCodec.java:196)
at org.openqa.selenium.remote.codec.w3c.W3CHttpResponseCodec.decode(W3CHttpResponseCodec.java:129)
at org.openqa.selenium.remote.codec.w3c.W3CHttpResponseCodec.decode(W3CHttpResponseCodec.java:53)
at org.openqa.selenium.remote.HttpCommandExecutor.execute(HttpCommandExecutor.java:167)
at org.openqa.selenium.remote.service.DriverCommandExecutor.execute(DriverCommandExecutor.java:123)
at org.openqa.selenium.remote.RemoteWebDriver.execute(RemoteWebDriver.java:501)
at org.openqa.selenium.remote.RemoteWebDriver.findElement(RemoteWebDriver.java:332)
at org.openqa.selenium.By$ByXPath.findElement(By.java:379)
at org.openqa.selenium.remote.RemoteWebDriver.findElement(RemoteWebDriver.java:312)
at org.openqa.selenium.support.pagefactory.DefaultElementLocator.findElement(DefaultElementLocator.java:70)
at org.openqa.selenium.support.pagefactory.internal.LocatingElementHandler.invoke(LocatingElementHandler.java:39)
at jdk.proxy2/jdk.proxy2.$Proxy22.getWrappedElement(Unknown Source)
at org.openqa.selenium.remote.internal.WebElementToJsonConverter.apply(WebElementToJsonConverter.java:52)
at java.base/java.util.stream.ReferencePipeline$3$1.accept(ReferencePipeline.java:197)
at java.base/java.util.Spliterators$ArraySpliterator.forEachRemaining(Spliterators.java:992)
at java.base/java.util.stream.AbstractPipeline.copyInto(AbstractPipeline.java:509)
at java.base/java.util.stream.AbstractPipeline.wrapAndCopyInto(AbstractPipeline.java:499)
at java.base/java.util.stream.ReduceOps$ReduceOp.evaluateSequential(ReduceOps.java:921)
at java.base/java.util.stream.AbstractPipeline.evaluate(AbstractPipeline.java:234)
at java.base/java.util.stream.ReferencePipeline.collect(ReferencePipeline.java:682)
at org.openqa.selenium.remote.RemoteWebDriver.executeScript(RemoteWebDriver.java:433)
at com.emp.qa.util.Helpers.highLightElement(Helpers.java:156)
at com.emp.qa.pages.TrelloIntegrationPage.TrelloIntegration(TrelloIntegrationPage.java:33)
at com.emp.testcases.TrelloIntegrationTest.EmployeeRoleUpdateTest(TrelloIntegrationTest.java:21)
at java.base/jdk.internal.reflect.DirectMethodHandleAccessor.invoke(DirectMethodHandleAccessor.java:104)
at java.base/java.lang.reflect.Method.invoke(Method.java:577)
at org.testng.internal.MethodInvocationHelper.invokeMethod(MethodInvocationHelper.java:133)
at org.testng.internal.TestInvoker.invokeMethod(TestInvoker.java:598)
at org.testng.internal.TestInvoker.invokeTestMethod(TestInvoker.java:173)
at org.testng.internal.MethodRunner.runInSequence(MethodRunner.java:46)
at org.testng.internal.TestInvoker$MethodInvocationAgent.invoke(TestInvoker.java:824)
at org.testng.internal.TestInvoker.invokeTestMethods(TestInvoker.java:146)
at org.testng.internal.TestMethodWorker.invokeTestMethods(TestMethodWorker.java:146)
at org.testng.internal.TestMethodWorker.run(TestMethodWorker.java:128)
at java.base/java.util.ArrayList.forEach(ArrayList.java:1511)
at org.testng.TestRunner.privateRun(TestRunner.java:794)
at org.testng.TestRunner.run(TestRunner.java:596)
at org.testng.SuiteRunner.runTest(SuiteRunner.java:377)
at org.testng.SuiteRunner.runSequentially(SuiteRunner.java:371)
at org.testng.SuiteRunner.privateRun(SuiteRunner.java:332)
at org.testng.SuiteRunner.run(SuiteRunner.java:276)
at org.testng.SuiteRunnerWorker.runSuite(SuiteRunnerWorker.java:53)
at org.testng.SuiteRunnerWorker.run(SuiteRunnerWorker.java:96)
at org.testng.TestNG.runSuitesSequentially(TestNG.java:1212)
at org.testng.TestNG.runSuitesLocally(TestNG.java:1134)
at org.testng.TestNG.runSuites(TestNG.java:1063)
at org.testng.TestNG.run(TestNG.java:1031)
at org.testng.remote.AbstractRemoteTestNG.run(AbstractRemoteTestNG.java:115)
at org.testng.remote.RemoteTestNG.initAndRun(RemoteTestNG.java:251)
at org.testng.remote.RemoteTestNG.main(RemoteTestNG.java:77)
]]>
            </full-stacktrace>
          </exception> <!-- org.openqa.selenium.NoSuchElementException -->
          <reporter-output>
          </reporter-output>
        </test-method> <!-- EmployeeRoleUpdateTest -->
        <test-method is-config="true" signature="tearDown(org.testng.ITestResult)[pri:0, instance:com.emp.testcases.TrelloIntegrationTest@503d687a]" started-at="2022-09-19T13:21:23 IST" name="tearDown" finished-at="2022-09-19T13:21:24 IST" duration-ms="566" status="PASS">
          <params>
            <param index="0">
              <value>
                <![CDATA[[TestResult name=EmployeeRoleUpdateTest status=FAILURE method=TrelloIntegrationTest.EmployeeRoleUpdateTest()[pri:0, instance:com.emp.testcases.TrelloIntegrationTest@503d687a] output={null}]]]>
              </value>
            </param>
          </params>
          <reporter-output>
            <line>
              <![CDATA[<br><img src='C:\Users\Dell\git\Emp_Monitor\screenshots\EmployeeRoleUpdateTest2022-09-19_13-21-23.png  'height ='250' width='250' /><br>]]>
            </line>
            <line>
              <![CDATA[<a href=\C:\Users\Dell\git\Emp_Monitor\screenshots\EmployeeRoleUpdateTest2022-09-19_13-21-23.png><img src=C:\Users\Dell\git\Emp_Monitor\screenshots\EmployeeRoleUpdateTest2022-09-19_13-21-23.png  height ='250'  width='250'/> </a>]]>
            </line>
          </reporter-output>
        </test-method> <!-- tearDown -->
      </class> <!-- com.emp.testcases.TrelloIntegrationTest -->
    </test> <!-- Default test -->
  </suite> <!-- Default suite -->
</testng-results>
