<?xml version="1.0" encoding="UTF-8"?>
<testng-results ignored="5" total="11" passed="6" failed="0" skipped="0">
  <reporter-output>
    <line>
      <![CDATA[<B><font color = 'orange'>Username .</font></B> Entered User ID]]>
    </line>
    <line>
      <![CDATA[<B><font color = 'orange'>Password .</font></B> Entered Password]]>
    </line>
    <line>
      <![CDATA[<B><font color = 'orange'>Client_check_Box .</font></B> Clicked on Client_check_Box]]>
    </line>
    <line>
      <![CDATA[<B><font color = 'orange'>Sign In Button .</font></B> Clicked on Submit Button]]>
    </line>
    <line>
      <![CDATA[<B><font color = 'blue'>Step1 .</font></B> Clicked on  Top_10_Productive_Employees_Locations Drop-down and Selected Any Location ]]>
    </line>
    <line>
      <![CDATA[<B><font color = 'blue'>Step2 .</font></B> Clicked on Top10ProductiveEmployees_Departments Drop-down and Selected Any Department]]>
    </line>
    <line>
      <![CDATA[<B><font color = 'blue'>Step3 .</font></B> Clicked on Top10ProductiveEmployeesToday Button]]>
    </line>
    <line>
      <![CDATA[<B><font color = 'blue'>  </font></B>    ]]>
    </line>
    <line>
      <![CDATA[<B><font color = 'green'> Today Top-10-Productive-Employees  </font></B>    ]]>
    </line>
    <line>
      <![CDATA[<B><font color = 'blue'>  </font></B>    Employee Name--Time (Hours)]]>
    </line>
    <line>
      <![CDATA[<B><font color = 'blue'>    </font></B>    Abhishek Four tf test--00:00:49 hrs (0.17%)]]>
    </line>
    <line>
      <![CDATA[<B><font color = 'blue'>Step4 .</font></B> Clicked on Top_10_Productive_Employees-yesterday Button]]>
    </line>
    <line>
      <![CDATA[<B><font color = 'blue'>  </font></B>    ]]>
    </line>
    <line>
      <![CDATA[<B><font color = 'green'> yesterday Top-10-Productive-Employees </font></B>    ]]>
    </line>
    <line>
      <![CDATA[<B><font color = 'blue'>  </font></B>    Employee Name--Time (Hours)]]>
    </line>
    <line>
      <![CDATA[<B><font color = 'blue'>    </font></B>    Abhishek Four tf test--00:00:12 hrs (0.04%)]]>
    </line>
    <line>
      <![CDATA[<B><font color = 'blue'>    </font></B>    Guest User--00:00:12 hrs (0.04%)]]>
    </line>
    <line>
      <![CDATA[<B><font color = 'blue'>Step5 .</font></B> Clicked on Top10ProductiveEmployees_Thisweek Button]]>
    </line>
    <line>
      <![CDATA[<B><font color = 'blue'>  </font></B>    ]]>
    </line>
    <line>
      <![CDATA[<B><font color = 'red'> This Week Top-10-Productive-Employees  </font></B>    ]]>
    </line>
    <line>
      <![CDATA[<B><font color = 'blue'>  </font></B>    Employee Name--Time (Hours)]]>
    </line>
    <line>
      <![CDATA[<B><font color = 'blue'>    </font></B>    GLB-BLR-010-PC - GLB-BLR-010--00:14:59 hrs (0.45%)]]>
    </line>
    <line>
      <![CDATA[<B><font color = 'blue'>    </font></B>    Guest User--00:14:59 hrs (0.45%)]]>
    </line>
    <line>
      <![CDATA[<B><font color = 'blue'>    </font></B>    Aryan raj--00:14:59 hrs (0.45%)]]>
    </line>
    <line>
      <![CDATA[<B><font color = 'blue'>    </font></B>    Abhishek Four tf test--00:14:59 hrs (0.45%)]]>
    </line>
    <line>
      <![CDATA[<B><font color = 'blue'>    </font></B>    SS Keystrokes--00:14:59 hrs (0.45%)]]>
    </line>
    <line>
      <![CDATA[<B><font color = 'orange'>Username .</font></B> Entered User ID]]>
    </line>
    <line>
      <![CDATA[<B><font color = 'orange'>Password .</font></B> Entered Password]]>
    </line>
    <line>
      <![CDATA[<B><font color = 'orange'>Client_check_Box .</font></B> Clicked on Client_check_Box]]>
    </line>
    <line>
      <![CDATA[<B><font color = 'orange'>Sign In Button .</font></B> Clicked on Submit Button]]>
    </line>
    <line>
      <![CDATA[<B><font color = 'blue'>Step1 .</font></B> Clicked on Top-10-un_Active-Employees-Employees_Location Drop-down and Selected Any Location ]]>
    </line>
    <line>
      <![CDATA[<B><font color = 'blue'>Step2 .</font></B> Clicked on Top-10-un_Active Employees_Department Drop-down and Selected Any Department]]>
    </line>
    <line>
      <![CDATA[<B><font color = 'blue'>Step3 .</font></B> Clicked on Top-10-un_Active Employees Today Button]]>
    </line>
    <line>
      <![CDATA[<B><font color = 'green'>  </font></B>  ]]>
    </line>
    <line>
      <![CDATA[<B><font color = 'red'>  Today  Active Employees Data </font></B>  ]]>
    </line>
    <line>
      <![CDATA[<B><font color = 'blue'>  </font></B>    Employee Name--Time (Hours)]]>
    </line>
    <line>
      <![CDATA[<B><font color = 'blue'>  </font></B>    Abhishek Four tf test--00:00:49 hrs]]>
    </line>
    <line>
      <![CDATA[<B><font color = 'blue'>Step4 .</font></B> Clicked on Top-10-un_Active Employees_Yesterday Button]]>
    </line>
    <line>
      <![CDATA[<B><font color = 'green'>  </font></B>  ]]>
    </line>
    <line>
      <![CDATA[<B><font color = 'red'> Yesterday  Active  Employees Data </font></B>   ]]>
    </line>
    <line>
      <![CDATA[<B><font color = 'blue'> </font></B>    Employee Name--Time (Hours)]]>
    </line>
    <line>
      <![CDATA[<B><font color = 'blue'>  </font></B>    Guest User--01:06:55 hrs]]>
    </line>
    <line>
      <![CDATA[<B><font color = 'blue'>  </font></B>    Abhishek Four tf test--01:06:55 hrs]]>
    </line>
    <line>
      <![CDATA[<B><font color = 'blue'>Step5 .</font></B> Clicked on Top-10-un_Active Employees_Thisweek Button]]>
    </line>
    <line>
      <![CDATA[<B><font color = 'green'>  </font></B>  ]]>
    </line>
    <line>
      <![CDATA[<B><font color = 'red'>  This Week  Active Employees Data </font></B>  ]]>
    </line>
    <line>
      <![CDATA[<B><font color = 'blue'> </font></B>    Employee Name--Time (Hours)]]>
    </line>
    <line>
      <![CDATA[<B><font color = 'blue'>  </font></B>    SS Keystrokes--06:27:55 hrs]]>
    </line>
    <line>
      <![CDATA[<B><font color = 'blue'>  </font></B>    Abhishek Four tf test--06:27:55 hrs]]>
    </line>
    <line>
      <![CDATA[<B><font color = 'blue'>  </font></B>    Aryan raj--06:27:55 hrs]]>
    </line>
    <line>
      <![CDATA[<B><font color = 'blue'>  </font></B>    Guest User--06:27:55 hrs]]>
    </line>
    <line>
      <![CDATA[<B><font color = 'blue'>  </font></B>    GLB-BLR-010-PC - GLB-BLR-010--06:27:55 hrs]]>
    </line>
    <line>
      <![CDATA[<B><font color = 'orange'>Username .</font></B> Entered User ID]]>
    </line>
    <line>
      <![CDATA[<B><font color = 'orange'>Password .</font></B> Entered Password]]>
    </line>
    <line>
      <![CDATA[<B><font color = 'orange'>Client_check_Box .</font></B> Clicked on Client_check_Box]]>
    </line>
    <line>
      <![CDATA[<B><font color = 'orange'>Sign In Button .</font></B> Clicked on Submit Button]]>
    </line>
    <line>
      <![CDATA[<B><font color = 'blue'>Step1 .</font></B> Clicked on Top-10-Active-Employees-Employees_Location Drop-down and Selected Any Location ]]>
    </line>
    <line>
      <![CDATA[<B><font color = 'blue'>Step2 .</font></B> Clicked on Top-10-Active Employees_Department Drop-down and Selected Any Department]]>
    </line>
    <line>
      <![CDATA[<B><font color = 'blue'>Step3 .</font></B> Clicked on Top-10-Active Employees Today Button]]>
    </line>
    <line>
      <![CDATA[<B><font color = 'green'>  </font></B>  ]]>
    </line>
    <line>
      <![CDATA[<B><font color = 'green'>  Today  Active Employees Data </font></B>  ]]>
    </line>
    <line>
      <![CDATA[<B><font color = 'blue'>  </font></B>    Employee Name--Time (Hours)]]>
    </line>
    <line>
      <![CDATA[<B><font color = 'blue'>  </font></B>    Abhishek Four tf test--00:00:49 hrs]]>
    </line>
    <line>
      <![CDATA[<B><font color = 'blue'>Step4 .</font></B> Clicked on Top-10-Active Employees_Yesterday Button]]>
    </line>
    <line>
      <![CDATA[<B><font color = 'green'>  </font></B>  ]]>
    </line>
    <line>
      <![CDATA[<B><font color = 'green'> Yesterday  Active  Employees Data </font></B>   ]]>
    </line>
    <line>
      <![CDATA[<B><font color = 'blue'> </font></B>    Employee Name--Time (Hours)]]>
    </line>
    <line>
      <![CDATA[<B><font color = 'blue'>  </font></B>    Abhishek Four tf test--00:00:12 hrs]]>
    </line>
    <line>
      <![CDATA[<B><font color = 'blue'>  </font></B>    Guest User--00:00:12 hrs]]>
    </line>
    <line>
      <![CDATA[<B><font color = 'blue'>Step5 .</font></B> Clicked on Top-10-Active Employees_Thisweek Button]]>
    </line>
    <line>
      <![CDATA[<B><font color = 'green'>  </font></B>  ]]>
    </line>
    <line>
      <![CDATA[<B><font color = 'green'>  This Week  Active Employees Data </font></B>  ]]>
    </line>
    <line>
      <![CDATA[<B><font color = 'blue'> </font></B>    Employee Name--Time (Hours)]]>
    </line>
    <line>
      <![CDATA[<B><font color = 'blue'>  </font></B>    GLB-BLR-010-PC - GLB-BLR-010--00:14:59 hrs]]>
    </line>
    <line>
      <![CDATA[<B><font color = 'blue'>  </font></B>    Guest User--00:14:59 hrs]]>
    </line>
    <line>
      <![CDATA[<B><font color = 'blue'>  </font></B>    Aryan raj--00:14:59 hrs]]>
    </line>
    <line>
      <![CDATA[<B><font color = 'blue'>  </font></B>    Abhishek Four tf test--00:14:59 hrs]]>
    </line>
    <line>
      <![CDATA[<B><font color = 'blue'>  </font></B>    SS Keystrokes--00:14:59 hrs]]>
    </line>
    <line>
      <![CDATA[<B><font color = 'orange'>Username .</font></B> Entered User ID]]>
    </line>
    <line>
      <![CDATA[<B><font color = 'orange'>Password .</font></B> Entered Password]]>
    </line>
    <line>
      <![CDATA[<B><font color = 'orange'>Client_check_Box .</font></B> Clicked on Client_check_Box]]>
    </line>
    <line>
      <![CDATA[<B><font color = 'orange'>Sign In Button .</font></B> Clicked on Submit Button]]>
    </line>
    <line>
      <![CDATA[<B><font color = 'blue'>Step1 .</font></B> Clicked on Top-10-Non_Productive_Employees Location Drop-down and Selected Any Location ]]>
    </line>
    <line>
      <![CDATA[<B><font color = 'blue'>Step2 .</font></B> Clicked on Top-10-Non_Productive_Employees Department Drop-down and Selected Any Department]]>
    </line>
    <line>
      <![CDATA[<B><font color = 'blue'>Step3 .</font></B> Clicked on Top10NonProductiveEmployees_Today Button]]>
    </line>
    <line>
      <![CDATA[<B><font color = 'blue'>  </font></B>  ]]>
    </line>
    <line>
      <![CDATA[<B><font color = 'red'>  Today  unproductive Employees Data </font></B>  ]]>
    </line>
    <line>
      <![CDATA[<B><font color = 'blue'>  </font></B>    Employee Name--Time (Hours)]]>
    </line>
    <line>
      <![CDATA[<B><font color = 'blue'>Step4 .</font></B> Clicked on Top10NonProductiveEmployees_Yesterday Button]]>
    </line>
    <line>
      <![CDATA[<B><font color = 'blue'>  </font></B>  ]]>
    </line>
    <line>
      <![CDATA[<B><font color = 'red'> Yesterday  unproductive Employees Data </font></B>   ]]>
    </line>
    <line>
      <![CDATA[<B><font color = 'blue'> </font></B>    Employee Name--Time (Hours)]]>
    </line>
    <line>
      <![CDATA[<B><font color = 'blue'>Step5 .</font></B> Clicked on Top10NonProductiveEmployees_Thisweek Button]]>
    </line>
    <line>
      <![CDATA[<B><font color = 'blue'>  </font></B>  ]]>
    </line>
    <line>
      <![CDATA[<B><font color = 'red'>  This Week  unproductive Employees Dat </font></B>  ]]>
    </line>
    <line>
      <![CDATA[<B><font color = 'blue'> </font></B>    Employee Name--Time (Hours)]]>
    </line>
    <line>
      <![CDATA[<B><font color = 'blue'>  </font></B>    GLB-BLR-010-PC - GLB-BLR-010--00:05:00 hrs (0.15%)]]>
    </line>
    <line>
      <![CDATA[<B><font color = 'blue'>  </font></B>    Aryan raj--00:05:00 hrs (0.15%)]]>
    </line>
    <line>
      <![CDATA[<B><font color = 'orange'>Username .</font></B> Entered User ID]]>
    </line>
    <line>
      <![CDATA[<B><font color = 'orange'>Password .</font></B> Entered Password]]>
    </line>
    <line>
      <![CDATA[<B><font color = 'orange'>Client_check_Box .</font></B> Clicked on Client_check_Box]]>
    </line>
    <line>
      <![CDATA[<B><font color = 'orange'>Sign In Button .</font></B> Clicked on Submit Button]]>
    </line>
    <line>
      <![CDATA[<B><font color = 'blue'>Step1 .</font></B> Clicked on Location_Performance_Today Button]]>
    </line>
    <line>
      <![CDATA[<B><font color = 'blue'>                    </font></B>  ]]>
    </line>
    <line>
      <![CDATA[<B><font color = 'green'> (a).Productive Employees Data </font></B>  ]]>
    </line>
    <line>
      <![CDATA[<B><font color = 'blue'>  </font></B>    Location--Time (Hours)]]>
    </line>
    <line>
      <![CDATA[<B><font color = 'blue'>  </font></B>    Default--00:00:49 hrs (0.17%)]]>
    </line>
    <line>
      <![CDATA[<B><font color = 'blue'>                    </font></B>  ]]>
    </line>
    <line>
      <![CDATA[<B><font color = 'red'> (b).Un-Productive Employees Data </font></B>  ]]>
    </line>
    <line>
      <![CDATA[<B><font color = 'blue'>  </font></B>    Location--Time (Hours)]]>
    </line>
    <line>
      <![CDATA[<B><font color = 'blue'>  </font></B>    No data found !--null]]>
    </line>
    <line>
      <![CDATA[<B><font color = 'blue'>                    </font></B>  ]]>
    </line>
    <line>
      <![CDATA[<B><font color = 'orange'> (c).Neutral Employees Data </font></B>  ]]>
    </line>
    <line>
      <![CDATA[<B><font color = 'blue'>  </font></B>    Location--Time (Hours)]]>
    </line>
    <line>
      <![CDATA[<B><font color = 'blue'>  </font></B>    No data found !--null]]>
    </line>
    <line>
      <![CDATA[<B><font color = 'blue'>                    </font></B>  ]]>
    </line>
    <line>
      <![CDATA[<B><font color = 'blue'>Step2 .</font></B> Clicked on Location_Performance_Yesterday Button]]>
    </line>
    <line>
      <![CDATA[<B><font color = 'blue'>                    </font></B>  ]]>
    </line>
    <line>
      <![CDATA[<B><font color = 'green'> (a).Productive Employees Data </font></B>  ]]>
    </line>
    <line>
      <![CDATA[<B><font color = 'blue'>  </font></B>    Location--Time (Hours)]]>
    </line>
    <line>
      <![CDATA[<B><font color = 'blue'>  </font></B>    Default--00:00:12 hrs (0.04%)]]>
    </line>
    <line>
      <![CDATA[<B><font color = 'blue'>  </font></B>    Bhilai--00:00:12 hrs (0.04%)]]>
    </line>
    <line>
      <![CDATA[<B><font color = 'blue'>                    </font></B>  ]]>
    </line>
    <line>
      <![CDATA[<B><font color = 'red'> (b).Un-Productive Employees Data </font></B>  ]]>
    </line>
    <line>
      <![CDATA[<B><font color = 'blue'>  </font></B>    Location--Time (Hours)]]>
    </line>
    <line>
      <![CDATA[<B><font color = 'blue'>  </font></B>    No data found !--null]]>
    </line>
    <line>
      <![CDATA[<B><font color = 'blue'>                    </font></B>  ]]>
    </line>
    <line>
      <![CDATA[<B><font color = 'orange'> (c).Neutral Employees Data </font></B>  ]]>
    </line>
    <line>
      <![CDATA[<B><font color = 'blue'>  </font></B>    Location--Time (Hours)]]>
    </line>
    <line>
      <![CDATA[<B><font color = 'blue'>  </font></B>    No data found !--null]]>
    </line>
    <line>
      <![CDATA[<B><font color = 'blue'>                    </font></B>  ]]>
    </line>
    <line>
      <![CDATA[<B><font color = 'blue'>Step3 .</font></B> Clicked on Location_Performance_Thisweek Button]]>
    </line>
    <line>
      <![CDATA[<B><font color = 'blue'>                    </font></B>  ]]>
    </line>
    <line>
      <![CDATA[<B><font color = 'green'> (a).Productive Employees Data </font></B>  ]]>
    </line>
    <line>
      <![CDATA[<B><font color = 'blue'>  </font></B>    Location--Time (Hours)]]>
    </line>
    <line>
      <![CDATA[<B><font color = 'blue'>  </font></B>    bengaluru--01:22:43 hrs (5.74%)]]>
    </line>
    <line>
      <![CDATA[<B><font color = 'blue'>  </font></B>    Bhilai--01:22:43 hrs (5.74%)]]>
    </line>
    <line>
      <![CDATA[<B><font color = 'blue'>  </font></B>    Bangalore--01:22:43 hrs (5.74%)]]>
    </line>
    <line>
      <![CDATA[<B><font color = 'blue'>  </font></B>    Default--01:22:43 hrs (5.74%)]]>
    </line>
    <line>
      <![CDATA[<B><font color = 'blue'>                    </font></B>  ]]>
    </line>
    <line>
      <![CDATA[<B><font color = 'red'> (b).Un-Productive Employees Data </font></B>  ]]>
    </line>
    <line>
      <![CDATA[<B><font color = 'blue'>  </font></B>    Location--Time (Hours)]]>
    </line>
    <line>
      <![CDATA[<B><font color = 'blue'>  </font></B>    bengaluru--00:05:00 hrs (0.52%)]]>
    </line>
    <line>
      <![CDATA[<B><font color = 'blue'>  </font></B>    Bangalore--00:05:00 hrs (0.52%)]]>
    </line>
    <line>
      <![CDATA[<B><font color = 'blue'>                    </font></B>  ]]>
    </line>
    <line>
      <![CDATA[<B><font color = 'orange'> (c).Neutral Employees Data </font></B>  ]]>
    </line>
    <line>
      <![CDATA[<B><font color = 'blue'>  </font></B>    Location--Time (Hours)]]>
    </line>
    <line>
      <![CDATA[<B><font color = 'blue'>  </font></B>    No data found !--null]]>
    </line>
    <line>
      <![CDATA[<B><font color = 'blue'>                    </font></B>  ]]>
    </line>
    <line>
      <![CDATA[<B><font color = 'orange'>Username .</font></B> Entered User ID]]>
    </line>
    <line>
      <![CDATA[<B><font color = 'orange'>Password .</font></B> Entered Password]]>
    </line>
    <line>
      <![CDATA[<B><font color = 'orange'>Client_check_Box .</font></B> Clicked on Client_check_Box]]>
    </line>
    <line>
      <![CDATA[<B><font color = 'orange'>Sign In Button .</font></B> Clicked on Submit Button]]>
    </line>
    <line>
      <![CDATA[<B><font color = 'blue'>Step1 .</font></B> Clicked on Department_Performance_Today Button]]>
    </line>
    <line>
      <![CDATA[<B><font color = 'blue'>                    </font></B>  ]]>
    </line>
    <line>
      <![CDATA[<B><font color = 'green'> (a).Productive Department Performance Data </font></B>  ]]>
    </line>
    <line>
      <![CDATA[<B><font color = 'blue'>  </font></B>    Location--Time (Hours)]]>
    </line>
    <line>
      <![CDATA[<B><font color = 'blue'>  </font></B>    Default--00:00:49 hrs (0.17%)]]>
    </line>
    <line>
      <![CDATA[<B><font color = 'blue'>                    </font></B>  ]]>
    </line>
    <line>
      <![CDATA[<B><font color = 'red'> (b).Un-Productive Department Performance Data </font></B>  ]]>
    </line>
    <line>
      <![CDATA[<B><font color = 'blue'>  </font></B>    Location--Time (Hours)]]>
    </line>
    <line>
      <![CDATA[<B><font color = 'blue'>  </font></B>    No data found !--null]]>
    </line>
    <line>
      <![CDATA[<B><font color = 'blue'>                    </font></B>  ]]>
    </line>
    <line>
      <![CDATA[<B><font color = 'orange'> (c).Neutral Department_performance Data </font></B>  ]]>
    </line>
    <line>
      <![CDATA[<B><font color = 'blue'>  </font></B>    Location--Time (Hours)]]>
    </line>
    <line>
      <![CDATA[<B><font color = 'blue'>  </font></B>    No data found !--null]]>
    </line>
    <line>
      <![CDATA[<B><font color = 'blue'>                    </font></B>  ]]>
    </line>
    <line>
      <![CDATA[<B><font color = 'blue'>Step2 .</font></B> Clicked on Department_Performance_Yesterday Button]]>
    </line>
    <line>
      <![CDATA[<B><font color = 'blue'>                    </font></B>  ]]>
    </line>
    <line>
      <![CDATA[<B><font color = 'green'> (a).Productive Department_Performance Data </font></B>  ]]>
    </line>
    <line>
      <![CDATA[<B><font color = 'blue'>  </font></B>    Location--Time (Hours)]]>
    </line>
    <line>
      <![CDATA[<B><font color = 'blue'>  </font></B>    Default--00:00:12 hrs (0.04%)]]>
    </line>
    <line>
      <![CDATA[<B><font color = 'blue'>  </font></B>    Php--00:00:12 hrs (0.04%)]]>
    </line>
    <line>
      <![CDATA[<B><font color = 'blue'>                    </font></B>  ]]>
    </line>
    <line>
      <![CDATA[<B><font color = 'red'> (b).Un-Productive Department performance Data </font></B>  ]]>
    </line>
    <line>
      <![CDATA[<B><font color = 'blue'>  </font></B>    Location--Time (Hours)]]>
    </line>
    <line>
      <![CDATA[<B><font color = 'blue'>  </font></B>    No data found !--null]]>
    </line>
    <line>
      <![CDATA[<B><font color = 'blue'>                    </font></B>  ]]>
    </line>
    <line>
      <![CDATA[<B><font color = 'orange'> (c).Neutral Department_Performance Data </font></B>  ]]>
    </line>
    <line>
      <![CDATA[<B><font color = 'blue'>  </font></B>    Location--Time (Hours)]]>
    </line>
    <line>
      <![CDATA[<B><font color = 'blue'>  </font></B>    No data found !--null]]>
    </line>
    <line>
      <![CDATA[<B><font color = 'blue'>                    </font></B>  ]]>
    </line>
    <line>
      <![CDATA[<B><font color = 'blue'>Step3 .</font></B> Clicked on Department_Performance_Thisweek Button]]>
    </line>
    <line>
      <![CDATA[<B><font color = 'blue'>                    </font></B>  ]]>
    </line>
    <line>
      <![CDATA[<B><font color = 'green'> (a).Productive Department_Performance Data </font></B>  ]]>
    </line>
    <line>
      <![CDATA[<B><font color = 'blue'>  </font></B>    Location--Time (Hours)]]>
    </line>
    <line>
      <![CDATA[<B><font color = 'blue'>  </font></B>    Testing--01:22:43 hrs (5.74%)]]>
    </line>
    <line>
      <![CDATA[<B><font color = 'blue'>  </font></B>    Php--01:22:43 hrs (5.74%)]]>
    </line>
    <line>
      <![CDATA[<B><font color = 'blue'>  </font></B>    Default--01:22:43 hrs (5.74%)]]>
    </line>
    <line>
      <![CDATA[<B><font color = 'blue'>                    </font></B>  ]]>
    </line>
    <line>
      <![CDATA[<B><font color = 'red'> (b).Un-Productive Department_Performance Data </font></B>  ]]>
    </line>
    <line>
      <![CDATA[<B><font color = 'blue'>  </font></B>    Location--Time (Hours)]]>
    </line>
    <line>
      <![CDATA[<B><font color = 'blue'>  </font></B>    Testing--00:14:08 hrs (0.74%)]]>
    </line>
    <line>
      <![CDATA[<B><font color = 'blue'>                    </font></B>  ]]>
    </line>
    <line>
      <![CDATA[<B><font color = 'orange'> (c).Neutral Department_Performance Data </font></B>  ]]>
    </line>
    <line>
      <![CDATA[<B><font color = 'blue'>  </font></B>    Location--Time (Hours)]]>
    </line>
    <line>
      <![CDATA[<B><font color = 'blue'>  </font></B>    No data found !--null]]>
    </line>
    <line>
      <![CDATA[<B><font color = 'blue'>                    </font></B>  ]]>
    </line>
  </reporter-output>
  <suite started-at="2022-11-18T17:41:11 IST" name="Default suite" finished-at="2022-11-18T17:45:34 IST" duration-ms="263507">
    <groups>
    </groups>
    <test started-at="2022-11-18T17:41:11 IST" name="Default test" finished-at="2022-11-18T17:45:34 IST" duration-ms="263507">
      <class name="com.emp.testcases.Dashboardtest3_Top_10_Productive_Employees_Checking_Test">
        <test-method is-config="true" signature="beforeSuite()[pri:0, instance:com.emp.testcases.Dashboardtest3_Top_10_Productive_Employees_Checking_Test@120f102b]" started-at="2022-11-18T17:41:11 IST" name="beforeSuite" finished-at="2022-11-18T17:41:11 IST" duration-ms="14" status="PASS">
          <reporter-output>
          </reporter-output>
        </test-method> <!-- beforeSuite -->
        <test-method is-config="true" signature="initialization()[pri:0, instance:com.emp.testcases.Dashboardtest3_Top_10_Productive_Employees_Checking_Test@120f102b]" started-at="2022-11-18T17:41:11 IST" name="initialization" finished-at="2022-11-18T17:41:21 IST" duration-ms="10467" status="PASS">
          <reporter-output>
            <line>
              <![CDATA[<B><font color = 'orange'>Username .</font></B> Entered User ID]]>
            </line>
            <line>
              <![CDATA[<B><font color = 'orange'>Password .</font></B> Entered Password]]>
            </line>
            <line>
              <![CDATA[<B><font color = 'orange'>Client_check_Box .</font></B> Clicked on Client_check_Box]]>
            </line>
            <line>
              <![CDATA[<B><font color = 'orange'>Sign In Button .</font></B> Clicked on Submit Button]]>
            </line>
          </reporter-output>
        </test-method> <!-- initialization -->
        <test-method signature="Top_10_Productive_Employees_Test()[pri:1, instance:com.emp.testcases.Dashboardtest3_Top_10_Productive_Employees_Checking_Test@120f102b]" started-at="2022-11-18T17:41:21 IST" name="Top_10_Productive_Employees_Test" finished-at="2022-11-18T17:41:40 IST" duration-ms="19137" status="PASS">
          <reporter-output>
            <line>
              <![CDATA[<B><font color = 'blue'>Step1 .</font></B> Clicked on  Top_10_Productive_Employees_Locations Drop-down and Selected Any Location ]]>
            </line>
            <line>
              <![CDATA[<B><font color = 'blue'>Step2 .</font></B> Clicked on Top10ProductiveEmployees_Departments Drop-down and Selected Any Department]]>
            </line>
            <line>
              <![CDATA[<B><font color = 'blue'>Step3 .</font></B> Clicked on Top10ProductiveEmployeesToday Button]]>
            </line>
            <line>
              <![CDATA[<B><font color = 'blue'>  </font></B>    ]]>
            </line>
            <line>
              <![CDATA[<B><font color = 'green'> Today Top-10-Productive-Employees  </font></B>    ]]>
            </line>
            <line>
              <![CDATA[<B><font color = 'blue'>  </font></B>    Employee Name--Time (Hours)]]>
            </line>
            <line>
              <![CDATA[<B><font color = 'blue'>    </font></B>    Abhishek Four tf test--00:00:49 hrs (0.17%)]]>
            </line>
            <line>
              <![CDATA[<B><font color = 'blue'>Step4 .</font></B> Clicked on Top_10_Productive_Employees-yesterday Button]]>
            </line>
            <line>
              <![CDATA[<B><font color = 'blue'>  </font></B>    ]]>
            </line>
            <line>
              <![CDATA[<B><font color = 'green'> yesterday Top-10-Productive-Employees </font></B>    ]]>
            </line>
            <line>
              <![CDATA[<B><font color = 'blue'>  </font></B>    Employee Name--Time (Hours)]]>
            </line>
            <line>
              <![CDATA[<B><font color = 'blue'>    </font></B>    Abhishek Four tf test--00:00:12 hrs (0.04%)]]>
            </line>
            <line>
              <![CDATA[<B><font color = 'blue'>    </font></B>    Guest User--00:00:12 hrs (0.04%)]]>
            </line>
            <line>
              <![CDATA[<B><font color = 'blue'>Step5 .</font></B> Clicked on Top10ProductiveEmployees_Thisweek Button]]>
            </line>
            <line>
              <![CDATA[<B><font color = 'blue'>  </font></B>    ]]>
            </line>
            <line>
              <![CDATA[<B><font color = 'red'> This Week Top-10-Productive-Employees  </font></B>    ]]>
            </line>
            <line>
              <![CDATA[<B><font color = 'blue'>  </font></B>    Employee Name--Time (Hours)]]>
            </line>
            <line>
              <![CDATA[<B><font color = 'blue'>    </font></B>    GLB-BLR-010-PC - GLB-BLR-010--00:14:59 hrs (0.45%)]]>
            </line>
            <line>
              <![CDATA[<B><font color = 'blue'>    </font></B>    Guest User--00:14:59 hrs (0.45%)]]>
            </line>
            <line>
              <![CDATA[<B><font color = 'blue'>    </font></B>    Aryan raj--00:14:59 hrs (0.45%)]]>
            </line>
            <line>
              <![CDATA[<B><font color = 'blue'>    </font></B>    Abhishek Four tf test--00:14:59 hrs (0.45%)]]>
            </line>
            <line>
              <![CDATA[<B><font color = 'blue'>    </font></B>    SS Keystrokes--00:14:59 hrs (0.45%)]]>
            </line>
          </reporter-output>
        </test-method> <!-- Top_10_Productive_Employees_Test -->
        <test-method is-config="true" signature="tearDown(org.testng.ITestResult)[pri:0, instance:com.emp.testcases.Dashboardtest3_Top_10_Productive_Employees_Checking_Test@120f102b]" started-at="2022-11-18T17:41:40 IST" name="tearDown" finished-at="2022-11-18T17:41:41 IST" duration-ms="317" status="PASS">
          <params>
            <param index="0">
              <value>
                <![CDATA[[TestResult name=Top_10_Productive_Employees_Test status=SUCCESS method=Dashboardtest3_Top_10_Productive_Employees_Checking_Test.Top_10_Productive_Employees_Test()[pri:1, instance:com.emp.testcases.Dashboardtest3_Top_10_Productive_Employees_Checking_Test@120f102b] output=<B><font color = 'blue'>Step1 .</font></B> Clicked on  Top_10_Productive_Employees_Locations Drop-down and Selected Any Location ]]]>
              </value>
            </param>
          </params>
          <reporter-output>
          </reporter-output>
        </test-method> <!-- tearDown -->
      </class> <!-- com.emp.testcases.Dashboardtest3_Top_10_Productive_Employees_Checking_Test -->
      <class name="com.emp.testcases.Dashboardtest6_Top_10_Non_Active_Employees_Checking_Test">
        <test-method is-config="true" signature="initialization()[pri:0, instance:com.emp.testcases.Dashboardtest6_Top_10_Non_Active_Employees_Checking_Test@5ace1ed4]" started-at="2022-11-18T17:41:41 IST" name="initialization" finished-at="2022-11-18T17:41:49 IST" duration-ms="8445" status="PASS">
          <reporter-output>
            <line>
              <![CDATA[<B><font color = 'orange'>Username .</font></B> Entered User ID]]>
            </line>
            <line>
              <![CDATA[<B><font color = 'orange'>Password .</font></B> Entered Password]]>
            </line>
            <line>
              <![CDATA[<B><font color = 'orange'>Client_check_Box .</font></B> Clicked on Client_check_Box]]>
            </line>
            <line>
              <![CDATA[<B><font color = 'orange'>Sign In Button .</font></B> Clicked on Submit Button]]>
            </line>
          </reporter-output>
        </test-method> <!-- initialization -->
        <test-method signature="Top_10_Un_Active_Employees_Locations_Test()[pri:1, instance:com.emp.testcases.Dashboardtest6_Top_10_Non_Active_Employees_Checking_Test@5ace1ed4]" started-at="2022-11-18T17:41:49 IST" name="Top_10_Un_Active_Employees_Locations_Test" finished-at="2022-11-18T17:42:13 IST" duration-ms="23976" status="PASS">
          <reporter-output>
            <line>
              <![CDATA[<B><font color = 'blue'>Step1 .</font></B> Clicked on Top-10-un_Active-Employees-Employees_Location Drop-down and Selected Any Location ]]>
            </line>
            <line>
              <![CDATA[<B><font color = 'blue'>Step2 .</font></B> Clicked on Top-10-un_Active Employees_Department Drop-down and Selected Any Department]]>
            </line>
            <line>
              <![CDATA[<B><font color = 'blue'>Step3 .</font></B> Clicked on Top-10-un_Active Employees Today Button]]>
            </line>
            <line>
              <![CDATA[<B><font color = 'green'>  </font></B>  ]]>
            </line>
            <line>
              <![CDATA[<B><font color = 'red'>  Today  Active Employees Data </font></B>  ]]>
            </line>
            <line>
              <![CDATA[<B><font color = 'blue'>  </font></B>    Employee Name--Time (Hours)]]>
            </line>
            <line>
              <![CDATA[<B><font color = 'blue'>  </font></B>    Abhishek Four tf test--00:00:49 hrs]]>
            </line>
            <line>
              <![CDATA[<B><font color = 'blue'>Step4 .</font></B> Clicked on Top-10-un_Active Employees_Yesterday Button]]>
            </line>
            <line>
              <![CDATA[<B><font color = 'green'>  </font></B>  ]]>
            </line>
            <line>
              <![CDATA[<B><font color = 'red'> Yesterday  Active  Employees Data </font></B>   ]]>
            </line>
            <line>
              <![CDATA[<B><font color = 'blue'> </font></B>    Employee Name--Time (Hours)]]>
            </line>
            <line>
              <![CDATA[<B><font color = 'blue'>  </font></B>    Guest User--01:06:55 hrs]]>
            </line>
            <line>
              <![CDATA[<B><font color = 'blue'>  </font></B>    Abhishek Four tf test--01:06:55 hrs]]>
            </line>
            <line>
              <![CDATA[<B><font color = 'blue'>Step5 .</font></B> Clicked on Top-10-un_Active Employees_Thisweek Button]]>
            </line>
            <line>
              <![CDATA[<B><font color = 'green'>  </font></B>  ]]>
            </line>
            <line>
              <![CDATA[<B><font color = 'red'>  This Week  Active Employees Data </font></B>  ]]>
            </line>
            <line>
              <![CDATA[<B><font color = 'blue'> </font></B>    Employee Name--Time (Hours)]]>
            </line>
            <line>
              <![CDATA[<B><font color = 'blue'>  </font></B>    SS Keystrokes--06:27:55 hrs]]>
            </line>
            <line>
              <![CDATA[<B><font color = 'blue'>  </font></B>    Abhishek Four tf test--06:27:55 hrs]]>
            </line>
            <line>
              <![CDATA[<B><font color = 'blue'>  </font></B>    Aryan raj--06:27:55 hrs]]>
            </line>
            <line>
              <![CDATA[<B><font color = 'blue'>  </font></B>    Guest User--06:27:55 hrs]]>
            </line>
            <line>
              <![CDATA[<B><font color = 'blue'>  </font></B>    GLB-BLR-010-PC - GLB-BLR-010--06:27:55 hrs]]>
            </line>
          </reporter-output>
        </test-method> <!-- Top_10_Un_Active_Employees_Locations_Test -->
        <test-method is-config="true" signature="tearDown(org.testng.ITestResult)[pri:0, instance:com.emp.testcases.Dashboardtest6_Top_10_Non_Active_Employees_Checking_Test@5ace1ed4]" started-at="2022-11-18T17:42:13 IST" name="tearDown" finished-at="2022-11-18T17:42:13 IST" duration-ms="246" status="PASS">
          <params>
            <param index="0">
              <value>
                <![CDATA[[TestResult name=Top_10_Un_Active_Employees_Locations_Test status=SUCCESS method=Dashboardtest6_Top_10_Non_Active_Employees_Checking_Test.Top_10_Un_Active_Employees_Locations_Test()[pri:1, instance:com.emp.testcases.Dashboardtest6_Top_10_Non_Active_Employees_Checking_Test@5ace1ed4] output=<B><font color = 'blue'>Step1 .</font></B> Clicked on Top-10-un_Active-Employees-Employees_Location Drop-down and Selected Any Location ]]]>
              </value>
            </param>
          </params>
          <reporter-output>
          </reporter-output>
        </test-method> <!-- tearDown -->
      </class> <!-- com.emp.testcases.Dashboardtest6_Top_10_Non_Active_Employees_Checking_Test -->
      <class name="com.emp.testcases.Dashboardtest5_Top_10_Active_Employees_Checking_Test">
        <test-method is-config="true" signature="initialization()[pri:0, instance:com.emp.testcases.Dashboardtest5_Top_10_Active_Employees_Checking_Test@1613674b]" started-at="2022-11-18T17:42:13 IST" name="initialization" finished-at="2022-11-18T17:42:21 IST" duration-ms="8065" status="PASS">
          <reporter-output>
            <line>
              <![CDATA[<B><font color = 'orange'>Username .</font></B> Entered User ID]]>
            </line>
            <line>
              <![CDATA[<B><font color = 'orange'>Password .</font></B> Entered Password]]>
            </line>
            <line>
              <![CDATA[<B><font color = 'orange'>Client_check_Box .</font></B> Clicked on Client_check_Box]]>
            </line>
            <line>
              <![CDATA[<B><font color = 'orange'>Sign In Button .</font></B> Clicked on Submit Button]]>
            </line>
          </reporter-output>
        </test-method> <!-- initialization -->
        <test-method signature="Top_10_Active_Employees_Test()[pri:1, instance:com.emp.testcases.Dashboardtest5_Top_10_Active_Employees_Checking_Test@1613674b]" started-at="2022-11-18T17:42:21 IST" name="Top_10_Active_Employees_Test" finished-at="2022-11-18T17:42:45 IST" duration-ms="23800" status="PASS">
          <reporter-output>
            <line>
              <![CDATA[<B><font color = 'blue'>Step1 .</font></B> Clicked on Top-10-Active-Employees-Employees_Location Drop-down and Selected Any Location ]]>
            </line>
            <line>
              <![CDATA[<B><font color = 'blue'>Step2 .</font></B> Clicked on Top-10-Active Employees_Department Drop-down and Selected Any Department]]>
            </line>
            <line>
              <![CDATA[<B><font color = 'blue'>Step3 .</font></B> Clicked on Top-10-Active Employees Today Button]]>
            </line>
            <line>
              <![CDATA[<B><font color = 'green'>  </font></B>  ]]>
            </line>
            <line>
              <![CDATA[<B><font color = 'green'>  Today  Active Employees Data </font></B>  ]]>
            </line>
            <line>
              <![CDATA[<B><font color = 'blue'>  </font></B>    Employee Name--Time (Hours)]]>
            </line>
            <line>
              <![CDATA[<B><font color = 'blue'>  </font></B>    Abhishek Four tf test--00:00:49 hrs]]>
            </line>
            <line>
              <![CDATA[<B><font color = 'blue'>Step4 .</font></B> Clicked on Top-10-Active Employees_Yesterday Button]]>
            </line>
            <line>
              <![CDATA[<B><font color = 'green'>  </font></B>  ]]>
            </line>
            <line>
              <![CDATA[<B><font color = 'green'> Yesterday  Active  Employees Data </font></B>   ]]>
            </line>
            <line>
              <![CDATA[<B><font color = 'blue'> </font></B>    Employee Name--Time (Hours)]]>
            </line>
            <line>
              <![CDATA[<B><font color = 'blue'>  </font></B>    Abhishek Four tf test--00:00:12 hrs]]>
            </line>
            <line>
              <![CDATA[<B><font color = 'blue'>  </font></B>    Guest User--00:00:12 hrs]]>
            </line>
            <line>
              <![CDATA[<B><font color = 'blue'>Step5 .</font></B> Clicked on Top-10-Active Employees_Thisweek Button]]>
            </line>
            <line>
              <![CDATA[<B><font color = 'green'>  </font></B>  ]]>
            </line>
            <line>
              <![CDATA[<B><font color = 'green'>  This Week  Active Employees Data </font></B>  ]]>
            </line>
            <line>
              <![CDATA[<B><font color = 'blue'> </font></B>    Employee Name--Time (Hours)]]>
            </line>
            <line>
              <![CDATA[<B><font color = 'blue'>  </font></B>    GLB-BLR-010-PC - GLB-BLR-010--00:14:59 hrs]]>
            </line>
            <line>
              <![CDATA[<B><font color = 'blue'>  </font></B>    Guest User--00:14:59 hrs]]>
            </line>
            <line>
              <![CDATA[<B><font color = 'blue'>  </font></B>    Aryan raj--00:14:59 hrs]]>
            </line>
            <line>
              <![CDATA[<B><font color = 'blue'>  </font></B>    Abhishek Four tf test--00:14:59 hrs]]>
            </line>
            <line>
              <![CDATA[<B><font color = 'blue'>  </font></B>    SS Keystrokes--00:14:59 hrs]]>
            </line>
          </reporter-output>
        </test-method> <!-- Top_10_Active_Employees_Test -->
        <test-method is-config="true" signature="tearDown(org.testng.ITestResult)[pri:0, instance:com.emp.testcases.Dashboardtest5_Top_10_Active_Employees_Checking_Test@1613674b]" started-at="2022-11-18T17:42:45 IST" name="tearDown" finished-at="2022-11-18T17:42:45 IST" duration-ms="228" status="PASS">
          <params>
            <param index="0">
              <value>
                <![CDATA[[TestResult name=Top_10_Active_Employees_Test status=SUCCESS method=Dashboardtest5_Top_10_Active_Employees_Checking_Test.Top_10_Active_Employees_Test()[pri:1, instance:com.emp.testcases.Dashboardtest5_Top_10_Active_Employees_Checking_Test@1613674b] output=<B><font color = 'blue'>Step1 .</font></B> Clicked on Top-10-Active-Employees-Employees_Location Drop-down and Selected Any Location ]]]>
              </value>
            </param>
          </params>
          <reporter-output>
          </reporter-output>
        </test-method> <!-- tearDown -->
      </class> <!-- com.emp.testcases.Dashboardtest5_Top_10_Active_Employees_Checking_Test -->
      <class name="com.emp.testcases.Dashboardtest4_Top_10_Non_Productive_Employees_Checking_Test">
        <test-method is-config="true" signature="initialization()[pri:0, instance:com.emp.testcases.Dashboardtest4_Top_10_Non_Productive_Employees_Checking_Test@27ff5d15]" started-at="2022-11-18T17:42:45 IST" name="initialization" finished-at="2022-11-18T17:42:54 IST" duration-ms="8115" status="PASS">
          <reporter-output>
            <line>
              <![CDATA[<B><font color = 'orange'>Username .</font></B> Entered User ID]]>
            </line>
            <line>
              <![CDATA[<B><font color = 'orange'>Password .</font></B> Entered Password]]>
            </line>
            <line>
              <![CDATA[<B><font color = 'orange'>Client_check_Box .</font></B> Clicked on Client_check_Box]]>
            </line>
            <line>
              <![CDATA[<B><font color = 'orange'>Sign In Button .</font></B> Clicked on Submit Button]]>
            </line>
          </reporter-output>
        </test-method> <!-- initialization -->
        <test-method signature="Top_10_Non_Productive_Employees_Test()[pri:1, instance:com.emp.testcases.Dashboardtest4_Top_10_Non_Productive_Employees_Checking_Test@27ff5d15]" started-at="2022-11-18T17:42:54 IST" name="Top_10_Non_Productive_Employees_Test" finished-at="2022-11-18T17:43:17 IST" duration-ms="23884" status="PASS">
          <reporter-output>
            <line>
              <![CDATA[<B><font color = 'blue'>Step1 .</font></B> Clicked on Top-10-Non_Productive_Employees Location Drop-down and Selected Any Location ]]>
            </line>
            <line>
              <![CDATA[<B><font color = 'blue'>Step2 .</font></B> Clicked on Top-10-Non_Productive_Employees Department Drop-down and Selected Any Department]]>
            </line>
            <line>
              <![CDATA[<B><font color = 'blue'>Step3 .</font></B> Clicked on Top10NonProductiveEmployees_Today Button]]>
            </line>
            <line>
              <![CDATA[<B><font color = 'blue'>  </font></B>  ]]>
            </line>
            <line>
              <![CDATA[<B><font color = 'red'>  Today  unproductive Employees Data </font></B>  ]]>
            </line>
            <line>
              <![CDATA[<B><font color = 'blue'>  </font></B>    Employee Name--Time (Hours)]]>
            </line>
            <line>
              <![CDATA[<B><font color = 'blue'>Step4 .</font></B> Clicked on Top10NonProductiveEmployees_Yesterday Button]]>
            </line>
            <line>
              <![CDATA[<B><font color = 'blue'>  </font></B>  ]]>
            </line>
            <line>
              <![CDATA[<B><font color = 'red'> Yesterday  unproductive Employees Data </font></B>   ]]>
            </line>
            <line>
              <![CDATA[<B><font color = 'blue'> </font></B>    Employee Name--Time (Hours)]]>
            </line>
            <line>
              <![CDATA[<B><font color = 'blue'>Step5 .</font></B> Clicked on Top10NonProductiveEmployees_Thisweek Button]]>
            </line>
            <line>
              <![CDATA[<B><font color = 'blue'>  </font></B>  ]]>
            </line>
            <line>
              <![CDATA[<B><font color = 'red'>  This Week  unproductive Employees Dat </font></B>  ]]>
            </line>
            <line>
              <![CDATA[<B><font color = 'blue'> </font></B>    Employee Name--Time (Hours)]]>
            </line>
            <line>
              <![CDATA[<B><font color = 'blue'>  </font></B>    GLB-BLR-010-PC - GLB-BLR-010--00:05:00 hrs (0.15%)]]>
            </line>
            <line>
              <![CDATA[<B><font color = 'blue'>  </font></B>    Aryan raj--00:05:00 hrs (0.15%)]]>
            </line>
          </reporter-output>
        </test-method> <!-- Top_10_Non_Productive_Employees_Test -->
        <test-method is-config="true" signature="tearDown(org.testng.ITestResult)[pri:0, instance:com.emp.testcases.Dashboardtest4_Top_10_Non_Productive_Employees_Checking_Test@27ff5d15]" started-at="2022-11-18T17:43:17 IST" name="tearDown" finished-at="2022-11-18T17:43:18 IST" duration-ms="236" status="PASS">
          <params>
            <param index="0">
              <value>
                <![CDATA[[TestResult name=Top_10_Non_Productive_Employees_Test status=SUCCESS method=Dashboardtest4_Top_10_Non_Productive_Employees_Checking_Test.Top_10_Non_Productive_Employees_Test()[pri:1, instance:com.emp.testcases.Dashboardtest4_Top_10_Non_Productive_Employees_Checking_Test@27ff5d15] output=<B><font color = 'blue'>Step1 .</font></B> Clicked on Top-10-Non_Productive_Employees Location Drop-down and Selected Any Location ]]]>
              </value>
            </param>
          </params>
          <reporter-output>
          </reporter-output>
        </test-method> <!-- tearDown -->
      </class> <!-- com.emp.testcases.Dashboardtest4_Top_10_Non_Productive_Employees_Checking_Test -->
      <class name="com.emp.testcases.Dashboardtest7_Location_Performance_Checking_Test2">
        <test-method is-config="true" signature="initialization()[pri:0, instance:com.emp.testcases.Dashboardtest7_Location_Performance_Checking_Test2@4e096385]" started-at="2022-11-18T17:43:18 IST" name="initialization" finished-at="2022-11-18T17:43:26 IST" duration-ms="8204" status="PASS">
          <reporter-output>
            <line>
              <![CDATA[<B><font color = 'orange'>Username .</font></B> Entered User ID]]>
            </line>
            <line>
              <![CDATA[<B><font color = 'orange'>Password .</font></B> Entered Password]]>
            </line>
            <line>
              <![CDATA[<B><font color = 'orange'>Client_check_Box .</font></B> Clicked on Client_check_Box]]>
            </line>
            <line>
              <![CDATA[<B><font color = 'orange'>Sign In Button .</font></B> Clicked on Submit Button]]>
            </line>
          </reporter-output>
        </test-method> <!-- initialization -->
        <test-method signature="location_Performance_Checking_page_Test()[pri:1, instance:com.emp.testcases.Dashboardtest7_Location_Performance_Checking_Test2@4e096385]" started-at="2022-11-18T17:43:26 IST" name="location_Performance_Checking_page_Test" finished-at="2022-11-18T17:44:26 IST" duration-ms="59709" status="PASS">
          <reporter-output>
            <line>
              <![CDATA[<B><font color = 'blue'>Step1 .</font></B> Clicked on Location_Performance_Today Button]]>
            </line>
            <line>
              <![CDATA[<B><font color = 'blue'>                    </font></B>  ]]>
            </line>
            <line>
              <![CDATA[<B><font color = 'green'> (a).Productive Employees Data </font></B>  ]]>
            </line>
            <line>
              <![CDATA[<B><font color = 'blue'>  </font></B>    Location--Time (Hours)]]>
            </line>
            <line>
              <![CDATA[<B><font color = 'blue'>  </font></B>    Default--00:00:49 hrs (0.17%)]]>
            </line>
            <line>
              <![CDATA[<B><font color = 'blue'>                    </font></B>  ]]>
            </line>
            <line>
              <![CDATA[<B><font color = 'red'> (b).Un-Productive Employees Data </font></B>  ]]>
            </line>
            <line>
              <![CDATA[<B><font color = 'blue'>  </font></B>    Location--Time (Hours)]]>
            </line>
            <line>
              <![CDATA[<B><font color = 'blue'>  </font></B>    No data found !--null]]>
            </line>
            <line>
              <![CDATA[<B><font color = 'blue'>                    </font></B>  ]]>
            </line>
            <line>
              <![CDATA[<B><font color = 'orange'> (c).Neutral Employees Data </font></B>  ]]>
            </line>
            <line>
              <![CDATA[<B><font color = 'blue'>  </font></B>    Location--Time (Hours)]]>
            </line>
            <line>
              <![CDATA[<B><font color = 'blue'>  </font></B>    No data found !--null]]>
            </line>
            <line>
              <![CDATA[<B><font color = 'blue'>                    </font></B>  ]]>
            </line>
            <line>
              <![CDATA[<B><font color = 'blue'>Step2 .</font></B> Clicked on Location_Performance_Yesterday Button]]>
            </line>
            <line>
              <![CDATA[<B><font color = 'blue'>                    </font></B>  ]]>
            </line>
            <line>
              <![CDATA[<B><font color = 'green'> (a).Productive Employees Data </font></B>  ]]>
            </line>
            <line>
              <![CDATA[<B><font color = 'blue'>  </font></B>    Location--Time (Hours)]]>
            </line>
            <line>
              <![CDATA[<B><font color = 'blue'>  </font></B>    Default--00:00:12 hrs (0.04%)]]>
            </line>
            <line>
              <![CDATA[<B><font color = 'blue'>  </font></B>    Bhilai--00:00:12 hrs (0.04%)]]>
            </line>
            <line>
              <![CDATA[<B><font color = 'blue'>                    </font></B>  ]]>
            </line>
            <line>
              <![CDATA[<B><font color = 'red'> (b).Un-Productive Employees Data </font></B>  ]]>
            </line>
            <line>
              <![CDATA[<B><font color = 'blue'>  </font></B>    Location--Time (Hours)]]>
            </line>
            <line>
              <![CDATA[<B><font color = 'blue'>  </font></B>    No data found !--null]]>
            </line>
            <line>
              <![CDATA[<B><font color = 'blue'>                    </font></B>  ]]>
            </line>
            <line>
              <![CDATA[<B><font color = 'orange'> (c).Neutral Employees Data </font></B>  ]]>
            </line>
            <line>
              <![CDATA[<B><font color = 'blue'>  </font></B>    Location--Time (Hours)]]>
            </line>
            <line>
              <![CDATA[<B><font color = 'blue'>  </font></B>    No data found !--null]]>
            </line>
            <line>
              <![CDATA[<B><font color = 'blue'>                    </font></B>  ]]>
            </line>
            <line>
              <![CDATA[<B><font color = 'blue'>Step3 .</font></B> Clicked on Location_Performance_Thisweek Button]]>
            </line>
            <line>
              <![CDATA[<B><font color = 'blue'>                    </font></B>  ]]>
            </line>
            <line>
              <![CDATA[<B><font color = 'green'> (a).Productive Employees Data </font></B>  ]]>
            </line>
            <line>
              <![CDATA[<B><font color = 'blue'>  </font></B>    Location--Time (Hours)]]>
            </line>
            <line>
              <![CDATA[<B><font color = 'blue'>  </font></B>    bengaluru--01:22:43 hrs (5.74%)]]>
            </line>
            <line>
              <![CDATA[<B><font color = 'blue'>  </font></B>    Bhilai--01:22:43 hrs (5.74%)]]>
            </line>
            <line>
              <![CDATA[<B><font color = 'blue'>  </font></B>    Bangalore--01:22:43 hrs (5.74%)]]>
            </line>
            <line>
              <![CDATA[<B><font color = 'blue'>  </font></B>    Default--01:22:43 hrs (5.74%)]]>
            </line>
            <line>
              <![CDATA[<B><font color = 'blue'>                    </font></B>  ]]>
            </line>
            <line>
              <![CDATA[<B><font color = 'red'> (b).Un-Productive Employees Data </font></B>  ]]>
            </line>
            <line>
              <![CDATA[<B><font color = 'blue'>  </font></B>    Location--Time (Hours)]]>
            </line>
            <line>
              <![CDATA[<B><font color = 'blue'>  </font></B>    bengaluru--00:05:00 hrs (0.52%)]]>
            </line>
            <line>
              <![CDATA[<B><font color = 'blue'>  </font></B>    Bangalore--00:05:00 hrs (0.52%)]]>
            </line>
            <line>
              <![CDATA[<B><font color = 'blue'>                    </font></B>  ]]>
            </line>
            <line>
              <![CDATA[<B><font color = 'orange'> (c).Neutral Employees Data </font></B>  ]]>
            </line>
            <line>
              <![CDATA[<B><font color = 'blue'>  </font></B>    Location--Time (Hours)]]>
            </line>
            <line>
              <![CDATA[<B><font color = 'blue'>  </font></B>    No data found !--null]]>
            </line>
            <line>
              <![CDATA[<B><font color = 'blue'>                    </font></B>  ]]>
            </line>
          </reporter-output>
        </test-method> <!-- location_Performance_Checking_page_Test -->
        <test-method is-config="true" signature="tearDown(org.testng.ITestResult)[pri:0, instance:com.emp.testcases.Dashboardtest7_Location_Performance_Checking_Test2@4e096385]" started-at="2022-11-18T17:44:26 IST" name="tearDown" finished-at="2022-11-18T17:44:26 IST" duration-ms="305" status="PASS">
          <params>
            <param index="0">
              <value>
                <![CDATA[[TestResult name=location_Performance_Checking_page_Test status=SUCCESS method=Dashboardtest7_Location_Performance_Checking_Test2.location_Performance_Checking_page_Test()[pri:1, instance:com.emp.testcases.Dashboardtest7_Location_Performance_Checking_Test2@4e096385] output=<B><font color = 'blue'>Step1 .</font></B> Clicked on Location_Performance_Today Button]]]>
              </value>
            </param>
          </params>
          <reporter-output>
          </reporter-output>
        </test-method> <!-- tearDown -->
      </class> <!-- com.emp.testcases.Dashboardtest7_Location_Performance_Checking_Test2 -->
      <class name="com.emp.testcases.Dashboardtest8_Department_Performance_Checking_Test">
        <test-method is-config="true" signature="initialization()[pri:0, instance:com.emp.testcases.Dashboardtest8_Department_Performance_Checking_Test@649bec2e]" started-at="2022-11-18T17:44:26 IST" name="initialization" finished-at="2022-11-18T17:44:34 IST" duration-ms="7895" status="PASS">
          <reporter-output>
            <line>
              <![CDATA[<B><font color = 'orange'>Username .</font></B> Entered User ID]]>
            </line>
            <line>
              <![CDATA[<B><font color = 'orange'>Password .</font></B> Entered Password]]>
            </line>
            <line>
              <![CDATA[<B><font color = 'orange'>Client_check_Box .</font></B> Clicked on Client_check_Box]]>
            </line>
            <line>
              <![CDATA[<B><font color = 'orange'>Sign In Button .</font></B> Clicked on Submit Button]]>
            </line>
          </reporter-output>
        </test-method> <!-- initialization -->
        <test-method signature="Department_Performance_Checking_page_Test()[pri:1, instance:com.emp.testcases.Dashboardtest8_Department_Performance_Checking_Test@649bec2e]" started-at="2022-11-18T17:44:34 IST" name="Department_Performance_Checking_page_Test" finished-at="2022-11-18T17:45:34 IST" duration-ms="60154" status="PASS">
          <reporter-output>
            <line>
              <![CDATA[<B><font color = 'blue'>Step1 .</font></B> Clicked on Department_Performance_Today Button]]>
            </line>
            <line>
              <![CDATA[<B><font color = 'blue'>                    </font></B>  ]]>
            </line>
            <line>
              <![CDATA[<B><font color = 'green'> (a).Productive Department Performance Data </font></B>  ]]>
            </line>
            <line>
              <![CDATA[<B><font color = 'blue'>  </font></B>    Location--Time (Hours)]]>
            </line>
            <line>
              <![CDATA[<B><font color = 'blue'>  </font></B>    Default--00:00:49 hrs (0.17%)]]>
            </line>
            <line>
              <![CDATA[<B><font color = 'blue'>                    </font></B>  ]]>
            </line>
            <line>
              <![CDATA[<B><font color = 'red'> (b).Un-Productive Department Performance Data </font></B>  ]]>
            </line>
            <line>
              <![CDATA[<B><font color = 'blue'>  </font></B>    Location--Time (Hours)]]>
            </line>
            <line>
              <![CDATA[<B><font color = 'blue'>  </font></B>    No data found !--null]]>
            </line>
            <line>
              <![CDATA[<B><font color = 'blue'>                    </font></B>  ]]>
            </line>
            <line>
              <![CDATA[<B><font color = 'orange'> (c).Neutral Department_performance Data </font></B>  ]]>
            </line>
            <line>
              <![CDATA[<B><font color = 'blue'>  </font></B>    Location--Time (Hours)]]>
            </line>
            <line>
              <![CDATA[<B><font color = 'blue'>  </font></B>    No data found !--null]]>
            </line>
            <line>
              <![CDATA[<B><font color = 'blue'>                    </font></B>  ]]>
            </line>
            <line>
              <![CDATA[<B><font color = 'blue'>Step2 .</font></B> Clicked on Department_Performance_Yesterday Button]]>
            </line>
            <line>
              <![CDATA[<B><font color = 'blue'>                    </font></B>  ]]>
            </line>
            <line>
              <![CDATA[<B><font color = 'green'> (a).Productive Department_Performance Data </font></B>  ]]>
            </line>
            <line>
              <![CDATA[<B><font color = 'blue'>  </font></B>    Location--Time (Hours)]]>
            </line>
            <line>
              <![CDATA[<B><font color = 'blue'>  </font></B>    Default--00:00:12 hrs (0.04%)]]>
            </line>
            <line>
              <![CDATA[<B><font color = 'blue'>  </font></B>    Php--00:00:12 hrs (0.04%)]]>
            </line>
            <line>
              <![CDATA[<B><font color = 'blue'>                    </font></B>  ]]>
            </line>
            <line>
              <![CDATA[<B><font color = 'red'> (b).Un-Productive Department performance Data </font></B>  ]]>
            </line>
            <line>
              <![CDATA[<B><font color = 'blue'>  </font></B>    Location--Time (Hours)]]>
            </line>
            <line>
              <![CDATA[<B><font color = 'blue'>  </font></B>    No data found !--null]]>
            </line>
            <line>
              <![CDATA[<B><font color = 'blue'>                    </font></B>  ]]>
            </line>
            <line>
              <![CDATA[<B><font color = 'orange'> (c).Neutral Department_Performance Data </font></B>  ]]>
            </line>
            <line>
              <![CDATA[<B><font color = 'blue'>  </font></B>    Location--Time (Hours)]]>
            </line>
            <line>
              <![CDATA[<B><font color = 'blue'>  </font></B>    No data found !--null]]>
            </line>
            <line>
              <![CDATA[<B><font color = 'blue'>                    </font></B>  ]]>
            </line>
            <line>
              <![CDATA[<B><font color = 'blue'>Step3 .</font></B> Clicked on Department_Performance_Thisweek Button]]>
            </line>
            <line>
              <![CDATA[<B><font color = 'blue'>                    </font></B>  ]]>
            </line>
            <line>
              <![CDATA[<B><font color = 'green'> (a).Productive Department_Performance Data </font></B>  ]]>
            </line>
            <line>
              <![CDATA[<B><font color = 'blue'>  </font></B>    Location--Time (Hours)]]>
            </line>
            <line>
              <![CDATA[<B><font color = 'blue'>  </font></B>    Testing--01:22:43 hrs (5.74%)]]>
            </line>
            <line>
              <![CDATA[<B><font color = 'blue'>  </font></B>    Php--01:22:43 hrs (5.74%)]]>
            </line>
            <line>
              <![CDATA[<B><font color = 'blue'>  </font></B>    Default--01:22:43 hrs (5.74%)]]>
            </line>
            <line>
              <![CDATA[<B><font color = 'blue'>                    </font></B>  ]]>
            </line>
            <line>
              <![CDATA[<B><font color = 'red'> (b).Un-Productive Department_Performance Data </font></B>  ]]>
            </line>
            <line>
              <![CDATA[<B><font color = 'blue'>  </font></B>    Location--Time (Hours)]]>
            </line>
            <line>
              <![CDATA[<B><font color = 'blue'>  </font></B>    Testing--00:14:08 hrs (0.74%)]]>
            </line>
            <line>
              <![CDATA[<B><font color = 'blue'>                    </font></B>  ]]>
            </line>
            <line>
              <![CDATA[<B><font color = 'orange'> (c).Neutral Department_Performance Data </font></B>  ]]>
            </line>
            <line>
              <![CDATA[<B><font color = 'blue'>  </font></B>    Location--Time (Hours)]]>
            </line>
            <line>
              <![CDATA[<B><font color = 'blue'>  </font></B>    No data found !--null]]>
            </line>
            <line>
              <![CDATA[<B><font color = 'blue'>                    </font></B>  ]]>
            </line>
          </reporter-output>
        </test-method> <!-- Department_Performance_Checking_page_Test -->
        <test-method is-config="true" signature="tearDown(org.testng.ITestResult)[pri:0, instance:com.emp.testcases.Dashboardtest8_Department_Performance_Checking_Test@649bec2e]" started-at="2022-11-18T17:45:34 IST" name="tearDown" finished-at="2022-11-18T17:45:34 IST" duration-ms="297" status="PASS">
          <params>
            <param index="0">
              <value>
                <![CDATA[[TestResult name=Department_Performance_Checking_page_Test status=SUCCESS method=Dashboardtest8_Department_Performance_Checking_Test.Department_Performance_Checking_page_Test()[pri:1, instance:com.emp.testcases.Dashboardtest8_Department_Performance_Checking_Test@649bec2e] output=<B><font color = 'blue'>Step1 .</font></B> Clicked on Department_Performance_Today Button]]]>
              </value>
            </param>
          </params>
          <reporter-output>
          </reporter-output>
        </test-method> <!-- tearDown -->
      </class> <!-- com.emp.testcases.Dashboardtest8_Department_Performance_Checking_Test -->
    </test> <!-- Default test -->
  </suite> <!-- Default suite -->
</testng-results>
