<?xml version="1.0" encoding="UTF-8"?>
<!-- Generated by org.testng.reporters.JUnitXMLReporter -->
<testsuite ignored="3" hostname="DESKTOP-Q7KOQDL" failures="0" tests="4" name="EmpTest Cases" time="224.096" errors="0" timestamp="2022-08-16T13:22:54 IST">
  <testcase classname="com.emp.testcases.RegisterEmployeeTest" name="RegisterEmployeeTest" time="62.287"/>
  <testcase classname="com.emp.testcases.EmployeeDetailsTest" name="EmployeeDetailsTest" time="23.736"/>
  <testcase classname="com.emp.testcases.EmployeeAttendanceTest" name="EmployeeAttendanceTest" time="38.276"/>
  <testcase classname="com.emp.testcases.TimeSheetsTest" name="TimeSheetsTest" time="41.584"/>
  <testcase classname="com.emp.qa.base.TestBase" name="@BeforeSuite beforeSuite" time="0.0">
    <ignored/>
  </testcase> <!-- @BeforeSuite beforeSuite -->
  <testcase classname="com.emp.qa.base.TestBase" name="@BeforeSuite beforeSuite" time="0.0">
    <ignored/>
  </testcase> <!-- @BeforeSuite beforeSuite -->
  <testcase classname="com.emp.qa.base.TestBase" name="@BeforeSuite beforeSuite" time="0.0">
    <ignored/>
  </testcase> <!-- @BeforeSuite beforeSuite -->
</testsuite> <!-- EmpTest Cases -->
