<?xml version="1.0" encoding="UTF-8"?>
<!-- Generated by org.testng.reporters.JUnitReportReporter -->
<testsuite hostname="LAPTOP-GF0QQ927" failures="0" tests="1" name="com.emp.testcases.AddingFilterModuleTest" time="30.828" errors="0" timestamp="2022-11-17T12:31:24 IST" skipped="0">
  <testcase classname="com.emp.testcases.AddingFilterModuleTest" name="AddingFilterModuleTest" time="30.828"/>
  <system-out>
    <![CDATA[<B><font color = 'blue'>Step1 .</font></B> clicked on Employee Module and Selected Employee Details Sub-Module 
<B><font color = 'blue'>Step2 .</font></B> clicked on Export Button
<B><font color = 'blue'>Step3 .</font></B> Clicked on Select All check Box option
<B><font color = 'blue'>Step4 .</font></B> clicked on Submit button
<B><font color = 'blue'> .</font></B>  First Name
<B><font color = 'blue'> .</font></B>  Last Name
<B><font color = 'blue'> .</font></B>  Full Name
<B><font color = 'blue'> .</font></B>  UserName
<B><font color = 'blue'> .</font></B>  Email
<B><font color = 'blue'> .</font></B>  Employee Code
<B><font color = 'blue'> .</font></B>  Employee Unique Id
<B><font color = 'blue'> .</font></B>  Password
<B><font color = 'blue'> .</font></B>  Location
<B><font color = 'blue'> .</font></B>  Department
<B><font color = 'blue'> .</font></B>  Address
<B><font color = 'blue'> .</font></B>  Date of Join
<B><font color = 'blue'> .</font></B>  Phone
<B><font color = 'blue'> .</font></B>  Country Code
<B><font color = 'blue'> .</font></B>  Timezone
<B><font color = 'blue'> .</font></B>  Shift Name
<B><font color = 'blue'> .</font></B>  Track-User-Setting
<B><font color = 'blue'> .</font></B>  Computer name
<B><font color = 'blue'> .</font></B>  Version
<B><font color = 'blue'> .</font></B>  Role
<B><font color = 'blue'> .</font></B>  ABCcode
<B><font color = 'blue'> .</font></B>  AutomationCode36
<B><font color = 'blue'> .</font></B>  AutomationCode40
<B><font color = 'blue'> .</font></B>  AutomationCode75
<B><font color = 'blue'> .</font></B>  AutomationCode78
<B><font color = 'blue'> .</font></B>  AutomationCode90
<B><font color = 'blue'> .</font></B>  AutomationCode98
<B><font color = 'blue'> .</font></B>  CVT
<B><font color = 'blue'> .</font></B>  dfgy
<B><font color = 'blue'> .</font></B>  External Monitor
<B><font color = 'blue'> .</font></B>  HOD
<B><font color = 'blue'> .</font></B>  HR
<B><font color = 'blue'> .</font></B>  Manager
<B><font color = 'blue'> .</font></B>  Manager-HR
<B><font color = 'blue'> .</font></B>  New Rock
<B><font color = 'blue'> .</font></B>  rty
<B><font color = 'blue'> .</font></B>  SESb
<B><font color = 'blue'> .</font></B>  Sita
<B><font color = 'blue'> .</font></B>  Team Lead
<B><font color = 'blue'> .</font></B>  tes sar
<B><font color = 'blue'> .</font></B>  tes sar asd
<B><font color = 'blue'> .</font></B>  test
<B><font color = 'blue'> .</font></B>  test r 123
<B><font color = 'blue'> .</font></B>  TestOne
<B><font color = 'blue'> .</font></B>  TL
<B><font color = 'blue'> .</font></B>  TL sdfsd
<B><font color = 'blue'> .</font></B>  Xyz
<B><font color = 'blue'> .</font></B>  YUT
<B><font color = 'blue'> .</font></B>  ZYT
<B><font color = 'blue'> .</font></B>  new dev
<B><font color = 'blue'> .</font></B>  user
<B><font color = 'blue'> .</font></B>  new dev user
<B><font color = 'blue'> .</font></B>  
<B><font color = 'blue'> .</font></B>  new@dev.user
<B><font color = 'blue'> .</font></B>  fdfsfsd
<B><font color = 'blue'> .</font></B>  new@dev.user
<B><font color = 'blue'> .</font></B>  bT8kHapfdLCp89N@
<B><font color = 'blue'> .</font></B>  Default
<B><font color = 'blue'> .</font></B>  Default
<B><font color = 'blue'> .</font></B>  
<B><font color = 'blue'> .</font></B>  2022-11-01
<B><font color = 'blue'> .</font></B>  
<B><font color = 'blue'> .</font></B>  
<B><font color = 'blue'> .</font></B>  (UTC +05:30) Kolkata, Asia
<B><font color = 'blue'> .</font></B>  
<B><font color = 'blue'> .</font></B>  Organaization setting
<B><font color = 'blue'> .</font></B>  
<B><font color = 'blue'> .</font></B>  
<B><font color = 'blue'> .</font></B>  Manager-HR
<B><font color = 'blue'> .</font></B>  
<B><font color = 'blue'> .</font></B>  
<B><font color = 'blue'> .</font></B>  
<B><font color = 'blue'> .</font></B>  
<B><font color = 'blue'> .</font></B>  
<B><font color = 'blue'> .</font></B>  
<B><font color = 'blue'> .</font></B>  
<B><font color = 'blue'> .</font></B>  
<B><font color = 'blue'> .</font></B>  
<B><font color = 'blue'> .</font></B>  
<B><font color = 'blue'> .</font></B>  
<B><font color = 'blue'> .</font></B>  
<B><font color = 'blue'> .</font></B>  
<B><font color = 'blue'> .</font></B>  
<B><font color = 'blue'> .</font></B>  
<B><font color = 'blue'> .</font></B>  
<B><font color = 'blue'> .</font></B>  
<B><font color = 'blue'> .</font></B>  
<B><font color = 'blue'> .</font></B>  
<B><font color = 'blue'> .</font></B>  
<B><font color = 'blue'> .</font></B>  
<B><font color = 'blue'> .</font></B>  
<B><font color = 'blue'> .</font></B>  
<B><font color = 'blue'> .</font></B>  
<B><font color = 'blue'> .</font></B>  
<B><font color = 'blue'> .</font></B>  
<B><font color = 'blue'> .</font></B>  
<B><font color = 'blue'> .</font></B>  
<B><font color = 'blue'> .</font></B>  
<B><font color = 'blue'> .</font></B>  Abhishek Four tf
<B><font color = 'blue'> .</font></B>  test
<B><font color = 'blue'> .</font></B>  Abhishek Four tf test
<B><font color = 'blue'> .</font></B>  
<B><font color = 'blue'> .</font></B>  abhishekfourtf@mail.com
<B><font color = 'blue'> .</font></B>  HLIKSJ98
<B><font color = 'blue'> .</font></B>  abhishekfourtf@mail.com
<B><font color = 'blue'> .</font></B>  bT8kHapfdLCp89N@
<B><font color = 'blue'> .</font></B>  Default
<B><font color = 'blue'> .</font></B>  Default
<B><font color = 'blue'> .</font></B>   
<B><font color = 'blue'> .</font></B>  2022-11-01
<B><font color = 'blue'> .</font></B>  
<B><font color = 'blue'> .</font></B>  91
<B><font color = 'blue'> .</font></B>  (UTC +05:30) Kolkata, Asia
<B><font color = 'blue'> .</font></B>  
<B><font color = 'blue'> .</font></B>  Departmentwise setting
<B><font color = 'blue'> .</font></B>  GLB-124-PC
<B><font color = 'blue'> .</font></B>  2.0.9
<B><font color = 'blue'> .</font></B>  Employee,Manager
<B><font color = 'blue'> .</font></B>  
<B><font color = 'blue'> .</font></B>  
<B><font color = 'blue'> .</font></B>  
<B><font color = 'blue'> .</font></B>  
<B><font color = 'blue'> .</font></B>  
<B><font color = 'blue'> .</font></B>  
<B><font color = 'blue'> .</font></B>  
<B><font color = 'blue'> .</font></B>  
<B><font color = 'blue'> .</font></B>  
<B><font color = 'blue'> .</font></B>  
<B><font color = 'blue'> .</font></B>  
<B><font color = 'blue'> .</font></B>  
<B><font color = 'blue'> .</font></B>  
<B><font color = 'blue'> .</font></B>  
<B><font color = 'blue'> .</font></B>  
<B><font color = 'blue'> .</font></B>  
<B><font color = 'blue'> .</font></B>  
<B><font color = 'blue'> .</font></B>  
<B><font color = 'blue'> .</font></B>  
<B><font color = 'blue'> .</font></B>  
<B><font color = 'blue'> .</font></B>  
<B><font color = 'blue'> .</font></B>   manageremp@gmail.com
<B><font color = 'blue'> .</font></B>  
<B><font color = 'blue'> .</font></B>  
<B><font color = 'blue'> .</font></B>  
<B><font color = 'blue'> .</font></B>  
<B><font color = 'blue'> .</font></B>  
<B><font color = 'blue'> .</font></B>  
<B><font color = 'blue'> .</font></B>  
<B><font color = 'blue'> .</font></B>  Automation
<B><font color = 'blue'> .</font></B>  CodeeeAuto
<B><font color = 'blue'> .</font></B>  Automation CodeeeAuto
<B><font color = 'blue'> .</font></B>  
<B><font color = 'blue'> .</font></B>  skabcdef38@gmail.com
<B><font color = 'blue'> .</font></B>  Emp-Abzcde-123457
<B><font color = 'blue'> .</font></B>  skabcdef38@gmail.com
<B><font color = 'blue'> .</font></B>  Abc@$123
<B><font color = 'blue'> .</font></B>  Bangalore
<B><font color = 'blue'> .</font></B>  Testing
<B><font color = 'blue'> .</font></B>  Hno:123,Banglore
<B><font color = 'blue'> .</font></B>  2021-01-03
<B><font color = 'blue'> .</font></B>  9876543210
<B><font color = 'blue'> .</font></B>  91
<B><font color = 'blue'> .</font></B>  (UTC-05:00) Santiago, Chile
<B><font color = 'blue'> .</font></B>  full day
<B><font color = 'blue'> .</font></B>  Organaization setting
<B><font color = 'blue'> .</font></B>  
<B><font color = 'blue'> .</font></B>  
<B><font color = 'blue'> .</font></B>  AutomationCode40
<B><font color = 'blue'> .</font></B>  
<B><font color = 'blue'> .</font></B>  
<B><font color = 'blue'> .</font></B>  
<B><font color = 'blue'> .</font></B>  
<B><font color = 'blue'> .</font></B>  
<B><font color = 'blue'> .</font></B>  
<B><font color = 'blue'> .</font></B>  
<B><font color = 'blue'> .</font></B>  
<B><font color = 'blue'> .</font></B>  
<B><font color = 'blue'> .</font></B>  
<B><font color = 'blue'> .</font></B>  
<B><font color = 'blue'> .</font></B>  
<B><font color = 'blue'> .</font></B>  
<B><font color = 'blue'> .</font></B>  
<B><font color = 'blue'> .</font></B>  
<B><font color = 'blue'> .</font></B>  
<B><font color = 'blue'> .</font></B>  
<B><font color = 'blue'> .</font></B>  
<B><font color = 'blue'> .</font></B>  
<B><font color = 'blue'> .</font></B>  
<B><font color = 'blue'> .</font></B>  
<B><font color = 'blue'> .</font></B>  
<B><font color = 'blue'> .</font></B>  
<B><font color = 'blue'> .</font></B>  
<B><font color = 'blue'> .</font></B>  
<B><font color = 'blue'> .</font></B>  
<B><font color = 'blue'> .</font></B>  
<B><font color = 'blue'> .</font></B>  
<B><font color = 'blue'> .</font></B>  
<B><font color = 'blue'> .</font></B>  shivammmmmmmmmmmmmmmmmmmm
<B><font color = 'blue'> .</font></B>  Kumar
<B><font color = 'blue'> .</font></B>  shivammmmmmmmmmmmmmmmmmmm Kumar
<B><font color = 'blue'> .</font></B>  
<B><font color = 'blue'> .</font></B>  kgfyash545@gmail.com
<B><font color = 'blue'> .</font></B>  hsakhdjk414
<B><font color = 'blue'> .</font></B>  kgfyash545@gmail.com
<B><font color = 'blue'> .</font></B>  kgfyash545@gmail.com
<B><font color = 'blue'> .</font></B>  Default
<B><font color = 'blue'> .</font></B>  Default
<B><font color = 'blue'> .</font></B>   
<B><font color = 'blue'> .</font></B>  
<B><font color = 'blue'> .</font></B>  
<B><font color = 'blue'> .</font></B>  91
<B><font color = 'blue'> .</font></B>  (UTC +03:00) Syowa, Antarctica
<B><font color = 'blue'> .</font></B>  
<B><font color = 'blue'> .</font></B>  Organaization setting
<B><font color = 'blue'> .</font></B>  
<B><font color = 'blue'> .</font></B>  
<B><font color = 'blue'> .</font></B>  AutomationCode36
<B><font color = 'blue'> .</font></B>  
<B><font color = 'blue'> .</font></B>  
<B><font color = 'blue'> .</font></B>  
<B><font color = 'blue'> .</font></B>  
<B><font color = 'blue'> .</font></B>  
<B><font color = 'blue'> .</font></B>  
<B><font color = 'blue'> .</font></B>  
<B><font color = 'blue'> .</font></B>  
<B><font color = 'blue'> .</font></B>  
<B><font color = 'blue'> .</font></B>  
<B><font color = 'blue'> .</font></B>  
<B><font color = 'blue'> .</font></B>  
<B><font color = 'blue'> .</font></B>   sdgsg@dgksodkg.in
<B><font color = 'blue'> .</font></B>  
<B><font color = 'blue'> .</font></B>  
<B><font color = 'blue'> .</font></B>  
<B><font color = 'blue'> .</font></B>  
<B><font color = 'blue'> .</font></B>  
<B><font color = 'blue'> .</font></B>  
<B><font color = 'blue'> .</font></B>  
<B><font color = 'blue'> .</font></B>  
<B><font color = 'blue'> .</font></B>   manageremp@gmail.com
<B><font color = 'blue'> .</font></B>  
<B><font color = 'blue'> .</font></B>  
<B><font color = 'blue'> .</font></B>  
<B><font color = 'blue'> .</font></B>  
<B><font color = 'blue'> .</font></B>  
<B><font color = 'blue'> .</font></B>  
<B><font color = 'blue'> .</font></B>  
<B><font color = 'blue'> .</font></B>  GLB-BLR-010-PC -
<B><font color = 'blue'> .</font></B>  GLB-BLR-010
<B><font color = 'blue'> .</font></B>  GLB-BLR-010-PC - GLB-BLR-010
<B><font color = 'blue'> .</font></B>  GLB-BLR-010
<B><font color = 'blue'> .</font></B>  abcd@yuksdgus
<B><font color = 'blue'> .</font></B>  GLB-BLR-010
<B><font color = 'blue'> .</font></B>  3786765f-519d-42fc-8d7f-ad3cc250e166_@GLB-BLR-010.OjUpRD2
<B><font color = 'blue'> .</font></B>  sdjkasdilyiasdyiio5@
<B><font color = 'blue'> .</font></B>  bengaluru
<B><font color = 'blue'> .</font></B>  Testing
<B><font color = 'blue'> .</font></B>  null
<B><font color = 'blue'> .</font></B>  2022-11-15
<B><font color = 'blue'> .</font></B>  
<B><font color = 'blue'> .</font></B>  91
<B><font color = 'blue'> .</font></B>  (UTC +05:30) Kolkata, Asia
<B><font color = 'blue'> .</font></B>  
<B><font color = 'blue'> .</font></B>  Departmentwise setting
<B><font color = 'blue'> .</font></B>  GLB-BLR-010-PC
<B><font color = 'blue'> .</font></B>  2.0.9
<B><font color = 'blue'> .</font></B>  Employee
<B><font color = 'blue'> .</font></B>  
<B><font color = 'blue'> .</font></B>  
<B><font color = 'blue'> .</font></B>  
<B><font color = 'blue'> .</font></B>  
<B><font color = 'blue'> .</font></B>  
<B><font color = 'blue'> .</font></B>  
<B><font color = 'blue'> .</font></B>  
<B><font color = 'blue'> .</font></B>   sskey@gmail.com
<B><font color = 'blue'> .</font></B>  
<B><font color = 'blue'> .</font></B>   sarikajain@gmail.com, jos@gmail.com
<B><font color = 'blue'> .</font></B>  
<B><font color = 'blue'> .</font></B>  
<B><font color = 'blue'> .</font></B>   sdgsg@dgksodkg.in
<B><font color = 'blue'> .</font></B>  
<B><font color = 'blue'> .</font></B>  
<B><font color = 'blue'> .</font></B>  
<B><font color = 'blue'> .</font></B>  
<B><font color = 'blue'> .</font></B>  
<B><font color = 'blue'> .</font></B>  
<B><font color = 'blue'> .</font></B>  
<B><font color = 'blue'> .</font></B>  
<B><font color = 'blue'> .</font></B>   manageremp@gmail.com
<B><font color = 'blue'> .</font></B>  
<B><font color = 'blue'> .</font></B>  
<B><font color = 'blue'> .</font></B>  
<B><font color = 'blue'> .</font></B>  
<B><font color = 'blue'> .</font></B>  
<B><font color = 'blue'> .</font></B>  
<B><font color = 'blue'> .</font></B>  
<B><font color = 'blue'> .</font></B>  SS
<B><font color = 'blue'> .</font></B>  Keystrokes
<B><font color = 'blue'> .</font></B>  SS Keystrokes
<B><font color = 'blue'> .</font></B>  
<B><font color = 'blue'> .</font></B>  sskey@gmail.com
<B><font color = 'blue'> .</font></B>  emp98y
<B><font color = 'blue'> .</font></B>  sskey@gmail.com
<B><font color = 'blue'> .</font></B>  Emp123!@#
<B><font color = 'blue'> .</font></B>  Default
<B><font color = 'blue'> .</font></B>  Default
<B><font color = 'blue'> .</font></B>  
<B><font color = 'blue'> .</font></B>  2022-11-15
<B><font color = 'blue'> .</font></B>  
<B><font color = 'blue'> .</font></B>  
<B><font color = 'blue'> .</font></B>  (UTC +05:30) Kolkata, Asia
<B><font color = 'blue'> .</font></B>  
<B><font color = 'blue'> .</font></B>  Custom
<B><font color = 'blue'> .</font></B>  GLB-BLR-010-PC
<B><font color = 'blue'> .</font></B>  2.0.9
<B><font color = 'blue'> .</font></B>  CVT
<B><font color = 'blue'> .</font></B>  
<B><font color = 'blue'> .</font></B>  
<B><font color = 'blue'> .</font></B>  
<B><font color = 'blue'> .</font></B>  
<B><font color = 'blue'> .</font></B>  
<B><font color = 'blue'> .</font></B>  
<B><font color = 'blue'> .</font></B>  
<B><font color = 'blue'> .</font></B>  
<B><font color = 'blue'> .</font></B>  
<B><font color = 'blue'> .</font></B>  
<B><font color = 'blue'> .</font></B>  
<B><font color = 'blue'> .</font></B>  
<B><font color = 'blue'> .</font></B>   sdgsg@dgksodkg.in
<B><font color = 'blue'> .</font></B>  
<B><font color = 'blue'> .</font></B>  
<B><font color = 'blue'> .</font></B>  
<B><font color = 'blue'> .</font></B>  
<B><font color = 'blue'> .</font></B>  
<B><font color = 'blue'> .</font></B>  
<B><font color = 'blue'> .</font></B>  
<B><font color = 'blue'> .</font></B>  
<B><font color = 'blue'> .</font></B>  
<B><font color = 'blue'> .</font></B>  
<B><font color = 'blue'> .</font></B>  
<B><font color = 'blue'> .</font></B>  
<B><font color = 'blue'> .</font></B>  
<B><font color = 'blue'> .</font></B>  
<B><font color = 'blue'> .</font></B>  
<B><font color = 'blue'> .</font></B>  
<B><font color = 'blue'> .</font></B>  Aryan
<B><font color = 'blue'> .</font></B>  raj
<B><font color = 'blue'> .</font></B>  Aryan raj
<B><font color = 'blue'> .</font></B>  
<B><font color = 'blue'> .</font></B>  alex@gmail.com
<B><font color = 'blue'> .</font></B>  126
<B><font color = 'blue'> .</font></B>  alex@gmail.com
<B><font color = 'blue'> .</font></B>  alex@7890
<B><font color = 'blue'> .</font></B>  Bangalore
<B><font color = 'blue'> .</font></B>  Testing
<B><font color = 'blue'> .</font></B>  
<B><font color = 'blue'> .</font></B>  
<B><font color = 'blue'> .</font></B>  
<B><font color = 'blue'> .</font></B>  
<B><font color = 'blue'> .</font></B>  (UTC +05:30) Kolkata, Asia
<B><font color = 'blue'> .</font></B>  
<B><font color = 'blue'> .</font></B>  Departmentwise setting
<B><font color = 'blue'> .</font></B>  GLB-124-PC
<B><font color = 'blue'> .</font></B>  2.0.9
<B><font color = 'blue'> .</font></B>  Employee
<B><font color = 'blue'> .</font></B>  
<B><font color = 'blue'> .</font></B>  
<B><font color = 'blue'> .</font></B>  
<B><font color = 'blue'> .</font></B>  
<B><font color = 'blue'> .</font></B>  
<B><font color = 'blue'> .</font></B>  
<B><font color = 'blue'> .</font></B>  
<B><font color = 'blue'> .</font></B>  
<B><font color = 'blue'> .</font></B>  
<B><font color = 'blue'> .</font></B>  
<B><font color = 'blue'> .</font></B>   cscsdw123@gmail.com, newtest@gmail.com, test@mac.in, sam@rf.in, testone1234@gmail.com
<B><font color = 'blue'> .</font></B>  
<B><font color = 'blue'> .</font></B>   nitest12@gmail.com, sdgsg@dgksodkg.in
<B><font color = 'blue'> .</font></B>  
<B><font color = 'blue'> .</font></B>  
<B><font color = 'blue'> .</font></B>  
<B><font color = 'blue'> .</font></B>  
<B><font color = 'blue'> .</font></B>  
<B><font color = 'blue'> .</font></B>  
<B><font color = 'blue'> .</font></B>  
<B><font color = 'blue'> .</font></B>  
<B><font color = 'blue'> .</font></B>  
<B><font color = 'blue'> .</font></B>  
<B><font color = 'blue'> .</font></B>  
<B><font color = 'blue'> .</font></B>  
<B><font color = 'blue'> .</font></B>  
<B><font color = 'blue'> .</font></B>  
<B><font color = 'blue'> .</font></B>  
<B><font color = 'blue'> .</font></B>  
<B><font color = 'blue'> .</font></B>  piyush
<B><font color = 'blue'> .</font></B>  dfgsfg
<B><font color = 'blue'> .</font></B>  piyush dfgsfg
<B><font color = 'blue'> .</font></B>  
<B><font color = 'blue'> .</font></B>  jos@gmail.com
<B><font color = 'blue'> .</font></B>  sdgff
<B><font color = 'blue'> .</font></B>  jos@gmail.com
<B><font color = 'blue'> .</font></B>  Piyush$1234
<B><font color = 'blue'> .</font></B>  Bangalore
<B><font color = 'blue'> .</font></B>  Testing
<B><font color = 'blue'> .</font></B>  fdgdfgdfg
<B><font color = 'blue'> .</font></B>  2022-11-14
<B><font color = 'blue'> .</font></B>  1234567890
<B><font color = 'blue'> .</font></B>  91
<B><font color = 'blue'> .</font></B>  (UTC -03:00) Godthab, America
<B><font color = 'blue'> .</font></B>  abcxx
<B><font color = 'blue'> .</font></B>  Departmentwise setting
<B><font color = 'blue'> .</font></B>  
<B><font color = 'blue'> .</font></B>  
<B><font color = 'blue'> .</font></B>  External Monitor
<B><font color = 'blue'> .</font></B>  
<B><font color = 'blue'> .</font></B>   kgfyash545@gmail.com
<B><font color = 'blue'> .</font></B>   skabcdef38@gmail.com
<B><font color = 'blue'> .</font></B>  
<B><font color = 'blue'> .</font></B>  
<B><font color = 'blue'> .</font></B>  
<B><font color = 'blue'> .</font></B>  
<B><font color = 'blue'> .</font></B>  
<B><font color = 'blue'> .</font></B>  
<B><font color = 'blue'> .</font></B>  
<B><font color = 'blue'> .</font></B>   cscsdw123@gmail.com, newtest@gmail.com, test@mac.in, sam@rf.in, testone1234@gmail.com
<B><font color = 'blue'> .</font></B>  
<B><font color = 'blue'> .</font></B>   nitest12@gmail.com, sdgsg@dgksodkg.in
<B><font color = 'blue'> .</font></B>  
<B><font color = 'blue'> .</font></B>  
<B><font color = 'blue'> .</font></B>  
<B><font color = 'blue'> .</font></B>  
<B><font color = 'blue'> .</font></B>  
<B><font color = 'blue'> .</font></B>  
<B><font color = 'blue'> .</font></B>  
<B><font color = 'blue'> .</font></B>  
<B><font color = 'blue'> .</font></B>  
<B><font color = 'blue'> .</font></B>  
<B><font color = 'blue'> .</font></B>  
<B><font color = 'blue'> .</font></B>  
<B><font color = 'blue'> .</font></B>  
<B><font color = 'blue'> .</font></B>  
<B><font color = 'blue'> .</font></B>  
<B><font color = 'blue'> .</font></B>   dsa@eqe, dvbvdb@yahoo.com, sam@rf.in
<B><font color = 'blue'> .</font></B>  one
<B><font color = 'blue'> .</font></B>  test
<B><font color = 'blue'> .</font></B>  one test
<B><font color = 'blue'> .</font></B>  
<B><font color = 'blue'> .</font></B>  testone1234@gmail.com
<B><font color = 'blue'> .</font></B>  0110
<B><font color = 'blue'> .</font></B>  testone1234@gmail.com
<B><font color = 'blue'> .</font></B>  test12#@!one
<B><font color = 'blue'> .</font></B>  bengaluru
<B><font color = 'blue'> .</font></B>  Testing
<B><font color = 'blue'> .</font></B>   
<B><font color = 'blue'> .</font></B>  
<B><font color = 'blue'> .</font></B>  
<B><font color = 'blue'> .</font></B>  91
<B><font color = 'blue'> .</font></B>  (UTC -03:00) Godthab, America
<B><font color = 'blue'> .</font></B>  Default
<B><font color = 'blue'> .</font></B>  Organaization setting
<B><font color = 'blue'> .</font></B>  
<B><font color = 'blue'> .</font></B>  
<B><font color = 'blue'> .</font></B>  HOD
<B><font color = 'blue'> .</font></B>  
<B><font color = 'blue'> .</font></B>  
<B><font color = 'blue'> .</font></B>  
<B><font color = 'blue'> .</font></B>  
<B><font color = 'blue'> .</font></B>  
<B><font color = 'blue'> .</font></B>  
<B><font color = 'blue'> .</font></B>  
<B><font color = 'blue'> .</font></B>  
<B><font color = 'blue'> .</font></B>  
<B><font color = 'blue'> .</font></B>  
<B><font color = 'blue'> .</font></B>  
<B><font color = 'blue'> .</font></B>  
<B><font color = 'blue'> .</font></B>   nitest12@gmail.com, sdgsg@dgksodkg.in
<B><font color = 'blue'> .</font></B>  
<B><font color = 'blue'> .</font></B>  
<B><font color = 'blue'> .</font></B>  
<B><font color = 'blue'> .</font></B>  
<B><font color = 'blue'> .</font></B>  
<B><font color = 'blue'> .</font></B>  
<B><font color = 'blue'> .</font></B>  
<B><font color = 'blue'> .</font></B>  
<B><font color = 'blue'> .</font></B>  
<B><font color = 'blue'> .</font></B>  
<B><font color = 'blue'> .</font></B>  
<B><font color = 'blue'> .</font></B>  
<B><font color = 'blue'> .</font></B>  
<B><font color = 'blue'> .</font></B>  
<B><font color = 'blue'> .</font></B>  
<B><font color = 'blue'> .</font></B>  
<B><font color = 'blue'> .</font></B>  Guest
<B><font color = 'blue'> .</font></B>  User
<B><font color = 'blue'> .</font></B>  Guest User
<B><font color = 'blue'> .</font></B>  
<B><font color = 'blue'> .</font></B>  guestuser@gmail.com
<B><font color = 'blue'> .</font></B>  GLB-777
<B><font color = 'blue'> .</font></B>  guestuser@gmail.com
<B><font color = 'blue'> .</font></B>  guest!2345
<B><font color = 'blue'> .</font></B>  Bhilai
<B><font color = 'blue'> .</font></B>  Php
<B><font color = 'blue'> .</font></B>  Durg
<B><font color = 'blue'> .</font></B>  2022-11-11
<B><font color = 'blue'> .</font></B>  9988776655
<B><font color = 'blue'> .</font></B>  91
<B><font color = 'blue'> .</font></B>  (UTC +05:30) Kolkata, Asia
<B><font color = 'blue'> .</font></B>  Default
<B><font color = 'blue'> .</font></B>  Departmentwise setting
<B><font color = 'blue'> .</font></B>  GLB-124-PC
<B><font color = 'blue'> .</font></B>  2.0.9
<B><font color = 'blue'> .</font></B>  Employee
<B><font color = 'blue'> .</font></B>  
<B><font color = 'blue'> .</font></B>  
<B><font color = 'blue'> .</font></B>  
<B><font color = 'blue'> .</font></B>  
<B><font color = 'blue'> .</font></B>  
<B><font color = 'blue'> .</font></B>  
<B><font color = 'blue'> .</font></B>  
<B><font color = 'blue'> .</font></B>  
<B><font color = 'blue'> .</font></B>  
<B><font color = 'blue'> .</font></B>  
<B><font color = 'blue'> .</font></B>  
<B><font color = 'blue'> .</font></B>  
<B><font color = 'blue'> .</font></B>   nitest12@gmail.com, sdgsg@dgksodkg.in
<B><font color = 'blue'> .</font></B>   123@gmail.com, manageremp@gmail.com, null, new@dev.user
<B><font color = 'blue'> .</font></B>  
<B><font color = 'blue'> .</font></B>  
<B><font color = 'blue'> .</font></B>  
<B><font color = 'blue'> .</font></B>  
<B><font color = 'blue'> .</font></B>  
<B><font color = 'blue'> .</font></B>  
<B><font color = 'blue'> .</font></B>  
<B><font color = 'blue'> .</font></B>  
<B><font color = 'blue'> .</font></B>  
<B><font color = 'blue'> .</font></B>  
<B><font color = 'blue'> .</font></B>  
<B><font color = 'blue'> .</font></B>  
<B><font color = 'blue'> .</font></B>  
<B><font color = 'blue'> .</font></B>  
<B><font color = 'blue'> .</font></B>  
<B><font color = 'blue'> .</font></B>  Automation
<B><font color = 'blue'> .</font></B>  CodeeeAuto
<B><font color = 'blue'> .</font></B>  Automation CodeeeAuto
<B><font color = 'blue'> .</font></B>  
<B><font color = 'blue'> .</font></B>  skabcdef7@gmail.com
<B><font color = 'blue'> .</font></B>  Emp-Abzcde-1234522
<B><font color = 'blue'> .</font></B>  skabcdef7@gmail.com
<B><font color = 'blue'> .</font></B>  Abc@$123
<B><font color = 'blue'> .</font></B>  Bangalore
<B><font color = 'blue'> .</font></B>  Testing
<B><font color = 'blue'> .</font></B>  Hno:123,Banglore
<B><font color = 'blue'> .</font></B>  2021-01-03
<B><font color = 'blue'> .</font></B>  9876543210
<B><font color = 'blue'> .</font></B>  91
<B><font color = 'blue'> .</font></B>  (UTC-05:00) Santiago, Chile
<B><font color = 'blue'> .</font></B>  full day
<B><font color = 'blue'> .</font></B>  Departmentwise setting
<B><font color = 'blue'> .</font></B>  
<B><font color = 'blue'> .</font></B>  
<B><font color = 'blue'> .</font></B>  Employee
<B><font color = 'blue'> .</font></B>  
<B><font color = 'blue'> .</font></B>  
<B><font color = 'blue'> .</font></B>  
<B><font color = 'blue'> .</font></B>  
<B><font color = 'blue'> .</font></B>  
<B><font color = 'blue'> .</font></B>  
<B><font color = 'blue'> .</font></B>  
<B><font color = 'blue'> .</font></B>  
<B><font color = 'blue'> .</font></B>  
<B><font color = 'blue'> .</font></B>  
<B><font color = 'blue'> .</font></B>   cscsdw123@gmail.com, newtest@gmail.com, test@mac.in, sam@rf.in, testone1234@gmail.com
<B><font color = 'blue'> .</font></B>  
<B><font color = 'blue'> .</font></B>  
<B><font color = 'blue'> .</font></B>   manageremp@gmail.com
<B><font color = 'blue'> .</font></B>  
<B><font color = 'blue'> .</font></B>  
<B><font color = 'blue'> .</font></B>  
<B><font color = 'blue'> .</font></B>  
<B><font color = 'blue'> .</font></B>  
<B><font color = 'blue'> .</font></B>  
<B><font color = 'blue'> .</font></B>  
<B><font color = 'blue'> .</font></B>  
<B><font color = 'blue'> .</font></B>  
<B><font color = 'blue'> .</font></B>  
<B><font color = 'blue'> .</font></B>  
<B><font color = 'blue'> .</font></B>  
<B><font color = 'blue'> .</font></B>  
<B><font color = 'blue'> .</font></B>  
<B><font color = 'blue'> .</font></B>  
<B><font color = 'blue'> .</font></B>  dxgfdxg
<B><font color = 'blue'> .</font></B>  gssdg
<B><font color = 'blue'> .</font></B>  dxgfdxg gssdg
<B><font color = 'blue'> .</font></B>  
<B><font color = 'blue'> .</font></B>  sdgsg@dgksodkg.in
<B><font color = 'blue'> .</font></B>  asfda343443
<B><font color = 'blue'> .</font></B>  sdgsg@dgksodkg.in
<B><font color = 'blue'> .</font></B>  RKf3byBAzieQxRZ@#
<B><font color = 'blue'> .</font></B>  Bhilai
<B><font color = 'blue'> .</font></B>  Php
<B><font color = 'blue'> .</font></B>   
<B><font color = 'blue'> .</font></B>  2022-11-01
<B><font color = 'blue'> .</font></B>  
<B><font color = 'blue'> .</font></B>  91
<B><font color = 'blue'> .</font></B>  (UTC +05:30) Kolkata, Asia
<B><font color = 'blue'> .</font></B>  
<B><font color = 'blue'> .</font></B>  Departmentwise setting
<B><font color = 'blue'> .</font></B>  
<B><font color = 'blue'> .</font></B>  
<B><font color = 'blue'> .</font></B>  Manager
<B><font color = 'blue'> .</font></B>  
<B><font color = 'blue'> .</font></B>  
<B><font color = 'blue'> .</font></B>  
<B><font color = 'blue'> .</font></B>  
<B><font color = 'blue'> .</font></B>  
<B><font color = 'blue'> .</font></B>  
<B><font color = 'blue'> .</font></B>  
<B><font color = 'blue'> .</font></B>  
<B><font color = 'blue'> .</font></B>  
<B><font color = 'blue'> .</font></B>  
<B><font color = 'blue'> .</font></B>  
<B><font color = 'blue'> .</font></B>  
<B><font color = 'blue'> .</font></B>   nitest12@gmail.com
<B><font color = 'blue'> .</font></B>   123@gmail.com, manageremp@gmail.com, null
<B><font color = 'blue'> .</font></B>  
<B><font color = 'blue'> .</font></B>  
<B><font color = 'blue'> .</font></B>  
<B><font color = 'blue'> .</font></B>  
<B><font color = 'blue'> .</font></B>  
<B><font color = 'blue'> .</font></B>  
<B><font color = 'blue'> .</font></B>  
<B><font color = 'blue'> .</font></B>  
<B><font color = 'blue'> .</font></B>  
<B><font color = 'blue'> .</font></B>  
<B><font color = 'blue'> .</font></B>  
<B><font color = 'blue'> .</font></B>  
<B><font color = 'blue'> .</font></B>  
<B><font color = 'blue'> .</font></B>  
<B><font color = 'blue'> .</font></B>  
<B><font color = 'blue'> .</font></B>  testing
<B><font color = 'blue'> .</font></B>  test
<B><font color = 'blue'> .</font></B>  testing test
<B><font color = 'blue'> .</font></B>  
<B><font color = 'blue'> .</font></B>  aarshajoyson1601@gmail.com
<B><font color = 'blue'> .</font></B>  glb0008
<B><font color = 'blue'> .</font></B>  aarshajoyson1601@gmail.com
<B><font color = 'blue'> .</font></B>  Aarsha@1601
<B><font color = 'blue'> .</font></B>  Bangalore
<B><font color = 'blue'> .</font></B>  Php
<B><font color = 'blue'> .</font></B>  
<B><font color = 'blue'> .</font></B>  
<B><font color = 'blue'> .</font></B>  
<B><font color = 'blue'> .</font></B>  
<B><font color = 'blue'> .</font></B>  (UTC +05:30) Kolkata, Asia
<B><font color = 'blue'> .</font></B>  
<B><font color = 'blue'> .</font></B>  Departmentwise setting
<B><font color = 'blue'> .</font></B>  GLB-124-PC
<B><font color = 'blue'> .</font></B>  2.0.9
<B><font color = 'blue'> .</font></B>  Employee
<B><font color = 'blue'> .</font></B>  
<B><font color = 'blue'> .</font></B>  
<B><font color = 'blue'> .</font></B>  
<B><font color = 'blue'> .</font></B>  
<B><font color = 'blue'> .</font></B>  
<B><font color = 'blue'> .</font></B>  
<B><font color = 'blue'> .</font></B>  
<B><font color = 'blue'> .</font></B>  
<B><font color = 'blue'> .</font></B>  
<B><font color = 'blue'> .</font></B>  
<B><font color = 'blue'> .</font></B>  
<B><font color = 'blue'> .</font></B>  
<B><font color = 'blue'> .</font></B>   nitest12@gmail.com, sdgsg@dgksodkg.in
<B><font color = 'blue'> .</font></B>  
<B><font color = 'blue'> .</font></B>  
<B><font color = 'blue'> .</font></B>  
<B><font color = 'blue'> .</font></B>  
<B><font color = 'blue'> .</font></B>  
<B><font color = 'blue'> .</font></B>  
<B><font color = 'blue'> .</font></B>  
<B><font color = 'blue'> .</font></B>  
<B><font color = 'blue'> .</font></B>  
<B><font color = 'blue'> .</font></B>  
<B><font color = 'blue'> .</font></B>  
<B><font color = 'blue'> .</font></B>  
<B><font color = 'blue'> .</font></B>  
<B><font color = 'blue'> .</font></B>  
<B><font color = 'blue'> .</font></B>  
<B><font color = 'blue'> .</font></B>   dsa@eqe, dvbvdb@yahoo.com, sam@rf.in
<B><font color = 'blue'> .</font></B>  Usb
<B><font color = 'blue'> .</font></B>  Test
<B><font color = 'blue'> .</font></B>  Usb Test
<B><font color = 'blue'> .</font></B>  
<B><font color = 'blue'> .</font></B>  usbtest123@gmail.com
<B><font color = 'blue'> .</font></B>  emp0097
<B><font color = 'blue'> .</font></B>  usbtest123@gmail.com
<B><font color = 'blue'> .</font></B>  Emp123!@#
<B><font color = 'blue'> .</font></B>  Default
<B><font color = 'blue'> .</font></B>  Default
<B><font color = 'blue'> .</font></B>  
<B><font color = 'blue'> .</font></B>  2022-11-08
<B><font color = 'blue'> .</font></B>  
<B><font color = 'blue'> .</font></B>  
<B><font color = 'blue'> .</font></B>  (UTC +05:30) Kolkata, Asia
<B><font color = 'blue'> .</font></B>  
<B><font color = 'blue'> .</font></B>  Departmentwise setting
<B><font color = 'blue'> .</font></B>  GLB-BLR-010-PC
<B><font color = 'blue'> .</font></B>  2.0.9
<B><font color = 'blue'> .</font></B>  Employee
<B><font color = 'blue'> .</font></B>  
<B><font color = 'blue'> .</font></B>  
<B><font color = 'blue'> .</font></B>  
<B><font color = 'blue'> .</font></B>  
<B><font color = 'blue'> .</font></B>  
<B><font color = 'blue'> .</font></B>  
<B><font color = 'blue'> .</font></B>  
<B><font color = 'blue'> .</font></B>  
<B><font color = 'blue'> .</font></B>  
<B><font color = 'blue'> .</font></B>   sarikajain@gmail.com
<B><font color = 'blue'> .</font></B>  
<B><font color = 'blue'> .</font></B>  
<B><font color = 'blue'> .</font></B>   nitest12@gmail.com, sdgsg@dgksodkg.in
<B><font color = 'blue'> .</font></B>   manageremp@gmail.com
<B><font color = 'blue'> .</font></B>  
<B><font color = 'blue'> .</font></B>  
<B><font color = 'blue'> .</font></B>  
<B><font color = 'blue'> .</font></B>  
<B><font color = 'blue'> .</font></B>  
<B><font color = 'blue'> .</font></B>  
<B><font color = 'blue'> .</font></B>  
<B><font color = 'blue'> .</font></B>  
<B><font color = 'blue'> .</font></B>  
<B><font color = 'blue'> .</font></B>  
<B><font color = 'blue'> .</font></B>  
<B><font color = 'blue'> .</font></B>  
<B><font color = 'blue'> .</font></B>  
<B><font color = 'blue'> .</font></B>  
<B><font color = 'blue'> .</font></B>  
<B><font color = 'blue'> .</font></B>  test123
<B><font color = 'blue'> .</font></B>  abcd
<B><font color = 'blue'> .</font></B>  test123 abcd
<B><font color = 'blue'> .</font></B>  
<B><font color = 'blue'> .</font></B>  s@gmail.com
<B><font color = 'blue'> .</font></B>  code123z
<B><font color = 'blue'> .</font></B>  s@gmail.com
<B><font color = 'blue'> .</font></B>  abcdef@!23
<B><font color = 'blue'> .</font></B>  Bangalore
<B><font color = 'blue'> .</font></B>  Testing
<B><font color = 'blue'> .</font></B>   
<B><font color = 'blue'> .</font></B>  
<B><font color = 'blue'> .</font></B>  9876543210
<B><font color = 'blue'> .</font></B>  91
<B><font color = 'blue'> .</font></B>  (UTC +05:30) Kolkata, Asia
<B><font color = 'blue'> .</font></B>  
<B><font color = 'blue'> .</font></B>  Departmentwise setting
<B><font color = 'blue'> .</font></B>  GLB-124-PC
<B><font color = 'blue'> .</font></B>  2.0.9
<B><font color = 'blue'> .</font></B>  Employee
<B><font color = 'blue'> .</font></B>  
<B><font color = 'blue'> .</font></B>  
<B><font color = 'blue'> .</font></B>  
<B><font color = 'blue'> .</font></B>  
<B><font color = 'blue'> .</font></B>  
<B><font color = 'blue'> .</font></B>  
<B><font color = 'blue'> .</font></B>  
<B><font color = 'blue'> .</font></B>  
<B><font color = 'blue'> .</font></B>  
<B><font color = 'blue'> .</font></B>   sarikajain@gmail.com
<B><font color = 'blue'> .</font></B>   cscsdw123@gmail.com, newtest@gmail.com, test@mac.in, sam@rf.in, testone1234@gmail.com
<B><font color = 'blue'> .</font></B>  
<B><font color = 'blue'> .</font></B>   sdgsg@dgksodkg.in
<B><font color = 'blue'> .</font></B>  
<B><font color = 'blue'> .</font></B>  
<B><font color = 'blue'> .</font></B>  
<B><font color = 'blue'> .</font></B>  
<B><font color = 'blue'> .</font></B>  
<B><font color = 'blue'> .</font></B>  
<B><font color = 'blue'> .</font></B>  
<B><font color = 'blue'> .</font></B>  
<B><font color = 'blue'> .</font></B>  
<B><font color = 'blue'> .</font></B>  
<B><font color = 'blue'> .</font></B>  
<B><font color = 'blue'> .</font></B>  
<B><font color = 'blue'> .</font></B>  
<B><font color = 'blue'> .</font></B>  
<B><font color = 'blue'> .</font></B>  
<B><font color = 'blue'> .</font></B>  
<B><font color = 'blue'> .</font></B>  DESKTOP-PJJHB19 -
<B><font color = 'blue'> .</font></B>  GLB-BLR-002OjUpRD2
<B><font color = 'blue'> .</font></B>  DESKTOP-PJJHB19 - GLB-BLR-002OjUpRD2
<B><font color = 'blue'> .</font></B>  GLB-BLR-002OjUpRD2
<B><font color = 'blue'> .</font></B>   
<B><font color = 'blue'> .</font></B>  GLB-BLR-002OjUpRD2
<B><font color = 'blue'> .</font></B>  d3b534ae-1c67-46ed-8043-609bea4b9537_@GLB-BLR-002OjUpRD2.OjUpRD2
<B><font color = 'blue'> .</font></B>   
<B><font color = 'blue'> .</font></B>  Default
<B><font color = 'blue'> .</font></B>  Default
<B><font color = 'blue'> .</font></B>  null
<B><font color = 'blue'> .</font></B>  2022-11-02
<B><font color = 'blue'> .</font></B>  
<B><font color = 'blue'> .</font></B>  
<B><font color = 'blue'> .</font></B>  (UTC +05:30) Kolkata, Asia
<B><font color = 'blue'> .</font></B>  
<B><font color = 'blue'> .</font></B>  Departmentwise setting
<B><font color = 'blue'> .</font></B>  DESKTOP-PJJHB19
<B><font color = 'blue'> .</font></B>  
<B><font color = 'blue'> .</font></B>  Employee,Manager-HR
<B><font color = 'blue'> .</font></B>  
<B><font color = 'blue'> .</font></B>  
<B><font color = 'blue'> .</font></B>  
<B><font color = 'blue'> .</font></B>  
<B><font color = 'blue'> .</font></B>  
<B><font color = 'blue'> .</font></B>  
<B><font color = 'blue'> .</font></B>  
<B><font color = 'blue'> .</font></B>  
<B><font color = 'blue'> .</font></B>  
<B><font color = 'blue'> .</font></B>   sarikajain@gmail.com
<B><font color = 'blue'> .</font></B>  
<B><font color = 'blue'> .</font></B>  
<B><font color = 'blue'> .</font></B>   dom.toretto737@gmail.com, sitaramireddy@globussoft.in, sdgsg@dgksodkg.in
<B><font color = 'blue'> .</font></B>  
<B><font color = 'blue'> .</font></B>  
<B><font color = 'blue'> .</font></B>  
<B><font color = 'blue'> .</font></B>  
<B><font color = 'blue'> .</font></B>  
<B><font color = 'blue'> .</font></B>  
<B><font color = 'blue'> .</font></B>  
<B><font color = 'blue'> .</font></B>  
<B><font color = 'blue'> .</font></B>   manageremp@gmail.com
<B><font color = 'blue'> .</font></B>  
<B><font color = 'blue'> .</font></B>  
<B><font color = 'blue'> .</font></B>  
<B><font color = 'blue'> .</font></B>  
<B><font color = 'blue'> .</font></B>  
<B><font color = 'blue'> .</font></B>  
<B><font color = 'blue'> .</font></B>  
<B><font color = 'blue'> .</font></B>  test
<B><font color = 'blue'> .</font></B>  manager
<B><font color = 'blue'> .</font></B>  test manager
<B><font color = 'blue'> .</font></B>  
<B><font color = 'blue'> .</font></B>  manageremp@gmail.com
<B><font color = 'blue'> .</font></B>  glb020
<B><font color = 'blue'> .</font></B>  manageremp@gmail.com
<B><font color = 'blue'> .</font></B>  Man@2345
<B><font color = 'blue'> .</font></B>  Default
<B><font color = 'blue'> .</font></B>  Default
<B><font color = 'blue'> .</font></B>   
<B><font color = 'blue'> .</font></B>  
<B><font color = 'blue'> .</font></B>  8234567895
<B><font color = 'blue'> .</font></B>  91
<B><font color = 'blue'> .</font></B>  (UTC +05:30) Kolkata, Asia
<B><font color = 'blue'> .</font></B>  
<B><font color = 'blue'> .</font></B>  Custom
<B><font color = 'blue'> .</font></B>  GLB-193-PC
<B><font color = 'blue'> .</font></B>  2.0.9
<B><font color = 'blue'> .</font></B>  Manager-HR,test
<B><font color = 'blue'> .</font></B>  
<B><font color = 'blue'> .</font></B>  
<B><font color = 'blue'> .</font></B>  
<B><font color = 'blue'> .</font></B>  
<B><font color = 'blue'> .</font></B>  
<B><font color = 'blue'> .</font></B>  
<B><font color = 'blue'> .</font></B>  
<B><font color = 'blue'> .</font></B>  
<B><font color = 'blue'> .</font></B>  
<B><font color = 'blue'> .</font></B>   sarikajain@gmail.com
<B><font color = 'blue'> .</font></B>  
<B><font color = 'blue'> .</font></B>  
<B><font color = 'blue'> .</font></B>   dom.toretto737@gmail.com, sitaramireddy@globussoft.in, sdgsg@dgksodkg.in
<B><font color = 'blue'> .</font></B>  
<B><font color = 'blue'> .</font></B>  
<B><font color = 'blue'> .</font></B>  
<B><font color = 'blue'> .</font></B>  
<B><font color = 'blue'> .</font></B>  
<B><font color = 'blue'> .</font></B>  
<B><font color = 'blue'> .</font></B>  
<B><font color = 'blue'> .</font></B>  
<B><font color = 'blue'> .</font></B>  
<B><font color = 'blue'> .</font></B>  
<B><font color = 'blue'> .</font></B>  
<B><font color = 'blue'> .</font></B>  
<B><font color = 'blue'> .</font></B>  
<B><font color = 'blue'> .</font></B>  
<B><font color = 'blue'> .</font></B>  
<B><font color = 'blue'> .</font></B>  
<B><font color = 'blue'> .</font></B>  Update
<B><font color = 'blue'> .</font></B>  Check
<B><font color = 'blue'> .</font></B>  Update Check
<B><font color = 'blue'> .</font></B>  
<B><font color = 'blue'> .</font></B>  updates@gmail.com
<B><font color = 'blue'> .</font></B>  emp543
<B><font color = 'blue'> .</font></B>  updates@gmail.com
<B><font color = 'blue'> .</font></B>  Emp123!@#
<B><font color = 'blue'> .</font></B>  Default
<B><font color = 'blue'> .</font></B>  Default
<B><font color = 'blue'> .</font></B>   
<B><font color = 'blue'> .</font></B>  2022-11-01
<B><font color = 'blue'> .</font></B>  
<B><font color = 'blue'> .</font></B>  91
<B><font color = 'blue'> .</font></B>  (UTC +05:30) Kolkata, Asia
<B><font color = 'blue'> .</font></B>  
<B><font color = 'blue'> .</font></B>  Departmentwise setting
<B><font color = 'blue'> .</font></B>  GLB-124-PC
<B><font color = 'blue'> .</font></B>  2.0.9
<B><font color = 'blue'> .</font></B>  Employee,Manager
<B><font color = 'blue'> .</font></B>  
<B><font color = 'blue'> .</font></B>  
<B><font color = 'blue'> .</font></B>  
<B><font color = 'blue'> .</font></B>  
<B><font color = 'blue'> .</font></B>  
<B><font color = 'blue'> .</font></B>  
<B><font color = 'blue'> .</font></B>  
<B><font color = 'blue'> .</font></B>  
<B><font color = 'blue'> .</font></B>  
<B><font color = 'blue'> .</font></B>   sarikajain@gmail.com
<B><font color = 'blue'> .</font></B>  
<B><font color = 'blue'> .</font></B>  
<B><font color = 'blue'> .</font></B>   dom.toretto737@gmail.com, sitaramireddy@globussoft.in, sdgsg@dgksodkg.in
<B><font color = 'blue'> .</font></B>  
<B><font color = 'blue'> .</font></B>  
<B><font color = 'blue'> .</font></B>  
<B><font color = 'blue'> .</font></B>  
<B><font color = 'blue'> .</font></B>  
<B><font color = 'blue'> .</font></B>   himanshu1@gmail.com
<B><font color = 'blue'> .</font></B>  
<B><font color = 'blue'> .</font></B>  
<B><font color = 'blue'> .</font></B>   manageremp@gmail.com
<B><font color = 'blue'> .</font></B>  
<B><font color = 'blue'> .</font></B>  
<B><font color = 'blue'> .</font></B>  
<B><font color = 'blue'> .</font></B>  
<B><font color = 'blue'> .</font></B>  
<B><font color = 'blue'> .</font></B>  
<B><font color = 'blue'> .</font></B>  
<B><font color = 'blue'> .</font></B>  sithu
<B><font color = 'blue'> .</font></B>  kalluru
<B><font color = 'blue'> .</font></B>  sithu kalluru
<B><font color = 'blue'> .</font></B>  
<B><font color = 'blue'> .</font></B>  sitaramireddy@globussoft.in
<B><font color = 'blue'> .</font></B>  code12
<B><font color = 'blue'> .</font></B>  sitaramireddy@globussoft.in
<B><font color = 'blue'> .</font></B>  Sithu123@
<B><font color = 'blue'> .</font></B>  Bangalore
<B><font color = 'blue'> .</font></B>  Testing
<B><font color = 'blue'> .</font></B>   
<B><font color = 'blue'> .</font></B>  2022-10-01
<B><font color = 'blue'> .</font></B>  9876543210
<B><font color = 'blue'> .</font></B>  91
<B><font color = 'blue'> .</font></B>  (UTC +05:30) Kolkata, Asia
<B><font color = 'blue'> .</font></B>  
<B><font color = 'blue'> .</font></B>  Departmentwise setting
<B><font color = 'blue'> .</font></B>  DESKTOP-PJJHB19
<B><font color = 'blue'> .</font></B>  3.0.0
<B><font color = 'blue'> .</font></B>  Employee,Manager
<B><font color = 'blue'> .</font></B>  
<B><font color = 'blue'> .</font></B>  
<B><font color = 'blue'> .</font></B>  
<B><font color = 'blue'> .</font></B>  
<B><font color = 'blue'> .</font></B>  
<B><font color = 'blue'> .</font></B>  
<B><font color = 'blue'> .</font></B>  
<B><font color = 'blue'> .</font></B>  
<B><font color = 'blue'> .</font></B>  
<B><font color = 'blue'> .</font></B>   sarikajain@gmail.com
<B><font color = 'blue'> .</font></B>   cscsdw123@gmail.com, newtest@gmail.com, test@mac.in, sam@rf.in, testone1234@gmail.com
<B><font color = 'blue'> .</font></B>  
<B><font color = 'blue'> .</font></B>   dom.toretto737@gmail.com, sdgsg@dgksodkg.in
<B><font color = 'blue'> .</font></B>  
<B><font color = 'blue'> .</font></B>  
<B><font color = 'blue'> .</font></B>  
<B><font color = 'blue'> .</font></B>  
<B><font color = 'blue'> .</font></B>  
<B><font color = 'blue'> .</font></B>  
<B><font color = 'blue'> .</font></B>  
<B><font color = 'blue'> .</font></B>  
<B><font color = 'blue'> .</font></B>  
<B><font color = 'blue'> .</font></B>  
<B><font color = 'blue'> .</font></B>  
<B><font color = 'blue'> .</font></B>  
<B><font color = 'blue'> .</font></B>  
<B><font color = 'blue'> .</font></B>  
<B><font color = 'blue'> .</font></B>  
<B><font color = 'blue'> .</font></B>  
<B><font color = 'blue'> .</font></B>  test user
<B><font color = 'blue'> .</font></B>  two
<B><font color = 'blue'> .</font></B>  test user two
<B><font color = 'blue'> .</font></B>  
<B><font color = 'blue'> .</font></B>  testuser@two.io
<B><font color = 'blue'> .</font></B>  GSLL-327
<B><font color = 'blue'> .</font></B>  testuser@two.io
<B><font color = 'blue'> .</font></B>  gtwHbCV757zbYL4@
<B><font color = 'blue'> .</font></B>  Tamilnadu
<B><font color = 'blue'> .</font></B>  Test and Dev
<B><font color = 'blue'> .</font></B>   
<B><font color = 'blue'> .</font></B>  2022-10-01
<B><font color = 'blue'> .</font></B>  9876543210
<B><font color = 'blue'> .</font></B>  91
<B><font color = 'blue'> .</font></B>  (UTC +05:30) Kolkata, Asia
<B><font color = 'blue'> .</font></B>  
<B><font color = 'blue'> .</font></B>  Departmentwise setting
<B><font color = 'blue'> .</font></B>  GLB-124-PC
<B><font color = 'blue'> .</font></B>  2.0.9
<B><font color = 'blue'> .</font></B>  Employee
<B><font color = 'blue'> .</font></B>  
<B><font color = 'blue'> .</font></B>  
<B><font color = 'blue'> .</font></B>  
<B><font color = 'blue'> .</font></B>  
<B><font color = 'blue'> .</font></B>  
<B><font color = 'blue'> .</font></B>  
<B><font color = 'blue'> .</font></B>  
<B><font color = 'blue'> .</font></B>  
<B><font color = 'blue'> .</font></B>  
<B><font color = 'blue'> .</font></B>   sarikajain@gmail.com
<B><font color = 'blue'> .</font></B>  
<B><font color = 'blue'> .</font></B>   mmmm@gmail.com, try@gmail.com, test@mac.in, sam@rf.in, dvhbfdh@gmail.com
<B><font color = 'blue'> .</font></B>   dom.toretto737@gmail.com, sitaramireddy@globussoft.in, sdgsg@dgksodkg.in
<B><font color = 'blue'> .</font></B>  
<B><font color = 'blue'> .</font></B>  
<B><font color = 'blue'> .</font></B>  
<B><font color = 'blue'> .</font></B>  
<B><font color = 'blue'> .</font></B>  
<B><font color = 'blue'> .</font></B>   himanshu1@gmail.com
<B><font color = 'blue'> .</font></B>  
<B><font color = 'blue'> .</font></B>  
<B><font color = 'blue'> .</font></B>  
<B><font color = 'blue'> .</font></B>  
<B><font color = 'blue'> .</font></B>  
<B><font color = 'blue'> .</font></B>  
<B><font color = 'blue'> .</font></B>  
<B><font color = 'blue'> .</font></B>  
<B><font color = 'blue'> .</font></B>  
<B><font color = 'blue'> .</font></B>  
<B><font color = 'blue'> .</font></B>  Mail
<B><font color = 'blue'> .</font></B>  Test user
<B><font color = 'blue'> .</font></B>  Mail Test user
<B><font color = 'blue'> .</font></B>  
<B><font color = 'blue'> .</font></B>  maintest@user.io
<B><font color = 'blue'> .</font></B>  GLB-1223888
<B><font color = 'blue'> .</font></B>  maintest@user.io
<B><font color = 'blue'> .</font></B>  gtwHbCV757zbYL4@
<B><font color = 'blue'> .</font></B>  Default
<B><font color = 'blue'> .</font></B>  Default
<B><font color = 'blue'> .</font></B>  
<B><font color = 'blue'> .</font></B>  2022-10-01
<B><font color = 'blue'> .</font></B>  9876543210
<B><font color = 'blue'> .</font></B>  91
<B><font color = 'blue'> .</font></B>  (UTC +05:30) Kolkata, Asia
<B><font color = 'blue'> .</font></B>  
<B><font color = 'blue'> .</font></B>  Departmentwise setting
<B><font color = 'blue'> .</font></B>  GLB-124-PC
<B><font color = 'blue'> .</font></B>  2.0.9
<B><font color = 'blue'> .</font></B>  Employee
<B><font color = 'blue'> .</font></B>  
<B><font color = 'blue'> .</font></B>  
<B><font color = 'blue'> .</font></B>  
<B><font color = 'blue'> .</font></B>  
<B><font color = 'blue'> .</font></B>  
<B><font color = 'blue'> .</font></B>  
<B><font color = 'blue'> .</font></B>  
<B><font color = 'blue'> .</font></B>  
<B><font color = 'blue'> .</font></B>  
<B><font color = 'blue'> .</font></B>   sarikajain@gmail.com
<B><font color = 'blue'> .</font></B>  
<B><font color = 'blue'> .</font></B>  
<B><font color = 'blue'> .</font></B>   dom.toretto737@gmail.com, sitaramireddy@globussoft.in, sdgsg@dgksodkg.in
<B><font color = 'blue'> .</font></B>  
<B><font color = 'blue'> .</font></B>  
<B><font color = 'blue'> .</font></B>  
<B><font color = 'blue'> .</font></B>  
<B><font color = 'blue'> .</font></B>  
<B><font color = 'blue'> .</font></B>  
<B><font color = 'blue'> .</font></B>  
<B><font color = 'blue'> .</font></B>  
<B><font color = 'blue'> .</font></B>   manageremp@gmail.com
<B><font color = 'blue'> .</font></B>  
<B><font color = 'blue'> .</font></B>  
<B><font color = 'blue'> .</font></B>  
<B><font color = 'blue'> .</font></B>  
<B><font color = 'blue'> .</font></B>  
<B><font color = 'blue'> .</font></B>  
<B><font color = 'blue'> .</font></B>  
<B><font color = 'blue'> .</font></B>  Test
<B><font color = 'blue'> .</font></B>  test
<B><font color = 'blue'> .</font></B>  Test test
<B><font color = 'blue'> .</font></B>  
<B><font color = 'blue'> .</font></B>  sarikajain@gmail.com
<B><font color = 'blue'> .</font></B>  E-101
<B><font color = 'blue'> .</font></B>  sarikajain@gmail.com
<B><font color = 'blue'> .</font></B>  a123456@
<B><font color = 'blue'> .</font></B>  Bangalore
<B><font color = 'blue'> .</font></B>  Testing
<B><font color = 'blue'> .</font></B>  asdsad
<B><font color = 'blue'> .</font></B>  2022-09-29
<B><font color = 'blue'> .</font></B>  
<B><font color = 'blue'> .</font></B>  91
<B><font color = 'blue'> .</font></B>  (UTC +05:30) Kolkata, Asia
<B><font color = 'blue'> .</font></B>  Default
<B><font color = 'blue'> .</font></B>  Departmentwise setting
<B><font color = 'blue'> .</font></B>  GLB-110-PC
<B><font color = 'blue'> .</font></B>  2.0.8
<B><font color = 'blue'> .</font></B>  External Monitor
<B><font color = 'blue'> .</font></B>  
<B><font color = 'blue'> .</font></B>  
<B><font color = 'blue'> .</font></B>  
<B><font color = 'blue'> .</font></B>  
<B><font color = 'blue'> .</font></B>  
<B><font color = 'blue'> .</font></B>  
<B><font color = 'blue'> .</font></B>  
<B><font color = 'blue'> .</font></B>  
<B><font color = 'blue'> .</font></B>  
<B><font color = 'blue'> .</font></B>  
<B><font color = 'blue'> .</font></B>   cscsdw123@gmail.com, newtest@gmail.com, test@mac.in, sam@rf.in, testone1234@gmail.com
<B><font color = 'blue'> .</font></B>  
<B><font color = 'blue'> .</font></B>   dom.toretto737@gmail.com, sdgsg@dgksodkg.in
<B><font color = 'blue'> .</font></B>  
<B><font color = 'blue'> .</font></B>  
<B><font color = 'blue'> .</font></B>  
<B><font color = 'blue'> .</font></B>  
<B><font color = 'blue'> .</font></B>  
<B><font color = 'blue'> .</font></B>  
<B><font color = 'blue'> .</font></B>  
<B><font color = 'blue'> .</font></B>  
<B><font color = 'blue'> .</font></B>  
<B><font color = 'blue'> .</font></B>  
<B><font color = 'blue'> .</font></B>  
<B><font color = 'blue'> .</font></B>  
<B><font color = 'blue'> .</font></B>  
<B><font color = 'blue'> .</font></B>  
<B><font color = 'blue'> .</font></B>  
<B><font color = 'blue'> .</font></B>  
<B><font color = 'blue'> .</font></B>  vdjvdb
<B><font color = 'blue'> .</font></B>  yusvdvbbh
<B><font color = 'blue'> .</font></B>  vdjvdb yusvdvbbh
<B><font color = 'blue'> .</font></B>  
<B><font color = 'blue'> .</font></B>  dvhbfdh@gmail.com
<B><font color = 'blue'> .</font></B>  wq534342
<B><font color = 'blue'> .</font></B>  dvhbfdh@gmail.com
<B><font color = 'blue'> .</font></B>  ABcd@123
<B><font color = 'blue'> .</font></B>  Default
<B><font color = 'blue'> .</font></B>  Default
<B><font color = 'blue'> .</font></B>  
<B><font color = 'blue'> .</font></B>  
<B><font color = 'blue'> .</font></B>  
<B><font color = 'blue'> .</font></B>  
<B><font color = 'blue'> .</font></B>  (UTC +05:30) Kolkata, Asia
<B><font color = 'blue'> .</font></B>  
<B><font color = 'blue'> .</font></B>  Organaization setting
<B><font color = 'blue'> .</font></B>  
<B><font color = 'blue'> .</font></B>  
<B><font color = 'blue'> .</font></B>  HR
<B><font color = 'blue'> .</font></B>  
<B><font color = 'blue'> .</font></B>  
<B><font color = 'blue'> .</font></B>  
<B><font color = 'blue'> .</font></B>  
<B><font color = 'blue'> .</font></B>  
<B><font color = 'blue'> .</font></B>  
<B><font color = 'blue'> .</font></B>  
<B><font color = 'blue'> .</font></B>  
<B><font color = 'blue'> .</font></B>  
<B><font color = 'blue'> .</font></B>   sarikajain@gmail.com
<B><font color = 'blue'> .</font></B>  
<B><font color = 'blue'> .</font></B>  
<B><font color = 'blue'> .</font></B>   dom.toretto737@gmail.com, sdgsg@dgksodkg.in
<B><font color = 'blue'> .</font></B>  
<B><font color = 'blue'> .</font></B>  
<B><font color = 'blue'> .</font></B>  
<B><font color = 'blue'> .</font></B>  
<B><font color = 'blue'> .</font></B>  
<B><font color = 'blue'> .</font></B>  
<B><font color = 'blue'> .</font></B>  
<B><font color = 'blue'> .</font></B>  
<B><font color = 'blue'> .</font></B>   manageremp@gmail.com
<B><font color = 'blue'> .</font></B>  
<B><font color = 'blue'> .</font></B>  
<B><font color = 'blue'> .</font></B>  
<B><font color = 'blue'> .</font></B>  
<B><font color = 'blue'> .</font></B>  
<B><font color = 'blue'> .</font></B>  
<B><font color = 'blue'> .</font></B>  
<B><font color = 'blue'> .</font></B>  sam
<B><font color = 'blue'> .</font></B>  eer
<B><font color = 'blue'> .</font></B>  sam eer
<B><font color = 'blue'> .</font></B>  
<B><font color = 'blue'> .</font></B>  sam@rf.in
<B><font color = 'blue'> .</font></B>  WSAERT2Q34E
<B><font color = 'blue'> .</font></B>  sam@rf.in
<B><font color = 'blue'> .</font></B>  123@#abc
<B><font color = 'blue'> .</font></B>  Bangalore
<B><font color = 'blue'> .</font></B>  Testing
<B><font color = 'blue'> .</font></B>   
<B><font color = 'blue'> .</font></B>  
<B><font color = 'blue'> .</font></B>  
<B><font color = 'blue'> .</font></B>  91
<B><font color = 'blue'> .</font></B>  (UTC +05:30) Kolkata, Asia
<B><font color = 'blue'> .</font></B>  
<B><font color = 'blue'> .</font></B>  Custom
<B><font color = 'blue'> .</font></B>  GLB-181
<B><font color = 'blue'> .</font></B>  2.0.9
<B><font color = 'blue'> .</font></B>  HOD,HR,ZYT
<B><font color = 'blue'> .</font></B>  
<B><font color = 'blue'> .</font></B>  
<B><font color = 'blue'> .</font></B>  
<B><font color = 'blue'> .</font></B>  
<B><font color = 'blue'> .</font></B>  
<B><font color = 'blue'> .</font></B>  
<B><font color = 'blue'> .</font></B>  
<B><font color = 'blue'> .</font></B>  
<B><font color = 'blue'> .</font></B>  
<B><font color = 'blue'> .</font></B>   sarikajain@gmail.com
<B><font color = 'blue'> .</font></B>   cscsdw123@gmail.com, newtest@gmail.com, test@mac.in, testone1234@gmail.com
<B><font color = 'blue'> .</font></B>  
<B><font color = 'blue'> .</font></B>   dom.toretto737@gmail.com, sdgsg@dgksodkg.in
<B><font color = 'blue'> .</font></B>  
<B><font color = 'blue'> .</font></B>  
<B><font color = 'blue'> .</font></B>  
<B><font color = 'blue'> .</font></B>  
<B><font color = 'blue'> .</font></B>  
<B><font color = 'blue'> .</font></B>  
<B><font color = 'blue'> .</font></B>  
<B><font color = 'blue'> .</font></B>  
<B><font color = 'blue'> .</font></B>  
<B><font color = 'blue'> .</font></B>  
<B><font color = 'blue'> .</font></B>  
<B><font color = 'blue'> .</font></B>  
<B><font color = 'blue'> .</font></B>  
<B><font color = 'blue'> .</font></B>  
<B><font color = 'blue'> .</font></B>  
<B><font color = 'blue'> .</font></B>  
<B><font color = 'blue'> .</font></B>  test
<B><font color = 'blue'> .</font></B>  testw
<B><font color = 'blue'> .</font></B>  test testw
<B><font color = 'blue'> .</font></B>  
<B><font color = 'blue'> .</font></B>  test@mac.in
<B><font color = 'blue'> .</font></B>  aaf123
<B><font color = 'blue'> .</font></B>  test@mac.in
<B><font color = 'blue'> .</font></B>  abc123!@#
<B><font color = 'blue'> .</font></B>  Bangalore
<B><font color = 'blue'> .</font></B>  Php
<B><font color = 'blue'> .</font></B>   
<B><font color = 'blue'> .</font></B>  
<B><font color = 'blue'> .</font></B>  
<B><font color = 'blue'> .</font></B>  91
<B><font color = 'blue'> .</font></B>  (UTC -02:00) SouthGeorgia, Atlantic
<B><font color = 'blue'> .</font></B>  
<B><font color = 'blue'> .</font></B>  Organaization setting
<B><font color = 'blue'> .</font></B>  
<B><font color = 'blue'> .</font></B>  
<B><font color = 'blue'> .</font></B>  HOD,HR
<B><font color = 'blue'> .</font></B>  
<B><font color = 'blue'> .</font></B>  
<B><font color = 'blue'> .</font></B>  
<B><font color = 'blue'> .</font></B>  
<B><font color = 'blue'> .</font></B>  
<B><font color = 'blue'> .</font></B>  
<B><font color = 'blue'> .</font></B>  
<B><font color = 'blue'> .</font></B>  
<B><font color = 'blue'> .</font></B>  
<B><font color = 'blue'> .</font></B>   sarikajain@gmail.com
<B><font color = 'blue'> .</font></B>  
<B><font color = 'blue'> .</font></B>  
<B><font color = 'blue'> .</font></B>   dom.toretto737@gmail.com, sdgsg@dgksodkg.in
<B><font color = 'blue'> .</font></B>   123@gmail.com, null
<B><font color = 'blue'> .</font></B>  
<B><font color = 'blue'> .</font></B>  
<B><font color = 'blue'> .</font></B>  
<B><font color = 'blue'> .</font></B>  
<B><font color = 'blue'> .</font></B>  
<B><font color = 'blue'> .</font></B>  
<B><font color = 'blue'> .</font></B>  
<B><font color = 'blue'> .</font></B>  
<B><font color = 'blue'> .</font></B>  
<B><font color = 'blue'> .</font></B>  
<B><font color = 'blue'> .</font></B>  
<B><font color = 'blue'> .</font></B>  
<B><font color = 'blue'> .</font></B>  
<B><font color = 'blue'> .</font></B>  
<B><font color = 'blue'> .</font></B>   dsa@eqe, dvbvdb@yahoo.com, sam@rf.in
<B><font color = 'blue'> .</font></B>  try
<B><font color = 'blue'> .</font></B>  last
<B><font color = 'blue'> .</font></B>  try last
<B><font color = 'blue'> .</font></B>  
<B><font color = 'blue'> .</font></B>  try@gmail.com
<B><font color = 'blue'> .</font></B>  1225455
<B><font color = 'blue'> .</font></B>  try@gmail.com
<B><font color = 'blue'> .</font></B>  ABcd@123
<B><font color = 'blue'> .</font></B>  Default
<B><font color = 'blue'> .</font></B>  Default
<B><font color = 'blue'> .</font></B>  
<B><font color = 'blue'> .</font></B>  
<B><font color = 'blue'> .</font></B>  
<B><font color = 'blue'> .</font></B>  
<B><font color = 'blue'> .</font></B>  (UTC +05:30) Kolkata, Asia
<B><font color = 'blue'> .</font></B>  
<B><font color = 'blue'> .</font></B>  Organaization setting
<B><font color = 'blue'> .</font></B>  GLB-124-PC
<B><font color = 'blue'> .</font></B>  2.0.9
<B><font color = 'blue'> .</font></B>  HR
<B><font color = 'blue'> .</font></B>  
<B><font color = 'blue'> .</font></B>  
<B><font color = 'blue'> .</font></B>  
<B><font color = 'blue'> .</font></B>  
<B><font color = 'blue'> .</font></B>  
<B><font color = 'blue'> .</font></B>  
<B><font color = 'blue'> .</font></B>  
<B><font color = 'blue'> .</font></B>  
<B><font color = 'blue'> .</font></B>  
<B><font color = 'blue'> .</font></B>   sarikajain@gmail.com
<B><font color = 'blue'> .</font></B>  
<B><font color = 'blue'> .</font></B>  
<B><font color = 'blue'> .</font></B>   dom.toretto737@gmail.com, sdgsg@dgksodkg.in
<B><font color = 'blue'> .</font></B>  
<B><font color = 'blue'> .</font></B>  
<B><font color = 'blue'> .</font></B>  
<B><font color = 'blue'> .</font></B>  
<B><font color = 'blue'> .</font></B>  
<B><font color = 'blue'> .</font></B>  
<B><font color = 'blue'> .</font></B>  
<B><font color = 'blue'> .</font></B>  
<B><font color = 'blue'> .</font></B>   manageremp@gmail.com
<B><font color = 'blue'> .</font></B>  
<B><font color = 'blue'> .</font></B>  
<B><font color = 'blue'> .</font></B>  
<B><font color = 'blue'> .</font></B>  
<B><font color = 'blue'> .</font></B>  
<B><font color = 'blue'> .</font></B>  
<B><font color = 'blue'> .</font></B>  
<B><font color = 'blue'> .</font></B>  Superior Test
<B><font color = 'blue'> .</font></B>  one
<B><font color = 'blue'> .</font></B>  Superior Test one
<B><font color = 'blue'> .</font></B>  
<B><font color = 'blue'> .</font></B>  superiorone@gmail.com
<B><font color = 'blue'> .</font></B>  twoqw
<B><font color = 'blue'> .</font></B>  superiorone@gmail.com
<B><font color = 'blue'> .</font></B>  abcd@123
<B><font color = 'blue'> .</font></B>  Bangalore
<B><font color = 'blue'> .</font></B>  Testing
<B><font color = 'blue'> .</font></B>  
<B><font color = 'blue'> .</font></B>  2022-10-01
<B><font color = 'blue'> .</font></B>  9876543210
<B><font color = 'blue'> .</font></B>  91
<B><font color = 'blue'> .</font></B>  (UTC +05:30) Kolkata, Asia
<B><font color = 'blue'> .</font></B>  
<B><font color = 'blue'> .</font></B>  Departmentwise setting
<B><font color = 'blue'> .</font></B>  GLB-124-PC
<B><font color = 'blue'> .</font></B>  2.0.9
<B><font color = 'blue'> .</font></B>  Employee
<B><font color = 'blue'> .</font></B>  
<B><font color = 'blue'> .</font></B>  
<B><font color = 'blue'> .</font></B>  
<B><font color = 'blue'> .</font></B>  
<B><font color = 'blue'> .</font></B>  
<B><font color = 'blue'> .</font></B>  
<B><font color = 'blue'> .</font></B>  
<B><font color = 'blue'> .</font></B>  
<B><font color = 'blue'> .</font></B>  
<B><font color = 'blue'> .</font></B>   sarikajain@gmail.com
<B><font color = 'blue'> .</font></B>   cscsdw123@gmail.com, newtest@gmail.com, test@mac.in, sam@rf.in, testone1234@gmail.com
<B><font color = 'blue'> .</font></B>  
<B><font color = 'blue'> .</font></B>   dom.toretto737@gmail.com, sdgsg@dgksodkg.in
<B><font color = 'blue'> .</font></B>  
<B><font color = 'blue'> .</font></B>  
<B><font color = 'blue'> .</font></B>  
<B><font color = 'blue'> .</font></B>  
<B><font color = 'blue'> .</font></B>  
<B><font color = 'blue'> .</font></B>  
<B><font color = 'blue'> .</font></B>  
<B><font color = 'blue'> .</font></B>  
<B><font color = 'blue'> .</font></B>  
<B><font color = 'blue'> .</font></B>  
<B><font color = 'blue'> .</font></B>  
<B><font color = 'blue'> .</font></B>  
<B><font color = 'blue'> .</font></B>  
<B><font color = 'blue'> .</font></B>  
<B><font color = 'blue'> .</font></B>  
<B><font color = 'blue'> .</font></B>   sam@rf.in
<B><font color = 'blue'> .</font></B>  dshcdb
<B><font color = 'blue'> .</font></B>  uidsbf
<B><font color = 'blue'> .</font></B>  dshcdb uidsbf
<B><font color = 'blue'> .</font></B>  
<B><font color = 'blue'> .</font></B>  dvbvdb@yahoo.com
<B><font color = 'blue'> .</font></B>  435454
<B><font color = 'blue'> .</font></B>  dvbvdb@yahoo.com
<B><font color = 'blue'> .</font></B>  ABcd@123
<B><font color = 'blue'> .</font></B>  Default
<B><font color = 'blue'> .</font></B>  Default
<B><font color = 'blue'> .</font></B>   
<B><font color = 'blue'> .</font></B>  
<B><font color = 'blue'> .</font></B>  
<B><font color = 'blue'> .</font></B>  91
<B><font color = 'blue'> .</font></B>  (UTC +05:30) Kolkata, Asia
<B><font color = 'blue'> .</font></B>  Default
<B><font color = 'blue'> .</font></B>  Organaization setting
<B><font color = 'blue'> .</font></B>  
<B><font color = 'blue'> .</font></B>  
<B><font color = 'blue'> .</font></B>  ZYT
<B><font color = 'blue'> .</font></B>  
<B><font color = 'blue'> .</font></B>  
<B><font color = 'blue'> .</font></B>  
<B><font color = 'blue'> .</font></B>  
<B><font color = 'blue'> .</font></B>  
<B><font color = 'blue'> .</font></B>  
<B><font color = 'blue'> .</font></B>  
<B><font color = 'blue'> .</font></B>  
<B><font color = 'blue'> .</font></B>  
<B><font color = 'blue'> .</font></B>   sarikajain@gmail.com
<B><font color = 'blue'> .</font></B>   newtest@gmail.com
<B><font color = 'blue'> .</font></B>  
<B><font color = 'blue'> .</font></B>   dom.toretto737@gmail.com, sdgsg@dgksodkg.in
<B><font color = 'blue'> .</font></B>  
<B><font color = 'blue'> .</font></B>  
<B><font color = 'blue'> .</font></B>  
<B><font color = 'blue'> .</font></B>  
<B><font color = 'blue'> .</font></B>  
<B><font color = 'blue'> .</font></B>  
<B><font color = 'blue'> .</font></B>  
<B><font color = 'blue'> .</font></B>  
<B><font color = 'blue'> .</font></B>   manageremp@gmail.com
<B><font color = 'blue'> .</font></B>  
<B><font color = 'blue'> .</font></B>  
<B><font color = 'blue'> .</font></B>  
<B><font color = 'blue'> .</font></B>  
<B><font color = 'blue'> .</font></B>  
<B><font color = 'blue'> .</font></B>  
<B><font color = 'blue'> .</font></B>  
<B><font color = 'blue'> .</font></B>  New
<B><font color = 'blue'> .</font></B>  Test
<B><font color = 'blue'> .</font></B>  New Test
<B><font color = 'blue'> .</font></B>  
<B><font color = 'blue'> .</font></B>  newtest@gmail.com
<B><font color = 'blue'> .</font></B>  ewer334443
<B><font color = 'blue'> .</font></B>  newtest@gmail.com
<B><font color = 'blue'> .</font></B>  ABcd@123
<B><font color = 'blue'> .</font></B>  Default
<B><font color = 'blue'> .</font></B>  Default
<B><font color = 'blue'> .</font></B>   
<B><font color = 'blue'> .</font></B>  
<B><font color = 'blue'> .</font></B>  
<B><font color = 'blue'> .</font></B>  91
<B><font color = 'blue'> .</font></B>  (UTC +05:30) Kolkata, Asia
<B><font color = 'blue'> .</font></B>  
<B><font color = 'blue'> .</font></B>  Organaization setting
<B><font color = 'blue'> .</font></B>  GLB-BLR-010-PC
<B><font color = 'blue'> .</font></B>  2.0.9
<B><font color = 'blue'> .</font></B>  HOD
<B><font color = 'blue'> .</font></B>  
<B><font color = 'blue'> .</font></B>  
<B><font color = 'blue'> .</font></B>  
<B><font color = 'blue'> .</font></B>  
<B><font color = 'blue'> .</font></B>  
<B><font color = 'blue'> .</font></B>  
<B><font color = 'blue'> .</font></B>  
<B><font color = 'blue'> .</font></B>  
<B><font color = 'blue'> .</font></B>  
<B><font color = 'blue'> .</font></B>   sarikajain@gmail.com
<B><font color = 'blue'> .</font></B>  
<B><font color = 'blue'> .</font></B>  
<B><font color = 'blue'> .</font></B>   dom.toretto737@gmail.com, sdgsg@dgksodkg.in
<B><font color = 'blue'> .</font></B>  
<B><font color = 'blue'> .</font></B>  
<B><font color = 'blue'> .</font></B>  
<B><font color = 'blue'> .</font></B>  
<B><font color = 'blue'> .</font></B>  
<B><font color = 'blue'> .</font></B>  
<B><font color = 'blue'> .</font></B>  
<B><font color = 'blue'> .</font></B>  
<B><font color = 'blue'> .</font></B>   manageremp@gmail.com
<B><font color = 'blue'> .</font></B>  
<B><font color = 'blue'> .</font></B>  
<B><font color = 'blue'> .</font></B>  
<B><font color = 'blue'> .</font></B>  
<B><font color = 'blue'> .</font></B>  
<B><font color = 'blue'> .</font></B>  
<B><font color = 'blue'> .</font></B>  
<B><font color = 'blue'> .</font></B>  sadas
<B><font color = 'blue'> .</font></B>  kadkasdj
<B><font color = 'blue'> .</font></B>  sadas kadkasdj
<B><font color = 'blue'> .</font></B>  
<B><font color = 'blue'> .</font></B>  dsa@eqe
<B><font color = 'blue'> .</font></B>  emp129666
<B><font color = 'blue'> .</font></B>  dsa@eqe
<B><font color = 'blue'> .</font></B>  ABcd@123
<B><font color = 'blue'> .</font></B>  Default
<B><font color = 'blue'> .</font></B>  Default
<B><font color = 'blue'> .</font></B>   
<B><font color = 'blue'> .</font></B>  2022-10-01
<B><font color = 'blue'> .</font></B>  9876543210
<B><font color = 'blue'> .</font></B>  91
<B><font color = 'blue'> .</font></B>  (UTC +05:30) Kolkata, Asia
<B><font color = 'blue'> .</font></B>  
<B><font color = 'blue'> .</font></B>  Departmentwise setting
<B><font color = 'blue'> .</font></B>  
<B><font color = 'blue'> .</font></B>  
<B><font color = 'blue'> .</font></B>  Employee,ZYT
<B><font color = 'blue'> .</font></B>  
<B><font color = 'blue'> .</font></B>  
<B><font color = 'blue'> .</font></B>  
<B><font color = 'blue'> .</font></B>  
<B><font color = 'blue'> .</font></B>  
<B><font color = 'blue'> .</font></B>  
<B><font color = 'blue'> .</font></B>  
<B><font color = 'blue'> .</font></B>  
<B><font color = 'blue'> .</font></B>  
<B><font color = 'blue'> .</font></B>   sarikajain@gmail.com
<B><font color = 'blue'> .</font></B>  
<B><font color = 'blue'> .</font></B>  
<B><font color = 'blue'> .</font></B>   dom.toretto737@gmail.com, sdgsg@dgksodkg.in
<B><font color = 'blue'> .</font></B>  
<B><font color = 'blue'> .</font></B>  
<B><font color = 'blue'> .</font></B>  
<B><font color = 'blue'> .</font></B>  
<B><font color = 'blue'> .</font></B>  
<B><font color = 'blue'> .</font></B>  
<B><font color = 'blue'> .</font></B>  
<B><font color = 'blue'> .</font></B>  
<B><font color = 'blue'> .</font></B>   manageremp@gmail.com
<B><font color = 'blue'> .</font></B>  
<B><font color = 'blue'> .</font></B>  
<B><font color = 'blue'> .</font></B>  
<B><font color = 'blue'> .</font></B>  
<B><font color = 'blue'> .</font></B>  
<B><font color = 'blue'> .</font></B>  
<B><font color = 'blue'> .</font></B>  
<B><font color = 'blue'> .</font></B>  Abhishek
<B><font color = 'blue'> .</font></B>  Test
<B><font color = 'blue'> .</font></B>  Abhishek Test
<B><font color = 'blue'> .</font></B>  
<B><font color = 'blue'> .</font></B>  abhishektrest@glb.in
<B><font color = 'blue'> .</font></B>  rN7tvEiDPGNi4fD
<B><font color = 'blue'> .</font></B>  abhishektrest@glb.in
<B><font color = 'blue'> .</font></B>  rN7tvEiDPGNi4fD!@#
<B><font color = 'blue'> .</font></B>  Bangalore
<B><font color = 'blue'> .</font></B>  Php
<B><font color = 'blue'> .</font></B>  fasfsfasfdvdvdvdv  fvsvd
<B><font color = 'blue'> .</font></B>  2021-10-01
<B><font color = 'blue'> .</font></B>  9876543210
<B><font color = 'blue'> .</font></B>  91
<B><font color = 'blue'> .</font></B>  (UTC +05:30) Kolkata, Asia
<B><font color = 'blue'> .</font></B>  Default
<B><font color = 'blue'> .</font></B>  Departmentwise setting
<B><font color = 'blue'> .</font></B>  GLB-124-PC
<B><font color = 'blue'> .</font></B>  2.0.9
<B><font color = 'blue'> .</font></B>  Employee
<B><font color = 'blue'> .</font></B>  
<B><font color = 'blue'> .</font></B>  
<B><font color = 'blue'> .</font></B>  
<B><font color = 'blue'> .</font></B>  
<B><font color = 'blue'> .</font></B>  
<B><font color = 'blue'> .</font></B>  
<B><font color = 'blue'> .</font></B>  
<B><font color = 'blue'> .</font></B>  
<B><font color = 'blue'> .</font></B>  
<B><font color = 'blue'> .</font></B>   sarikajain@gmail.com
<B><font color = 'blue'> .</font></B>  
<B><font color = 'blue'> .</font></B>  
<B><font color = 'blue'> .</font></B>   dom.toretto737@gmail.com, sdgsg@dgksodkg.in
<B><font color = 'blue'> .</font></B>   123@gmail.com, null
<B><font color = 'blue'> .</font></B>  
<B><font color = 'blue'> .</font></B>  
<B><font color = 'blue'> .</font></B>  
<B><font color = 'blue'> .</font></B>  
<B><font color = 'blue'> .</font></B>  
<B><font color = 'blue'> .</font></B>  
<B><font color = 'blue'> .</font></B>  
<B><font color = 'blue'> .</font></B>  
<B><font color = 'blue'> .</font></B>  
<B><font color = 'blue'> .</font></B>  
<B><font color = 'blue'> .</font></B>  
<B><font color = 'blue'> .</font></B>  
<B><font color = 'blue'> .</font></B>  
<B><font color = 'blue'> .</font></B>  
<B><font color = 'blue'> .</font></B>   dsa@eqe, dvbvdb@yahoo.com, sam@rf.in
<B><font color = 'blue'> .</font></B>  dominic
<B><font color = 'blue'> .</font></B>  toretto
<B><font color = 'blue'> .</font></B>  dominic toretto
<B><font color = 'blue'> .</font></B>  
<B><font color = 'blue'> .</font></B>  dom.toretto737@gmail.com
<B><font color = 'blue'> .</font></B>  EMP011
<B><font color = 'blue'> .</font></B>  dom.toretto737@gmail.com
<B><font color = 'blue'> .</font></B>  dom.toretto737@gmail.com
<B><font color = 'blue'> .</font></B>  Bangalore
<B><font color = 'blue'> .</font></B>  Testing
<B><font color = 'blue'> .</font></B>   
<B><font color = 'blue'> .</font></B>  
<B><font color = 'blue'> .</font></B>  
<B><font color = 'blue'> .</font></B>  91
<B><font color = 'blue'> .</font></B>  (UTC +05:30) Kolkata, Asia
<B><font color = 'blue'> .</font></B>  
<B><font color = 'blue'> .</font></B>  Custom
<B><font color = 'blue'> .</font></B>  GLB-110-PC
<B><font color = 'blue'> .</font></B>  2.0.9
<B><font color = 'blue'> .</font></B>  Manager
<B><font color = 'blue'> .</font></B>  
<B><font color = 'blue'> .</font></B>  
<B><font color = 'blue'> .</font></B>  
<B><font color = 'blue'> .</font></B>  
<B><font color = 'blue'> .</font></B>  
<B><font color = 'blue'> .</font></B>  
<B><font color = 'blue'> .</font></B>  
<B><font color = 'blue'> .</font></B>  
<B><font color = 'blue'> .</font></B>  
<B><font color = 'blue'> .</font></B>   sarikajain@gmail.com
<B><font color = 'blue'> .</font></B>   cscsdw123@gmail.com, newtest@gmail.com, test@mac.in, sam@rf.in, testone1234@gmail.com
<B><font color = 'blue'> .</font></B>  
<B><font color = 'blue'> .</font></B>   sdgsg@dgksodkg.in
<B><font color = 'blue'> .</font></B>  
<B><font color = 'blue'> .</font></B>  
<B><font color = 'blue'> .</font></B>  
<B><font color = 'blue'> .</font></B>  
<B><font color = 'blue'> .</font></B>  
<B><font color = 'blue'> .</font></B>  
<B><font color = 'blue'> .</font></B>  
<B><font color = 'blue'> .</font></B>  
<B><font color = 'blue'> .</font></B>  
<B><font color = 'blue'> .</font></B>  
<B><font color = 'blue'> .</font></B>  
<B><font color = 'blue'> .</font></B>  
<B><font color = 'blue'> .</font></B>  
<B><font color = 'blue'> .</font></B>  
<B><font color = 'blue'> .</font></B>  
<B><font color = 'blue'> .</font></B>   dsa@eqe, sam@rf.in
<B><font color = 'blue'> .</font></B>  adg
<B><font color = 'blue'> .</font></B>  ckj
<B><font color = 'blue'> .</font></B>  adg ckj
<B><font color = 'blue'> .</font></B>  
<B><font color = 'blue'> .</font></B>  adcs@1234
<B><font color = 'blue'> .</font></B>  583
<B><font color = 'blue'> .</font></B>  adcs@1234
<B><font color = 'blue'> .</font></B>  qery123!@#jkd
<B><font color = 'blue'> .</font></B>  Bangalore
<B><font color = 'blue'> .</font></B>  Testing
<B><font color = 'blue'> .</font></B>   
<B><font color = 'blue'> .</font></B>  
<B><font color = 'blue'> .</font></B>  
<B><font color = 'blue'> .</font></B>  91
<B><font color = 'blue'> .</font></B>  (UTC +05:30) Kolkata, Asia
<B><font color = 'blue'> .</font></B>  
<B><font color = 'blue'> .</font></B>  Departmentwise setting
<B><font color = 'blue'> .</font></B>  GLB-193-PC
<B><font color = 'blue'> .</font></B>  2.0.8
<B><font color = 'blue'> .</font></B>  Employee
<B><font color = 'blue'> .</font></B>  
<B><font color = 'blue'> .</font></B>  
<B><font color = 'blue'> .</font></B>  
<B><font color = 'blue'> .</font></B>  
<B><font color = 'blue'> .</font></B>  
<B><font color = 'blue'> .</font></B>  
<B><font color = 'blue'> .</font></B>  
<B><font color = 'blue'> .</font></B>  
<B><font color = 'blue'> .</font></B>  
<B><font color = 'blue'> .</font></B>   sarikajain@gmail.com
<B><font color = 'blue'> .</font></B>   cscsdw123@gmail.com, newtest@gmail.com, test@mac.in, sam@rf.in, testone1234@gmail.com
<B><font color = 'blue'> .</font></B>  
<B><font color = 'blue'> .</font></B>   rahulrajt5613928@gmail.com, dom.toretto737@gmail.com, sdgsg@dgksodkg.in
<B><font color = 'blue'> .</font></B>  
<B><font color = 'blue'> .</font></B>  
<B><font color = 'blue'> .</font></B>  
<B><font color = 'blue'> .</font></B>  
<B><font color = 'blue'> .</font></B>  
<B><font color = 'blue'> .</font></B>  
<B><font color = 'blue'> .</font></B>  
<B><font color = 'blue'> .</font></B>  
<B><font color = 'blue'> .</font></B>  
<B><font color = 'blue'> .</font></B>  
<B><font color = 'blue'> .</font></B>  
<B><font color = 'blue'> .</font></B>  
<B><font color = 'blue'> .</font></B>  
<B><font color = 'blue'> .</font></B>  
<B><font color = 'blue'> .</font></B>  
<B><font color = 'blue'> .</font></B>   dsa@eqe, sam@rf.in
<B><font color = 'blue'> .</font></B>  ni
<B><font color = 'blue'> .</font></B>  test
<B><font color = 'blue'> .</font></B>  ni test
<B><font color = 'blue'> .</font></B>  
<B><font color = 'blue'> .</font></B>  nitest12@gmail.com
<B><font color = 'blue'> .</font></B>  GLB678
<B><font color = 'blue'> .</font></B>  nitest12@gmail.com
<B><font color = 'blue'> .</font></B>  nitest@1234
<B><font color = 'blue'> .</font></B>  bengaluru
<B><font color = 'blue'> .</font></B>  Testing
<B><font color = 'blue'> .</font></B>  
<B><font color = 'blue'> .</font></B>  
<B><font color = 'blue'> .</font></B>  8123456789
<B><font color = 'blue'> .</font></B>  91
<B><font color = 'blue'> .</font></B>  (UTC +05:30) Kolkata, Asia
<B><font color = 'blue'> .</font></B>  
<B><font color = 'blue'> .</font></B>  Departmentwise setting
<B><font color = 'blue'> .</font></B>  GLB-124-PC
<B><font color = 'blue'> .</font></B>  2.0.9
<B><font color = 'blue'> .</font></B>  Employee,Manager
<B><font color = 'blue'> .</font></B>  
<B><font color = 'blue'> .</font></B>  
<B><font color = 'blue'> .</font></B>  
<B><font color = 'blue'> .</font></B>  
<B><font color = 'blue'> .</font></B>  
<B><font color = 'blue'> .</font></B>  
<B><font color = 'blue'> .</font></B>  
<B><font color = 'blue'> .</font></B>  
<B><font color = 'blue'> .</font></B>  
<B><font color = 'blue'> .</font></B>   sarikajain@gmail.com
<B><font color = 'blue'> .</font></B>  
<B><font color = 'blue'> .</font></B>  
<B><font color = 'blue'> .</font></B>   rahulrajt5613928@gmail.com, rahukbgdxgsf@gmail.com, dom.toretto737@gmail.com, sdgsg@dgksodkg.in
<B><font color = 'blue'> .</font></B>  
<B><font color = 'blue'> .</font></B>  
<B><font color = 'blue'> .</font></B>  
<B><font color = 'blue'> .</font></B>  
<B><font color = 'blue'> .</font></B>  
<B><font color = 'blue'> .</font></B>  
<B><font color = 'blue'> .</font></B>  
<B><font color = 'blue'> .</font></B>  
<B><font color = 'blue'> .</font></B>  
<B><font color = 'blue'> .</font></B>  
<B><font color = 'blue'> .</font></B>  
<B><font color = 'blue'> .</font></B>  
<B><font color = 'blue'> .</font></B>  
<B><font color = 'blue'> .</font></B>  
<B><font color = 'blue'> .</font></B>  
<B><font color = 'blue'> .</font></B>  
<B><font color = 'blue'> .</font></B>  Abhishe
<B><font color = 'blue'> .</font></B>  tt
<B><font color = 'blue'> .</font></B>  Abhishe tt
<B><font color = 'blue'> .</font></B>  
<B><font color = 'blue'> .</font></B>  ab@ab.com
<B><font color = 'blue'> .</font></B>  GKD567
<B><font color = 'blue'> .</font></B>  ab@ab.com
<B><font color = 'blue'> .</font></B>  CBRx8xhh@
<B><font color = 'blue'> .</font></B>  Bangalore
<B><font color = 'blue'> .</font></B>  Testing
<B><font color = 'blue'> .</font></B>   
<B><font color = 'blue'> .</font></B>  2022-10-19
<B><font color = 'blue'> .</font></B>  9876543210
[...]
<B><font color = 'blue'> .</font></B>  2023-09-10
<B><font color = 'blue'> .</font></B>  9866654394
<B><font color = 'blue'> .</font></B>  91
<B><font color = 'blue'> .</font></B>  (UTC +05:00) Maldives, Indian
<B><font color = 'blue'> .</font></B>  
<B><font color = 'blue'> .</font></B>  Departmentwise setting
<B><font color = 'blue'> .</font></B>  
<B><font color = 'blue'> .</font></B>  
<B><font color = 'blue'> .</font></B>  Manager
<B><font color = 'blue'> .</font></B>  
<B><font color = 'blue'> .</font></B>  
<B><font color = 'blue'> .</font></B>  
<B><font color = 'blue'> .</font></B>  
<B><font color = 'blue'> .</font></B>  
<B><font color = 'blue'> .</font></B>  
<B><font color = 'blue'> .</font></B>  
<B><font color = 'blue'> .</font></B>  
<B><font color = 'blue'> .</font></B>  
<B><font color = 'blue'> .</font></B>   sarikajain@gmail.com
<B><font color = 'blue'> .</font></B>  
<B><font color = 'blue'> .</font></B>   mmmm@gmail.com, try@gmail.com, test@mac.in, sam@rf.in
<B><font color = 'blue'> .</font></B>   dom.toretto737@gmail.com, sdgsg@dgksodkg.in
<B><font color = 'blue'> .</font></B>  
<B><font color = 'blue'> .</font></B>  
<B><font color = 'blue'> .</font></B>  
<B><font color = 'blue'> .</font></B>  
<B><font color = 'blue'> .</font></B>  
<B><font color = 'blue'> .</font></B>  
<B><font color = 'blue'> .</font></B>  
<B><font color = 'blue'> .</font></B>  
<B><font color = 'blue'> .</font></B>  
<B><font color = 'blue'> .</font></B>  
<B><font color = 'blue'> .</font></B>  
<B><font color = 'blue'> .</font></B>  
<B><font color = 'blue'> .</font></B>  
<B><font color = 'blue'> .</font></B>  
<B><font color = 'blue'> .</font></B>  
<B><font color = 'blue'> .</font></B>  
<B><font color = 'blue'> .</font></B>  deffdfds
<B><font color = 'blue'> .</font></B>  vscsc
<B><font color = 'blue'> .</font></B>  deffdfds vscsc
<B><font color = 'blue'> .</font></B>  
<B><font color = 'blue'> .</font></B>  cscsdw123@gmail.com
<B><font color = 'blue'> .</font></B>  1234512
<B><font color = 'blue'> .</font></B>  cscsdw123@gmail.com
<B><font color = 'blue'> .</font></B>  123@Masd
<B><font color = 'blue'> .</font></B>  Bangalore
<B><font color = 'blue'> .</font></B>  Testing
<B><font color = 'blue'> .</font></B>  wefwef
<B><font color = 'blue'> .</font></B>  2022-10-19
<B><font color = 'blue'> .</font></B>  9835447638
<B><font color = 'blue'> .</font></B>  91
<B><font color = 'blue'> .</font></B>  (UTC +05:30) Kolkata, Asia
<B><font color = 'blue'> .</font></B>  full day
<B><font color = 'blue'> .</font></B>  Organaization setting
<B><font color = 'blue'> .</font></B>  
<B><font color = 'blue'> .</font></B>  
<B><font color = 'blue'> .</font></B>  HOD
<B><font color = 'blue'> .</font></B>  
<B><font color = 'blue'> .</font></B>  
<B><font color = 'blue'> .</font></B>  
<B><font color = 'blue'> .</font></B>  
<B><font color = 'blue'> .</font></B>  
<B><font color = 'blue'> .</font></B>  
<B><font color = 'blue'> .</font></B>  
<B><font color = 'blue'> .</font></B>  
<B><font color = 'blue'> .</font></B>  
<B><font color = 'blue'> .</font></B>   sarikajain@gmail.com
<B><font color = 'blue'> .</font></B>   newtest@gmail.com, test@mac.in, sam@rf.in, testone1234@gmail.com
<B><font color = 'blue'> .</font></B>  
<B><font color = 'blue'> .</font></B>   dom.toretto737@gmail.com, sdgsg@dgksodkg.in
<B><font color = 'blue'> .</font></B>  
<B><font color = 'blue'> .</font></B>  
<B><font color = 'blue'> .</font></B>  
<B><font color = 'blue'> .</font></B>  
<B><font color = 'blue'> .</font></B>  
<B><font color = 'blue'> .</font></B>  
<B><font color = 'blue'> .</font></B>  
<B><font color = 'blue'> .</font></B>  
<B><font color = 'blue'> .</font></B>  
<B><font color = 'blue'> .</font></B>  
<B><font color = 'blue'> .</font></B>  
<B><font color = 'blue'> .</font></B>  
<B><font color = 'blue'> .</font></B>  
<B><font color = 'blue'> .</font></B>  
<B><font color = 'blue'> .</font></B>  
<B><font color = 'blue'> .</font></B>   dsa@eqe, sam@rf.in
<B><font color = 'blue'> .</font></B>  R o       hit
<B><font color = 'blue'> .</font></B>  Sharma
<B><font color = 'blue'> .</font></B>  R o       hit Sharma
<B><font color = 'blue'> .</font></B>  
<B><font color = 'blue'> .</font></B>  rahulrajt5613928@gmail.com
<B><font color = 'blue'> .</font></B>  67645
<B><font color = 'blue'> .</font></B>  rahulrajt5613928@gmail.com
<B><font color = 'blue'> .</font></B>  RAhul#39281
<B><font color = 'blue'> .</font></B>  bengaluru
<B><font color = 'blue'> .</font></B>  Testing
<B><font color = 'blue'> .</font></B>  geregss
<B><font color = 'blue'> .</font></B>  
<B><font color = 'blue'> .</font></B>  
<B><font color = 'blue'> .</font></B>  91
<B><font color = 'blue'> .</font></B>  (UTC +05:30) Kolkata, Asia
<B><font color = 'blue'> .</font></B>  full day
<B><font color = 'blue'> .</font></B>  Departmentwise setting
<B><font color = 'blue'> .</font></B>  GLB-193-PC
<B><font color = 'blue'> .</font></B>  2.0.8
<B><font color = 'blue'> .</font></B>  Employee,Manager
<B><font color = 'blue'> .</font></B>  
<B><font color = 'blue'> .</font></B>  
<B><font color = 'blue'> .</font></B>  
<B><font color = 'blue'> .</font></B>  
<B><font color = 'blue'> .</font></B>  
<B><font color = 'blue'> .</font></B>  
<B><font color = 'blue'> .</font></B>  
<B><font color = 'blue'> .</font></B>  
<B><font color = 'blue'> .</font></B>  
<B><font color = 'blue'> .</font></B>   sarikajain@gmail.com
<B><font color = 'blue'> .</font></B>  
<B><font color = 'blue'> .</font></B>  
<B><font color = 'blue'> .</font></B>   dom.toretto737@gmail.com, sdgsg@dgksodkg.in
<B><font color = 'blue'> .</font></B>  
<B><font color = 'blue'> .</font></B>  
<B><font color = 'blue'> .</font></B>  
<B><font color = 'blue'> .</font></B>  
<B><font color = 'blue'> .</font></B>  
<B><font color = 'blue'> .</font></B>  
<B><font color = 'blue'> .</font></B>  
<B><font color = 'blue'> .</font></B>  
<B><font color = 'blue'> .</font></B>  
<B><font color = 'blue'> .</font></B>  
<B><font color = 'blue'> .</font></B>  
<B><font color = 'blue'> .</font></B>  
<B><font color = 'blue'> .</font></B>  
<B><font color = 'blue'> .</font></B>  
<B><font color = 'blue'> .</font></B>  
<B><font color = 'blue'> .</font></B>  
<B><font color = 'blue'> .</font></B>  Test
<B><font color = 'blue'> .</font></B>  msc
<B><font color = 'blue'> .</font></B>  Test msc
<B><font color = 'blue'> .</font></B>  
<B><font color = 'blue'> .</font></B>  test123@gmail.com
<B><font color = 'blue'> .</font></B>  12254
<B><font color = 'blue'> .</font></B>  test123@gmail.com
<B><font color = 'blue'> .</font></B>  123mas@hh
<B><font color = 'blue'> .</font></B>  Bangalore
<B><font color = 'blue'> .</font></B>  Testing
<B><font color = 'blue'> .</font></B>  ftmfgtmmzm
<B><font color = 'blue'> .</font></B>  2022-10-18
<B><font color = 'blue'> .</font></B>  9876543935
<B><font color = 'blue'> .</font></B>  91
<B><font color = 'blue'> .</font></B>  (UTC +05:30) Kolkata, Asia
<B><font color = 'blue'> .</font></B>  
<B><font color = 'blue'> .</font></B>  Departmentwise setting
<B><font color = 'blue'> .</font></B>  GLB-124-PC
<B><font color = 'blue'> .</font></B>  2.0.8
<B><font color = 'blue'> .</font></B>  Manager
<B><font color = 'blue'> .</font></B>  
<B><font color = 'blue'> .</font></B>  
<B><font color = 'blue'> .</font></B>  
<B><font color = 'blue'> .</font></B>  
<B><font color = 'blue'> .</font></B>  
<B><font color = 'blue'> .</font></B>  
<B><font color = 'blue'> .</font></B>  
<B><font color = 'blue'> .</font></B>  
<B><font color = 'blue'> .</font></B>  
<B><font color = 'blue'> .</font></B>   sarikajain@gmail.com
<B><font color = 'blue'> .</font></B>   cscsdw123@gmail.com, newtest@gmail.com, test@mac.in, sam@rf.in, testone1234@gmail.com
<B><font color = 'blue'> .</font></B>  
<B><font color = 'blue'> .</font></B>   dom.toretto737@gmail.com, sdgsg@dgksodkg.in
<B><font color = 'blue'> .</font></B>  
<B><font color = 'blue'> .</font></B>  
<B><font color = 'blue'> .</font></B>  
<B><font color = 'blue'> .</font></B>  
<B><font color = 'blue'> .</font></B>  
<B><font color = 'blue'> .</font></B>  
<B><font color = 'blue'> .</font></B>  
<B><font color = 'blue'> .</font></B>  
<B><font color = 'blue'> .</font></B>  
<B><font color = 'blue'> .</font></B>  
<B><font color = 'blue'> .</font></B>  
<B><font color = 'blue'> .</font></B>  
<B><font color = 'blue'> .</font></B>  
<B><font color = 'blue'> .</font></B>  
<B><font color = 'blue'> .</font></B>  
<B><font color = 'blue'> .</font></B>   dsa@eqe, sam@rf.in
<B><font color = 'blue'> .</font></B>  Himanshu
<B><font color = 'blue'> .</font></B>  Kumar
<B><font color = 'blue'> .</font></B>  Himanshu Kumar
<B><font color = 'blue'> .</font></B>  
<B><font color = 'blue'> .</font></B>  himanshu1@gmail.com
<B><font color = 'blue'> .</font></B>  EM011
<B><font color = 'blue'> .</font></B>  himanshu1@gmail.com
<B><font color = 'blue'> .</font></B>  himanshu1@gmail.com
<B><font color = 'blue'> .</font></B>  bagalkot
<B><font color = 'blue'> .</font></B>  manual testing
<B><font color = 'blue'> .</font></B>   
<B><font color = 'blue'> .</font></B>  
<B><font color = 'blue'> .</font></B>  
<B><font color = 'blue'> .</font></B>  91
<B><font color = 'blue'> .</font></B>  (UTC +05:30) Kolkata, Asia
<B><font color = 'blue'> .</font></B>  
<B><font color = 'blue'> .</font></B>  Departmentwise setting
<B><font color = 'blue'> .</font></B>  GLB-181
<B><font color = 'blue'> .</font></B>  2.0.9
<B><font color = 'blue'> .</font></B>  Team Lead,Employee
<B><font color = 'blue'> .</font></B>  
<B><font color = 'blue'> .</font></B>  
<B><font color = 'blue'> .</font></B>  
<B><font color = 'blue'> .</font></B>  
<B><font color = 'blue'> .</font></B>  
<B><font color = 'blue'> .</font></B>  
<B><font color = 'blue'> .</font></B>  
<B><font color = 'blue'> .</font></B>  
<B><font color = 'blue'> .</font></B>  
<B><font color = 'blue'> .</font></B>   sarikajain@gmail.com
<B><font color = 'blue'> .</font></B>  
<B><font color = 'blue'> .</font></B>  
<B><font color = 'blue'> .</font></B>   dom.toretto737@gmail.com, sdgsg@dgksodkg.in
<B><font color = 'blue'> .</font></B>  
<B><font color = 'blue'> .</font></B>  
<B><font color = 'blue'> .</font></B>  
<B><font color = 'blue'> .</font></B>  
<B><font color = 'blue'> .</font></B>  
<B><font color = 'blue'> .</font></B>  
<B><font color = 'blue'> .</font></B>  
<B><font color = 'blue'> .</font></B>  
<B><font color = 'blue'> .</font></B>  
<B><font color = 'blue'> .</font></B>  
<B><font color = 'blue'> .</font></B>  
<B><font color = 'blue'> .</font></B>  
<B><font color = 'blue'> .</font></B>  
<B><font color = 'blue'> .</font></B>  
<B><font color = 'blue'> .</font></B>  
<B><font color = 'blue'> .</font></B>  
<B><font color = 'blue'> .</font></B>  D Surya
<B><font color = 'blue'> .</font></B>  Prabhakar
<B><font color = 'blue'> .</font></B>  D Surya Prabhakar
<B><font color = 'blue'> .</font></B>  
<B><font color = 'blue'> .</font></B>  surya1@gmail.com
<B><font color = 'blue'> .</font></B>  EM010
<B><font color = 'blue'> .</font></B>  surya1@gmail.com
<B><font color = 'blue'> .</font></B>  Surya1@gmail.com
<B><font color = 'blue'> .</font></B>  bengaluru
<B><font color = 'blue'> .</font></B>  Testing
<B><font color = 'blue'> .</font></B>  
<B><font color = 'blue'> .</font></B>  
<B><font color = 'blue'> .</font></B>  
<B><font color = 'blue'> .</font></B>  
<B><font color = 'blue'> .</font></B>  (UTC +05:30) Kolkata, Asia
<B><font color = 'blue'> .</font></B>  
<B><font color = 'blue'> .</font></B>  Custom
<B><font color = 'blue'> .</font></B>  GLB-110-PC
<B><font color = 'blue'> .</font></B>  2.0.9
<B><font color = 'blue'> .</font></B>  Manager
<B><font color = 'blue'> .</font></B>  
<B><font color = 'blue'> .</font></B>  
<B><font color = 'blue'> .</font></B>  
<B><font color = 'blue'> .</font></B>  
<B><font color = 'blue'> .</font></B>  
<B><font color = 'blue'> .</font></B>  
<B><font color = 'blue'> .</font></B>  
<B><font color = 'blue'> .</font></B>  
<B><font color = 'blue'> .</font></B>  
<B><font color = 'blue'> .</font></B>   sarikajain@gmail.com
<B><font color = 'blue'> .</font></B>  
<B><font color = 'blue'> .</font></B>  
<B><font color = 'blue'> .</font></B>   dom.toretto737@gmail.com, sdgsg@dgksodkg.in
<B><font color = 'blue'> .</font></B>  
<B><font color = 'blue'> .</font></B>  
<B><font color = 'blue'> .</font></B>  
<B><font color = 'blue'> .</font></B>  
<B><font color = 'blue'> .</font></B>  
<B><font color = 'blue'> .</font></B>  
<B><font color = 'blue'> .</font></B>  
<B><font color = 'blue'> .</font></B>  
<B><font color = 'blue'> .</font></B>  
<B><font color = 'blue'> .</font></B>  
<B><font color = 'blue'> .</font></B>  
<B><font color = 'blue'> .</font></B>  
<B><font color = 'blue'> .</font></B>  
<B><font color = 'blue'> .</font></B>  
<B><font color = 'blue'> .</font></B>  
<B><font color = 'blue'> .</font></B>  
<B><font color = 'blue'> .</font></B>  sumesh
<B><font color = 'blue'> .</font></B>  test
<B><font color = 'blue'> .</font></B>  sumesh test
<B><font color = 'blue'> .</font></B>  
<B><font color = 'blue'> .</font></B>  sumesh@mail.com
<B><font color = 'blue'> .</font></B>  fdgfdgf
<B><font color = 'blue'> .</font></B>  sumesh@mail.com
<B><font color = 'blue'> .</font></B>  Manpatha1@
<B><font color = 'blue'> .</font></B>  Bangalore
<B><font color = 'blue'> .</font></B>  Testing
<B><font color = 'blue'> .</font></B>   
<B><font color = 'blue'> .</font></B>  
<B><font color = 'blue'> .</font></B>  
<B><font color = 'blue'> .</font></B>  91
<B><font color = 'blue'> .</font></B>  (UTC +05:30) Kolkata, Asia
<B><font color = 'blue'> .</font></B>  
<B><font color = 'blue'> .</font></B>  Departmentwise setting
<B><font color = 'blue'> .</font></B>  GLB-124-PC
<B><font color = 'blue'> .</font></B>  2.0.8
<B><font color = 'blue'> .</font></B>  Employee
<B><font color = 'blue'> .</font></B>  
<B><font color = 'blue'> .</font></B>  
<B><font color = 'blue'> .</font></B>  
<B><font color = 'blue'> .</font></B>  
<B><font color = 'blue'> .</font></B>  
<B><font color = 'blue'> .</font></B>  
<B><font color = 'blue'> .</font></B>  
<B><font color = 'blue'> .</font></B>  
<B><font color = 'blue'> .</font></B>  
<B><font color = 'blue'> .</font></B>   sarikajain@gmail.com
<B><font color = 'blue'> .</font></B>   cscsdw123@gmail.com, newtest@gmail.com, test@mac.in, sam@rf.in, testone1234@gmail.com
<B><font color = 'blue'> .</font></B>  
<B><font color = 'blue'> .</font></B>   dom.toretto737@gmail.com, sdgsg@dgksodkg.in
<B><font color = 'blue'> .</font></B>  
<B><font color = 'blue'> .</font></B>  
<B><font color = 'blue'> .</font></B>  
<B><font color = 'blue'> .</font></B>  
<B><font color = 'blue'> .</font></B>  
<B><font color = 'blue'> .</font></B>  
<B><font color = 'blue'> .</font></B>  
<B><font color = 'blue'> .</font></B>  
<B><font color = 'blue'> .</font></B>  
<B><font color = 'blue'> .</font></B>  
<B><font color = 'blue'> .</font></B>  
<B><font color = 'blue'> .</font></B>  
<B><font color = 'blue'> .</font></B>  
<B><font color = 'blue'> .</font></B>  
<B><font color = 'blue'> .</font></B>  
<B><font color = 'blue'> .</font></B>   dsa@eqe, sam@rf.in
<B><font color = 'blue'> .</font></B>  surya
<B><font color = 'blue'> .</font></B>  kk
<B><font color = 'blue'> .</font></B>  surya kk
<B><font color = 'blue'> .</font></B>  
<B><font color = 'blue'> .</font></B>  123@gmail.com
<B><font color = 'blue'> .</font></B>  mmmmm
<B><font color = 'blue'> .</font></B>  123@gmail.com
<B><font color = 'blue'> .</font></B>  1232m2@2
<B><font color = 'blue'> .</font></B>  Tamilnadu
<B><font color = 'blue'> .</font></B>  Test and Dev
<B><font color = 'blue'> .</font></B>  ebrhaethtj454q5hq45h45q54
<B><font color = 'blue'> .</font></B>  1989-12-24
<B><font color = 'blue'> .</font></B>  1234558971
<B><font color = 'blue'> .</font></B>  91
<B><font color = 'blue'> .</font></B>  (UTC +05:45) Kathmandu, Asia
<B><font color = 'blue'> .</font></B>  Night Shift 1
<B><font color = 'blue'> .</font></B>  Organaization setting
<B><font color = 'blue'> .</font></B>  GLB-181
<B><font color = 'blue'> .</font></B>  2.0.8
<B><font color = 'blue'> .</font></B>  Manager-HR
<B><font color = 'blue'> .</font></B>  
<B><font color = 'blue'> .</font></B>  
<B><font color = 'blue'> .</font></B>  
<B><font color = 'blue'> .</font></B>  
<B><font color = 'blue'> .</font></B>  
<B><font color = 'blue'> .</font></B>  
<B><font color = 'blue'> .</font></B>  
<B><font color = 'blue'> .</font></B>  
<B><font color = 'blue'> .</font></B>  
<B><font color = 'blue'> .</font></B>   sarikajain@gmail.com
<B><font color = 'blue'> .</font></B>  
<B><font color = 'blue'> .</font></B>   mmmm@gmail.com, try@gmail.com, test@mac.in, sam@rf.in
<B><font color = 'blue'> .</font></B>   dom.toretto737@gmail.com, sdgsg@dgksodkg.in
<B><font color = 'blue'> .</font></B>  
<B><font color = 'blue'> .</font></B>  
<B><font color = 'blue'> .</font></B>  
<B><font color = 'blue'> .</font></B>  
<B><font color = 'blue'> .</font></B>  
<B><font color = 'blue'> .</font></B>  
<B><font color = 'blue'> .</font></B>  
<B><font color = 'blue'> .</font></B>  
<B><font color = 'blue'> .</font></B>  
<B><font color = 'blue'> .</font></B>  
<B><font color = 'blue'> .</font></B>  
<B><font color = 'blue'> .</font></B>  
<B><font color = 'blue'> .</font></B>  
<B><font color = 'blue'> .</font></B>  
<B><font color = 'blue'> .</font></B>  
<B><font color = 'blue'> .</font></B>  
<B><font color = 'blue'> .</font></B>  aaaaaaaaaa
<B><font color = 'blue'> .</font></B>  aaaaaaaaa
<B><font color = 'blue'> .</font></B>  aaaaaaaaaa aaaaaaaaa
<B><font color = 'blue'> .</font></B>  
<B><font color = 'blue'> .</font></B>  mmmm@gmail.com
<B><font color = 'blue'> .</font></B>  80765s
<B><font color = 'blue'> .</font></B>  mmmm@gmail.com
<B><font color = 'blue'> .</font></B>  mass@123
<B><font color = 'blue'> .</font></B>  Bangalore
<B><font color = 'blue'> .</font></B>  Testing
<B><font color = 'blue'> .</font></B>  20-122 Tamilnadu ,chennai
<B><font color = 'blue'> .</font></B>  2022-10-17
<B><font color = 'blue'> .</font></B>  9472827382
<B><font color = 'blue'> .</font></B>  91
<B><font color = 'blue'> .</font></B>  (UTC +05:30) Kolkata, Asia
<B><font color = 'blue'> .</font></B>  Night Shift 1
<B><font color = 'blue'> .</font></B>  Organaization setting
<B><font color = 'blue'> .</font></B>  
<B><font color = 'blue'> .</font></B>  
<B><font color = 'blue'> .</font></B>  HR
<B><font color = 'blue'> .</font></B>  
<B><font color = 'blue'> .</font></B>  
<B><font color = 'blue'> .</font></B>  
<B><font color = 'blue'> .</font></B>  
<B><font color = 'blue'> .</font></B>  
<B><font color = 'blue'> .</font></B>  
<B><font color = 'blue'> .</font></B>  
<B><font color = 'blue'> .</font></B>  
<B><font color = 'blue'> .</font></B>  
<B><font color = 'blue'> .</font></B>   sarikajain@gmail.com
<B><font color = 'blue'> .</font></B>   cscsdw123@gmail.com, newtest@gmail.com, test@mac.in, sam@rf.in, testone1234@gmail.com
<B><font color = 'blue'> .</font></B>  
<B><font color = 'blue'> .</font></B>   dom.toretto737@gmail.com, sdgsg@dgksodkg.in
<B><font color = 'blue'> .</font></B>  
<B><font color = 'blue'> .</font></B>  
<B><font color = 'blue'> .</font></B>  
<B><font color = 'blue'> .</font></B>  
<B><font color = 'blue'> .</font></B>  
<B><font color = 'blue'> .</font></B>  
<B><font color = 'blue'> .</font></B>  
<B><font color = 'blue'> .</font></B>  
<B><font color = 'blue'> .</font></B>  
<B><font color = 'blue'> .</font></B>  
<B><font color = 'blue'> .</font></B>  
<B><font color = 'blue'> .</font></B>  
<B><font color = 'blue'> .</font></B>  
<B><font color = 'blue'> .</font></B>  
<B><font color = 'blue'> .</font></B>  
<B><font color = 'blue'> .</font></B>   dsa@eqe, sam@rf.in]]>
  </system-out>
</testsuite> <!-- com.emp.testcases.AddingFilterModuleTest -->
